{"C:\\Users\\Galuh Alifani\\Documents\\Hacktiv8\\Phase 3\\pelit-server\\app.js": {"path":"C:\\Users\\Galuh Alifani\\Documents\\Hacktiv8\\Phase 3\\pelit-server\\app.js","statementMap":{"0":{"start":{"line":1,"column":0},"end":{"line":3,"column":1}},"1":{"start":{"line":2,"column":2},"end":{"line":2,"column":29}},"2":{"start":{"line":5,"column":16},"end":{"line":5,"column":34}},"3":{"start":{"line":6,"column":13},"end":{"line":6,"column":28}},"4":{"start":{"line":7,"column":12},"end":{"line":7,"column":21}},"5":{"start":{"line":8,"column":13},"end":{"line":8,"column":37}},"6":{"start":{"line":9,"column":15},"end":{"line":9,"column":43}},"7":{"start":{"line":11,"column":0},"end":{"line":11,"column":16}},"8":{"start":{"line":12,"column":0},"end":{"line":12,"column":49}},"9":{"start":{"line":13,"column":0},"end":{"line":13,"column":24}},"10":{"start":{"line":14,"column":0},"end":{"line":14,"column":21}},"11":{"start":{"line":16,"column":0},"end":{"line":16,"column":21}}},"fnMap":{},"branchMap":{"0":{"loc":{"start":{"line":1,"column":0},"end":{"line":3,"column":1}},"type":"if","locations":[{"start":{"line":1,"column":0},"end":{"line":3,"column":1}},{"start":{"line":1,"column":0},"end":{"line":3,"column":1}}],"line":1},"1":{"loc":{"start":{"line":8,"column":13},"end":{"line":8,"column":37}},"type":"binary-expr","locations":[{"start":{"line":8,"column":13},"end":{"line":8,"column":29}},{"start":{"line":8,"column":33},"end":{"line":8,"column":37}}],"line":8}},"s":{"0":7,"1":7,"2":7,"3":7,"4":7,"5":7,"6":7,"7":7,"8":7,"9":7,"10":7,"11":7},"f":{},"b":{"0":[7,0],"1":[7,7]},"_coverageSchema":"1a1c01bbd47fc00a2c39e90264f33305004495a9","hash":"733bcd66cbd06882d14286b572c0f91484f9a86f"}
,"C:\\Users\\Galuh Alifani\\Documents\\Hacktiv8\\Phase 3\\pelit-server\\OCR\\index.js": {"path":"C:\\Users\\Galuh Alifani\\Documents\\Hacktiv8\\Phase 3\\pelit-server\\OCR\\index.js","statementMap":{"0":{"start":{"line":1,"column":18},"end":{"line":1,"column":37}},"1":{"start":{"line":2,"column":18},"end":{"line":2,"column":40}},"2":{"start":{"line":4,"column":0},"end":{"line":12,"column":1}},"3":{"start":{"line":5,"column":4},"end":{"line":11,"column":5}},"4":{"start":{"line":6,"column":21},"end":{"line":6,"column":53}},"5":{"start":{"line":7,"column":8},"end":{"line":7,"column":73}},"6":{"start":{"line":7,"column":19},"end":{"line":7,"column":73}},"7":{"start":{"line":8,"column":8},"end":{"line":8,"column":30}},"8":{"start":{"line":10,"column":8},"end":{"line":10,"column":28}}},"fnMap":{"0":{"name":"(anonymous_0)","decl":{"start":{"line":4,"column":17},"end":{"line":4,"column":18}},"loc":{"start":{"line":4,"column":44},"end":{"line":12,"column":1}},"line":4}},"branchMap":{"0":{"loc":{"start":{"line":7,"column":8},"end":{"line":7,"column":73}},"type":"if","locations":[{"start":{"line":7,"column":8},"end":{"line":7,"column":73}},{"start":{"line":7,"column":8},"end":{"line":7,"column":73}}],"line":7}},"s":{"0":7,"1":7,"2":7,"3":0,"4":0,"5":0,"6":0,"7":0,"8":0},"f":{"0":0},"b":{"0":[0,0]},"_coverageSchema":"1a1c01bbd47fc00a2c39e90264f33305004495a9","hash":"934b8ea4f1643bfcfda46804c814cb19fee59911"}
,"C:\\Users\\Galuh Alifani\\Documents\\Hacktiv8\\Phase 3\\pelit-server\\OCR\\parser.js": {"path":"C:\\Users\\Galuh Alifani\\Documents\\Hacktiv8\\Phase 3\\pelit-server\\OCR\\parser.js","statementMap":{"0":{"start":{"line":27,"column":0},"end":{"line":49,"column":1}},"1":{"start":{"line":32,"column":26},"end":{"line":32,"column":42}},"2":{"start":{"line":33,"column":24},"end":{"line":33,"column":81}},"3":{"start":{"line":33,"column":52},"end":{"line":33,"column":77}},"4":{"start":{"line":34,"column":4},"end":{"line":34,"column":81}},"5":{"start":{"line":35,"column":29},"end":{"line":35,"column":77}},"6":{"start":{"line":36,"column":26},"end":{"line":38,"column":5}},"7":{"start":{"line":40,"column":4},"end":{"line":40,"column":24}}},"fnMap":{"0":{"name":"(anonymous_0)","decl":{"start":{"line":27,"column":17},"end":{"line":27,"column":18}},"loc":{"start":{"line":27,"column":27},"end":{"line":49,"column":1}},"line":27},"1":{"name":"(anonymous_1)","decl":{"start":{"line":33,"column":45},"end":{"line":33,"column":46}},"loc":{"start":{"line":33,"column":52},"end":{"line":33,"column":77}},"line":33}},"branchMap":{},"s":{"0":7,"1":0,"2":0,"3":0,"4":0,"5":0,"6":0,"7":0},"f":{"0":0,"1":0},"b":{},"_coverageSchema":"1a1c01bbd47fc00a2c39e90264f33305004495a9","hash":"c8cbd6ddf847e00f59d1a0ec72c2f027fd2a0532"}
,"C:\\Users\\Galuh Alifani\\Documents\\Hacktiv8\\Phase 3\\pelit-server\\OCR\\tesseract.js": {"path":"C:\\Users\\Galuh Alifani\\Documents\\Hacktiv8\\Phase 3\\pelit-server\\OCR\\tesseract.js","statementMap":{"0":{"start":{"line":1,"column":25},"end":{"line":1,"column":48}},"1":{"start":{"line":3,"column":15},"end":{"line":3,"column":29}},"2":{"start":{"line":5,"column":0},"end":{"line":17,"column":1}},"3":{"start":{"line":6,"column":26},"end":{"line":14,"column":8}},"4":{"start":{"line":7,"column":8},"end":{"line":7,"column":28}},"5":{"start":{"line":8,"column":8},"end":{"line":8,"column":41}},"6":{"start":{"line":9,"column":8},"end":{"line":9,"column":39}},"7":{"start":{"line":10,"column":35},"end":{"line":10,"column":74}},"8":{"start":{"line":11,"column":8},"end":{"line":11,"column":33}},"9":{"start":{"line":13,"column":8},"end":{"line":13,"column":19}},"10":{"start":{"line":16,"column":4},"end":{"line":16,"column":24}}},"fnMap":{"0":{"name":"(anonymous_0)","decl":{"start":{"line":5,"column":17},"end":{"line":5,"column":18}},"loc":{"start":{"line":5,"column":38},"end":{"line":17,"column":1}},"line":5},"1":{"name":"(anonymous_1)","decl":{"start":{"line":6,"column":27},"end":{"line":6,"column":28}},"loc":{"start":{"line":6,"column":39},"end":{"line":14,"column":5}},"line":6}},"branchMap":{},"s":{"0":7,"1":7,"2":7,"3":0,"4":0,"5":0,"6":0,"7":0,"8":0,"9":0,"10":0},"f":{"0":0,"1":0},"b":{},"_coverageSchema":"1a1c01bbd47fc00a2c39e90264f33305004495a9","hash":"6a8f95f6e21e1b1c44931fd28a8f4115ed1d4c70"}
,"C:\\Users\\Galuh Alifani\\Documents\\Hacktiv8\\Phase 3\\pelit-server\\controllers\\controllerAchievement.js": {"path":"C:\\Users\\Galuh Alifani\\Documents\\Hacktiv8\\Phase 3\\pelit-server\\controllers\\controllerAchievement.js","statementMap":{"0":{"start":{"line":1,"column":37},"end":{"line":1,"column":57}},"1":{"start":{"line":5,"column":21},"end":{"line":5,"column":38}},"2":{"start":{"line":6,"column":22},"end":{"line":6,"column":40}},"3":{"start":{"line":7,"column":29},"end":{"line":7,"column":31}},"4":{"start":{"line":9,"column":22},"end":{"line":9,"column":32}},"5":{"start":{"line":11,"column":8},"end":{"line":11,"column":38}},"6":{"start":{"line":12,"column":8},"end":{"line":12,"column":40}},"7":{"start":{"line":13,"column":8},"end":{"line":13,"column":47}},"8":{"start":{"line":14,"column":8},"end":{"line":14,"column":53}},"9":{"start":{"line":15,"column":8},"end":{"line":15,"column":51}},"10":{"start":{"line":17,"column":8},"end":{"line":23,"column":10}},"11":{"start":{"line":19,"column":12},"end":{"line":19,"column":45}},"12":{"start":{"line":22,"column":12},"end":{"line":22,"column":49}},"13":{"start":{"line":27,"column":0},"end":{"line":27,"column":27}}},"fnMap":{"0":{"name":"(anonymous_0)","decl":{"start":{"line":4,"column":4},"end":{"line":4,"column":5}},"loc":{"start":{"line":4,"column":36},"end":{"line":24,"column":5}},"line":4},"1":{"name":"(anonymous_1)","decl":{"start":{"line":18,"column":14},"end":{"line":18,"column":15}},"loc":{"start":{"line":18,"column":29},"end":{"line":20,"column":9}},"line":18},"2":{"name":"(anonymous_2)","decl":{"start":{"line":21,"column":15},"end":{"line":21,"column":16}},"loc":{"start":{"line":21,"column":22},"end":{"line":23,"column":9}},"line":21}},"branchMap":{},"s":{"0":7,"1":1,"2":1,"3":1,"4":1,"5":1,"6":1,"7":1,"8":1,"9":1,"10":1,"11":1,"12":0,"13":7},"f":{"0":1,"1":1,"2":0},"b":{},"_coverageSchema":"1a1c01bbd47fc00a2c39e90264f33305004495a9","hash":"53c6ecc6936399a6b414a4ef92ced3a70e461443"}
,"C:\\Users\\Galuh Alifani\\Documents\\Hacktiv8\\Phase 3\\pelit-server\\controllers\\controllerBadge.js": {"path":"C:\\Users\\Galuh Alifani\\Documents\\Hacktiv8\\Phase 3\\pelit-server\\controllers\\controllerBadge.js","statementMap":{"0":{"start":{"line":1,"column":24},"end":{"line":1,"column":44}},"1":{"start":{"line":5,"column":8},"end":{"line":14,"column":10}},"2":{"start":{"line":10,"column":12},"end":{"line":10,"column":40}},"3":{"start":{"line":13,"column":12},"end":{"line":13,"column":49}},"4":{"start":{"line":18,"column":22},"end":{"line":18,"column":40}},"5":{"start":{"line":20,"column":8},"end":{"line":31,"column":10}},"6":{"start":{"line":27,"column":12},"end":{"line":27,"column":42}},"7":{"start":{"line":30,"column":12},"end":{"line":30,"column":49}},"8":{"start":{"line":35,"column":0},"end":{"line":35,"column":27}}},"fnMap":{"0":{"name":"(anonymous_0)","decl":{"start":{"line":4,"column":4},"end":{"line":4,"column":5}},"loc":{"start":{"line":4,"column":34},"end":{"line":15,"column":5}},"line":4},"1":{"name":"(anonymous_1)","decl":{"start":{"line":9,"column":14},"end":{"line":9,"column":15}},"loc":{"start":{"line":9,"column":24},"end":{"line":11,"column":9}},"line":9},"2":{"name":"(anonymous_2)","decl":{"start":{"line":12,"column":15},"end":{"line":12,"column":16}},"loc":{"start":{"line":12,"column":22},"end":{"line":14,"column":9}},"line":12},"3":{"name":"(anonymous_3)","decl":{"start":{"line":17,"column":4},"end":{"line":17,"column":5}},"loc":{"start":{"line":17,"column":34},"end":{"line":32,"column":5}},"line":17},"4":{"name":"(anonymous_4)","decl":{"start":{"line":26,"column":14},"end":{"line":26,"column":15}},"loc":{"start":{"line":26,"column":23},"end":{"line":28,"column":9}},"line":26},"5":{"name":"(anonymous_5)","decl":{"start":{"line":29,"column":15},"end":{"line":29,"column":16}},"loc":{"start":{"line":29,"column":22},"end":{"line":31,"column":9}},"line":29}},"branchMap":{},"s":{"0":7,"1":1,"2":1,"3":0,"4":1,"5":1,"6":1,"7":0,"8":7},"f":{"0":1,"1":1,"2":0,"3":1,"4":1,"5":0},"b":{},"_coverageSchema":"1a1c01bbd47fc00a2c39e90264f33305004495a9","hash":"07c57d4dcb88283b7d281ea24d5ac2cc9fbfccc5"}
,"C:\\Users\\Galuh Alifani\\Documents\\Hacktiv8\\Phase 3\\pelit-server\\controllers\\controllerTarget.js": {"path":"C:\\Users\\Galuh Alifani\\Documents\\Hacktiv8\\Phase 3\\pelit-server\\controllers\\controllerTarget.js","statementMap":{"0":{"start":{"line":1,"column":25},"end":{"line":1,"column":45}},"1":{"start":{"line":5,"column":21},"end":{"line":5,"column":38}},"2":{"start":{"line":7,"column":8},"end":{"line":19,"column":10}},"3":{"start":{"line":15,"column":12},"end":{"line":15,"column":41}},"4":{"start":{"line":18,"column":12},"end":{"line":18,"column":49}},"5":{"start":{"line":23,"column":21},"end":{"line":23,"column":38}},"6":{"start":{"line":25,"column":8},"end":{"line":38,"column":10}},"7":{"start":{"line":34,"column":12},"end":{"line":34,"column":41}},"8":{"start":{"line":37,"column":12},"end":{"line":37,"column":49}},"9":{"start":{"line":42,"column":21},"end":{"line":42,"column":38}},"10":{"start":{"line":44,"column":24},"end":{"line":44,"column":26}},"11":{"start":{"line":45,"column":8},"end":{"line":45,"column":33}},"12":{"start":{"line":46,"column":8},"end":{"line":46,"column":48}},"13":{"start":{"line":47,"column":8},"end":{"line":47,"column":44}},"14":{"start":{"line":48,"column":8},"end":{"line":48,"column":56}},"15":{"start":{"line":49,"column":8},"end":{"line":49,"column":33}},"16":{"start":{"line":51,"column":8},"end":{"line":71,"column":10}},"17":{"start":{"line":60,"column":12},"end":{"line":70,"column":13}},"18":{"start":{"line":61,"column":16},"end":{"line":61,"column":113}},"19":{"start":{"line":63,"column":16},"end":{"line":69,"column":18}},"20":{"start":{"line":65,"column":20},"end":{"line":65,"column":48}},"21":{"start":{"line":68,"column":20},"end":{"line":68,"column":57}},"22":{"start":{"line":75,"column":21},"end":{"line":75,"column":38}},"23":{"start":{"line":77,"column":27},"end":{"line":77,"column":29}},"24":{"start":{"line":78,"column":8},"end":{"line":78,"column":36}},"25":{"start":{"line":79,"column":8},"end":{"line":79,"column":51}},"26":{"start":{"line":80,"column":8},"end":{"line":80,"column":47}},"27":{"start":{"line":81,"column":8},"end":{"line":81,"column":59}},"28":{"start":{"line":82,"column":8},"end":{"line":82,"column":36}},"29":{"start":{"line":84,"column":8},"end":{"line":95,"column":10}},"30":{"start":{"line":91,"column":12},"end":{"line":91,"column":63}},"31":{"start":{"line":94,"column":12},"end":{"line":94,"column":49}},"32":{"start":{"line":99,"column":21},"end":{"line":99,"column":38}},"33":{"start":{"line":101,"column":8},"end":{"line":112,"column":10}},"34":{"start":{"line":108,"column":12},"end":{"line":108,"column":61}},"35":{"start":{"line":111,"column":12},"end":{"line":111,"column":49}},"36":{"start":{"line":116,"column":23},"end":{"line":116,"column":42}},"37":{"start":{"line":118,"column":8},"end":{"line":128,"column":10}},"38":{"start":{"line":124,"column":12},"end":{"line":124,"column":78}},"39":{"start":{"line":127,"column":12},"end":{"line":127,"column":49}},"40":{"start":{"line":132,"column":0},"end":{"line":132,"column":27}}},"fnMap":{"0":{"name":"(anonymous_0)","decl":{"start":{"line":4,"column":4},"end":{"line":4,"column":5}},"loc":{"start":{"line":4,"column":37},"end":{"line":20,"column":5}},"line":4},"1":{"name":"(anonymous_1)","decl":{"start":{"line":14,"column":14},"end":{"line":14,"column":15}},"loc":{"start":{"line":14,"column":25},"end":{"line":16,"column":9}},"line":14},"2":{"name":"(anonymous_2)","decl":{"start":{"line":17,"column":15},"end":{"line":17,"column":16}},"loc":{"start":{"line":17,"column":22},"end":{"line":19,"column":9}},"line":17},"3":{"name":"(anonymous_3)","decl":{"start":{"line":22,"column":4},"end":{"line":22,"column":5}},"loc":{"start":{"line":22,"column":43},"end":{"line":39,"column":5}},"line":22},"4":{"name":"(anonymous_4)","decl":{"start":{"line":33,"column":14},"end":{"line":33,"column":15}},"loc":{"start":{"line":33,"column":25},"end":{"line":35,"column":9}},"line":33},"5":{"name":"(anonymous_5)","decl":{"start":{"line":36,"column":15},"end":{"line":36,"column":16}},"loc":{"start":{"line":36,"column":22},"end":{"line":38,"column":9}},"line":36},"6":{"name":"(anonymous_6)","decl":{"start":{"line":41,"column":4},"end":{"line":41,"column":5}},"loc":{"start":{"line":41,"column":37},"end":{"line":72,"column":5}},"line":41},"7":{"name":"(anonymous_7)","decl":{"start":{"line":59,"column":14},"end":{"line":59,"column":15}},"loc":{"start":{"line":59,"column":25},"end":{"line":71,"column":9}},"line":59},"8":{"name":"(anonymous_8)","decl":{"start":{"line":64,"column":22},"end":{"line":64,"column":23}},"loc":{"start":{"line":64,"column":32},"end":{"line":66,"column":17}},"line":64},"9":{"name":"(anonymous_9)","decl":{"start":{"line":67,"column":23},"end":{"line":67,"column":24}},"loc":{"start":{"line":67,"column":30},"end":{"line":69,"column":17}},"line":67},"10":{"name":"(anonymous_10)","decl":{"start":{"line":74,"column":4},"end":{"line":74,"column":5}},"loc":{"start":{"line":74,"column":44},"end":{"line":96,"column":5}},"line":74},"11":{"name":"(anonymous_11)","decl":{"start":{"line":90,"column":14},"end":{"line":90,"column":15}},"loc":{"start":{"line":90,"column":20},"end":{"line":92,"column":9}},"line":90},"12":{"name":"(anonymous_12)","decl":{"start":{"line":93,"column":15},"end":{"line":93,"column":16}},"loc":{"start":{"line":93,"column":22},"end":{"line":95,"column":9}},"line":93},"13":{"name":"(anonymous_13)","decl":{"start":{"line":98,"column":4},"end":{"line":98,"column":5}},"loc":{"start":{"line":98,"column":50},"end":{"line":113,"column":5}},"line":98},"14":{"name":"(anonymous_14)","decl":{"start":{"line":107,"column":14},"end":{"line":107,"column":15}},"loc":{"start":{"line":107,"column":20},"end":{"line":109,"column":9}},"line":107},"15":{"name":"(anonymous_15)","decl":{"start":{"line":110,"column":15},"end":{"line":110,"column":16}},"loc":{"start":{"line":110,"column":22},"end":{"line":112,"column":9}},"line":110},"16":{"name":"(anonymous_16)","decl":{"start":{"line":115,"column":4},"end":{"line":115,"column":5}},"loc":{"start":{"line":115,"column":38},"end":{"line":129,"column":5}},"line":115},"17":{"name":"(anonymous_17)","decl":{"start":{"line":123,"column":14},"end":{"line":123,"column":15}},"loc":{"start":{"line":123,"column":20},"end":{"line":125,"column":9}},"line":123},"18":{"name":"(anonymous_18)","decl":{"start":{"line":126,"column":15},"end":{"line":126,"column":16}},"loc":{"start":{"line":126,"column":22},"end":{"line":128,"column":9}},"line":126}},"branchMap":{"0":{"loc":{"start":{"line":60,"column":12},"end":{"line":70,"column":13}},"type":"if","locations":[{"start":{"line":60,"column":12},"end":{"line":70,"column":13}},{"start":{"line":60,"column":12},"end":{"line":70,"column":13}}],"line":60}},"s":{"0":7,"1":1,"2":1,"3":1,"4":0,"5":1,"6":1,"7":1,"8":0,"9":2,"10":2,"11":2,"12":2,"13":2,"14":2,"15":2,"16":2,"17":2,"18":1,"19":1,"20":1,"21":0,"22":0,"23":0,"24":0,"25":0,"26":0,"27":0,"28":0,"29":0,"30":0,"31":0,"32":1,"33":1,"34":1,"35":0,"36":0,"37":0,"38":0,"39":0,"40":7},"f":{"0":1,"1":1,"2":0,"3":1,"4":1,"5":0,"6":2,"7":2,"8":1,"9":0,"10":0,"11":0,"12":0,"13":1,"14":1,"15":0,"16":0,"17":0,"18":0},"b":{"0":[1,1]},"_coverageSchema":"1a1c01bbd47fc00a2c39e90264f33305004495a9","hash":"f290e60511633cc62effaca5d4a8c59b5e163aa4"}
,"C:\\Users\\Galuh Alifani\\Documents\\Hacktiv8\\Phase 3\\pelit-server\\controllers\\loginController.js": {"path":"C:\\Users\\Galuh Alifani\\Documents\\Hacktiv8\\Phase 3\\pelit-server\\controllers\\loginController.js","statementMap":{"0":{"start":{"line":1,"column":45},"end":{"line":1,"column":65}},"1":{"start":{"line":2,"column":28},"end":{"line":2,"column":64}},"2":{"start":{"line":3,"column":24},"end":{"line":3,"column":58}},"3":{"start":{"line":7,"column":32},"end":{"line":7,"column":40}},"4":{"start":{"line":8,"column":4},"end":{"line":58,"column":9}},"5":{"start":{"line":15,"column":8},"end":{"line":53,"column":9}},"6":{"start":{"line":16,"column":10},"end":{"line":50,"column":11}},"7":{"start":{"line":17,"column":33},"end":{"line":20,"column":14}},"8":{"start":{"line":21,"column":31},"end":{"line":21,"column":32}},"9":{"start":{"line":22,"column":30},"end":{"line":22,"column":31}},"10":{"start":{"line":23,"column":16},"end":{"line":29,"column":17}},"11":{"start":{"line":23,"column":29},"end":{"line":23,"column":30}},"12":{"start":{"line":24,"column":20},"end":{"line":28,"column":21}},"13":{"start":{"line":25,"column":24},"end":{"line":25,"column":67}},"14":{"start":{"line":27,"column":24},"end":{"line":27,"column":66}},"15":{"start":{"line":30,"column":12},"end":{"line":47,"column":15}},"16":{"start":{"line":49,"column":12},"end":{"line":49,"column":70}},"17":{"start":{"line":52,"column":10},"end":{"line":52,"column":68}},"18":{"start":{"line":56,"column":8},"end":{"line":56,"column":25}},"19":{"start":{"line":57,"column":8},"end":{"line":57,"column":67}},"20":{"start":{"line":62,"column":0},"end":{"line":62,"column":33}}},"fnMap":{"0":{"name":"(anonymous_0)","decl":{"start":{"line":6,"column":2},"end":{"line":6,"column":3}},"loc":{"start":{"line":6,"column":35},"end":{"line":59,"column":3}},"line":6},"1":{"name":"(anonymous_1)","decl":{"start":{"line":14,"column":12},"end":{"line":14,"column":13}},"loc":{"start":{"line":14,"column":22},"end":{"line":54,"column":7}},"line":14},"2":{"name":"(anonymous_2)","decl":{"start":{"line":55,"column":13},"end":{"line":55,"column":14}},"loc":{"start":{"line":55,"column":22},"end":{"line":58,"column":7}},"line":55}},"branchMap":{"0":{"loc":{"start":{"line":15,"column":8},"end":{"line":53,"column":9}},"type":"if","locations":[{"start":{"line":15,"column":8},"end":{"line":53,"column":9}},{"start":{"line":15,"column":8},"end":{"line":53,"column":9}}],"line":15},"1":{"loc":{"start":{"line":16,"column":10},"end":{"line":50,"column":11}},"type":"if","locations":[{"start":{"line":16,"column":10},"end":{"line":50,"column":11}},{"start":{"line":16,"column":10},"end":{"line":50,"column":11}}],"line":16},"2":{"loc":{"start":{"line":24,"column":20},"end":{"line":28,"column":21}},"type":"if","locations":[{"start":{"line":24,"column":20},"end":{"line":28,"column":21}},{"start":{"line":24,"column":20},"end":{"line":28,"column":21}}],"line":24}},"s":{"0":7,"1":7,"2":7,"3":3,"4":3,"5":3,"6":3,"7":1,"8":1,"9":1,"10":1,"11":1,"12":0,"13":0,"14":0,"15":1,"16":2,"17":0,"18":0,"19":0,"20":7},"f":{"0":3,"1":3,"2":0},"b":{"0":[3,0],"1":[1,2],"2":[0,0]},"_coverageSchema":"1a1c01bbd47fc00a2c39e90264f33305004495a9","hash":"63dfaa6704f635f6ff5a6fc75d406e5a57dbea7d"}
,"C:\\Users\\Galuh Alifani\\Documents\\Hacktiv8\\Phase 3\\pelit-server\\controllers\\ocrController.js": {"path":"C:\\Users\\Galuh Alifani\\Documents\\Hacktiv8\\Phase 3\\pelit-server\\controllers\\ocrController.js","statementMap":{"0":{"start":{"line":1,"column":18},"end":{"line":1,"column":35}},"1":{"start":{"line":5,"column":29},"end":{"line":5,"column":37}},"2":{"start":{"line":7,"column":8},"end":{"line":14,"column":14}},"3":{"start":{"line":9,"column":16},"end":{"line":9,"column":48}},"4":{"start":{"line":12,"column":16},"end":{"line":12,"column":34}},"5":{"start":{"line":13,"column":16},"end":{"line":13,"column":57}},"6":{"start":{"line":21,"column":0},"end":{"line":21,"column":30}}},"fnMap":{"0":{"name":"(anonymous_0)","decl":{"start":{"line":4,"column":4},"end":{"line":4,"column":5}},"loc":{"start":{"line":4,"column":29},"end":{"line":19,"column":5}},"line":4},"1":{"name":"(anonymous_1)","decl":{"start":{"line":8,"column":18},"end":{"line":8,"column":19}},"loc":{"start":{"line":8,"column":32},"end":{"line":10,"column":13}},"line":8},"2":{"name":"(anonymous_2)","decl":{"start":{"line":11,"column":19},"end":{"line":11,"column":20}},"loc":{"start":{"line":11,"column":26},"end":{"line":14,"column":13}},"line":11}},"branchMap":{},"s":{"0":7,"1":0,"2":0,"3":0,"4":0,"5":0,"6":7},"f":{"0":0,"1":0,"2":0},"b":{},"_coverageSchema":"1a1c01bbd47fc00a2c39e90264f33305004495a9","hash":"cc08df46af25f7b8d307b61a2b9a6b233d0088e2"}
,"C:\\Users\\Galuh Alifani\\Documents\\Hacktiv8\\Phase 3\\pelit-server\\controllers\\registerControlller.js": {"path":"C:\\Users\\Galuh Alifani\\Documents\\Hacktiv8\\Phase 3\\pelit-server\\controllers\\registerControlller.js","statementMap":{"0":{"start":{"line":1,"column":17},"end":{"line":1,"column":37}},"1":{"start":{"line":5,"column":42},"end":{"line":5,"column":50}},"2":{"start":{"line":6,"column":4},"end":{"line":35,"column":9}},"3":{"start":{"line":15,"column":8},"end":{"line":22,"column":11}},"4":{"start":{"line":25,"column":21},"end":{"line":25,"column":23}},"5":{"start":{"line":26,"column":8},"end":{"line":34,"column":9}},"6":{"start":{"line":30,"column":10},"end":{"line":30,"column":52}},"7":{"start":{"line":30,"column":41},"end":{"line":30,"column":50}},"8":{"start":{"line":31,"column":10},"end":{"line":31,"column":52}},"9":{"start":{"line":33,"column":10},"end":{"line":33,"column":69}},"10":{"start":{"line":39,"column":0},"end":{"line":39,"column":36}}},"fnMap":{"0":{"name":"(anonymous_0)","decl":{"start":{"line":4,"column":2},"end":{"line":4,"column":3}},"loc":{"start":{"line":4,"column":38},"end":{"line":36,"column":3}},"line":4},"1":{"name":"(anonymous_1)","decl":{"start":{"line":14,"column":12},"end":{"line":14,"column":13}},"loc":{"start":{"line":14,"column":22},"end":{"line":23,"column":7}},"line":14},"2":{"name":"(anonymous_2)","decl":{"start":{"line":24,"column":13},"end":{"line":24,"column":14}},"loc":{"start":{"line":24,"column":22},"end":{"line":35,"column":7}},"line":24},"3":{"name":"(anonymous_3)","decl":{"start":{"line":30,"column":34},"end":{"line":30,"column":35}},"loc":{"start":{"line":30,"column":41},"end":{"line":30,"column":50}},"line":30}},"branchMap":{"0":{"loc":{"start":{"line":26,"column":8},"end":{"line":34,"column":9}},"type":"if","locations":[{"start":{"line":26,"column":8},"end":{"line":34,"column":9}},{"start":{"line":26,"column":8},"end":{"line":34,"column":9}}],"line":26},"1":{"loc":{"start":{"line":27,"column":10},"end":{"line":28,"column":49}},"type":"binary-expr","locations":[{"start":{"line":27,"column":10},"end":{"line":27,"column":55}},{"start":{"line":28,"column":10},"end":{"line":28,"column":49}}],"line":27}},"s":{"0":7,"1":8,"2":8,"3":1,"4":7,"5":7,"6":7,"7":10,"8":7,"9":0,"10":7},"f":{"0":8,"1":1,"2":7,"3":10},"b":{"0":[7,0],"1":[7,7]},"_coverageSchema":"1a1c01bbd47fc00a2c39e90264f33305004495a9","hash":"1d52d9818106068920e5dd2188cba7e7fd05470d"}
,"C:\\Users\\Galuh Alifani\\Documents\\Hacktiv8\\Phase 3\\pelit-server\\controllers\\transactions.js": {"path":"C:\\Users\\Galuh Alifani\\Documents\\Hacktiv8\\Phase 3\\pelit-server\\controllers\\transactions.js","statementMap":{"0":{"start":{"line":1,"column":39},"end":{"line":1,"column":59}},"1":{"start":{"line":2,"column":18},"end":{"line":2,"column":38}},"2":{"start":{"line":3,"column":11},"end":{"line":3,"column":23}},"3":{"start":{"line":20,"column":17},"end":{"line":20,"column":35}},"4":{"start":{"line":22,"column":4},"end":{"line":32,"column":9}},"5":{"start":{"line":28,"column":8},"end":{"line":28,"column":35}},"6":{"start":{"line":31,"column":8},"end":{"line":31,"column":47}},"7":{"start":{"line":36,"column":17},"end":{"line":36,"column":35}},"8":{"start":{"line":37,"column":15},"end":{"line":37,"column":30}},"9":{"start":{"line":38,"column":16},"end":{"line":38,"column":31}},"10":{"start":{"line":40,"column":4},"end":{"line":62,"column":9}},"11":{"start":{"line":48,"column":8},"end":{"line":51,"column":10}},"12":{"start":{"line":49,"column":10},"end":{"line":49,"column":58}},"13":{"start":{"line":50,"column":10},"end":{"line":50,"column":20}},"14":{"start":{"line":53,"column":20},"end":{"line":53,"column":21}},"15":{"start":{"line":54,"column":8},"end":{"line":56,"column":9}},"16":{"start":{"line":54,"column":21},"end":{"line":54,"column":22}},"17":{"start":{"line":55,"column":10},"end":{"line":55,"column":33}},"18":{"start":{"line":58,"column":8},"end":{"line":58,"column":46}},"19":{"start":{"line":61,"column":8},"end":{"line":61,"column":47}},"20":{"start":{"line":67,"column":17},"end":{"line":67,"column":35}},"21":{"start":{"line":68,"column":19},"end":{"line":68,"column":34}},"22":{"start":{"line":70,"column":4},"end":{"line":131,"column":9}},"23":{"start":{"line":78,"column":20},"end":{"line":78,"column":22}},"24":{"start":{"line":79,"column":19},"end":{"line":79,"column":23}},"25":{"start":{"line":80,"column":8},"end":{"line":126,"column":10}},"26":{"start":{"line":81,"column":10},"end":{"line":81,"column":58}},"27":{"start":{"line":82,"column":10},"end":{"line":105,"column":11}},"28":{"start":{"line":83,"column":12},"end":{"line":102,"column":13}},"29":{"start":{"line":83,"column":25},"end":{"line":83,"column":26}},"30":{"start":{"line":84,"column":14},"end":{"line":101,"column":15}},"31":{"start":{"line":85,"column":16},"end":{"line":85,"column":27}},"32":{"start":{"line":86,"column":16},"end":{"line":86,"column":44}},"33":{"start":{"line":87,"column":16},"end":{"line":98,"column":18}},"34":{"start":{"line":100,"column":16},"end":{"line":100,"column":28}},"35":{"start":{"line":104,"column":12},"end":{"line":104,"column":24}},"36":{"start":{"line":107,"column":10},"end":{"line":124,"column":11}},"37":{"start":{"line":108,"column":12},"end":{"line":123,"column":14}},"38":{"start":{"line":125,"column":10},"end":{"line":125,"column":20}},"39":{"start":{"line":127,"column":8},"end":{"line":127,"column":36}},"40":{"start":{"line":130,"column":8},"end":{"line":130,"column":47}},"41":{"start":{"line":136,"column":17},"end":{"line":136,"column":35}},"42":{"start":{"line":137,"column":19},"end":{"line":137,"column":34}},"43":{"start":{"line":139,"column":4},"end":{"line":200,"column":9}},"44":{"start":{"line":147,"column":20},"end":{"line":147,"column":22}},"45":{"start":{"line":148,"column":19},"end":{"line":148,"column":23}},"46":{"start":{"line":149,"column":8},"end":{"line":194,"column":10}},"47":{"start":{"line":150,"column":10},"end":{"line":150,"column":58}},"48":{"start":{"line":151,"column":10},"end":{"line":173,"column":11}},"49":{"start":{"line":152,"column":12},"end":{"line":170,"column":13}},"50":{"start":{"line":152,"column":25},"end":{"line":152,"column":26}},"51":{"start":{"line":153,"column":14},"end":{"line":169,"column":15}},"52":{"start":{"line":154,"column":16},"end":{"line":154,"column":27}},"53":{"start":{"line":155,"column":16},"end":{"line":155,"column":44}},"54":{"start":{"line":156,"column":16},"end":{"line":166,"column":18}},"55":{"start":{"line":168,"column":16},"end":{"line":168,"column":28}},"56":{"start":{"line":172,"column":12},"end":{"line":172,"column":24}},"57":{"start":{"line":175,"column":10},"end":{"line":192,"column":11}},"58":{"start":{"line":176,"column":12},"end":{"line":191,"column":14}},"59":{"start":{"line":193,"column":10},"end":{"line":193,"column":20}},"60":{"start":{"line":196,"column":8},"end":{"line":196,"column":36}},"61":{"start":{"line":199,"column":8},"end":{"line":199,"column":47}},"62":{"start":{"line":205,"column":20},"end":{"line":205,"column":38}},"63":{"start":{"line":206,"column":18},"end":{"line":206,"column":34}},"64":{"start":{"line":207,"column":17},"end":{"line":207,"column":35}},"65":{"start":{"line":211,"column":4},"end":{"line":237,"column":9}},"66":{"start":{"line":220,"column":8},"end":{"line":220,"column":35}},"67":{"start":{"line":221,"column":8},"end":{"line":224,"column":10}},"68":{"start":{"line":222,"column":10},"end":{"line":222,"column":58}},"69":{"start":{"line":223,"column":10},"end":{"line":223,"column":20}},"70":{"start":{"line":226,"column":21},"end":{"line":226,"column":22}},"71":{"start":{"line":227,"column":8},"end":{"line":229,"column":9}},"72":{"start":{"line":227,"column":21},"end":{"line":227,"column":22}},"73":{"start":{"line":228,"column":10},"end":{"line":228,"column":45}},"74":{"start":{"line":231,"column":8},"end":{"line":233,"column":58}},"75":{"start":{"line":236,"column":8},"end":{"line":236,"column":47}},"76":{"start":{"line":241,"column":20},"end":{"line":241,"column":38}},"77":{"start":{"line":242,"column":18},"end":{"line":242,"column":34}},"78":{"start":{"line":243,"column":17},"end":{"line":243,"column":35}},"79":{"start":{"line":244,"column":15},"end":{"line":244,"column":30}},"80":{"start":{"line":248,"column":4},"end":{"line":277,"column":9}},"81":{"start":{"line":258,"column":8},"end":{"line":258,"column":35}},"82":{"start":{"line":259,"column":8},"end":{"line":262,"column":10}},"83":{"start":{"line":260,"column":10},"end":{"line":260,"column":58}},"84":{"start":{"line":261,"column":10},"end":{"line":261,"column":20}},"85":{"start":{"line":264,"column":21},"end":{"line":264,"column":22}},"86":{"start":{"line":265,"column":8},"end":{"line":265,"column":43}},"87":{"start":{"line":266,"column":8},"end":{"line":269,"column":9}},"88":{"start":{"line":266,"column":21},"end":{"line":266,"column":22}},"89":{"start":{"line":267,"column":10},"end":{"line":267,"column":48}},"90":{"start":{"line":268,"column":10},"end":{"line":268,"column":45}},"91":{"start":{"line":271,"column":8},"end":{"line":273,"column":58}},"92":{"start":{"line":276,"column":8},"end":{"line":276,"column":47}},"93":{"start":{"line":281,"column":17},"end":{"line":281,"column":34}},"94":{"start":{"line":282,"column":60},"end":{"line":282,"column":68}},"95":{"start":{"line":284,"column":24},"end":{"line":284,"column":43}},"96":{"start":{"line":285,"column":17},"end":{"line":285,"column":31}},"97":{"start":{"line":286,"column":18},"end":{"line":286,"column":32}},"98":{"start":{"line":287,"column":17},"end":{"line":287,"column":31}},"99":{"start":{"line":288,"column":4},"end":{"line":310,"column":5}},"100":{"start":{"line":289,"column":22},"end":{"line":301,"column":8}},"101":{"start":{"line":303,"column":6},"end":{"line":305,"column":9}},"102":{"start":{"line":306,"column":6},"end":{"line":306,"column":36}},"103":{"start":{"line":308,"column":6},"end":{"line":308,"column":27}},"104":{"start":{"line":309,"column":6},"end":{"line":309,"column":47}},"105":{"start":{"line":314,"column":26},"end":{"line":314,"column":51}},"106":{"start":{"line":316,"column":62},"end":{"line":316,"column":70}},"107":{"start":{"line":317,"column":42},"end":{"line":317,"column":51}},"108":{"start":{"line":319,"column":4},"end":{"line":359,"column":5}},"109":{"start":{"line":320,"column":29},"end":{"line":320,"column":84}},"110":{"start":{"line":321,"column":6},"end":{"line":322,"column":74}},"111":{"start":{"line":322,"column":8},"end":{"line":322,"column":74}},"112":{"start":{"line":324,"column":21},"end":{"line":324,"column":42}},"113":{"start":{"line":325,"column":27},"end":{"line":325,"column":68}},"114":{"start":{"line":327,"column":6},"end":{"line":331,"column":7}},"115":{"start":{"line":329,"column":8},"end":{"line":330,"column":72}},"116":{"start":{"line":333,"column":6},"end":{"line":349,"column":8}},"117":{"start":{"line":351,"column":6},"end":{"line":351,"column":32}},"118":{"start":{"line":352,"column":6},"end":{"line":354,"column":9}},"119":{"start":{"line":355,"column":6},"end":{"line":355,"column":50}},"120":{"start":{"line":357,"column":6},"end":{"line":357,"column":27}},"121":{"start":{"line":358,"column":6},"end":{"line":358,"column":47}},"122":{"start":{"line":363,"column":26},"end":{"line":363,"column":51}},"123":{"start":{"line":364,"column":4},"end":{"line":385,"column":5}},"124":{"start":{"line":365,"column":34},"end":{"line":365,"column":89}},"125":{"start":{"line":366,"column":6},"end":{"line":367,"column":74}},"126":{"start":{"line":367,"column":8},"end":{"line":367,"column":74}},"127":{"start":{"line":368,"column":21},"end":{"line":368,"column":47}},"128":{"start":{"line":371,"column":27},"end":{"line":371,"column":68}},"129":{"start":{"line":372,"column":6},"end":{"line":372,"column":65}},"130":{"start":{"line":373,"column":6},"end":{"line":373,"column":26}},"131":{"start":{"line":376,"column":6},"end":{"line":376,"column":36}},"132":{"start":{"line":378,"column":6},"end":{"line":380,"column":9}},"133":{"start":{"line":381,"column":6},"end":{"line":381,"column":50}},"134":{"start":{"line":383,"column":6},"end":{"line":383,"column":27}},"135":{"start":{"line":384,"column":6},"end":{"line":384,"column":47}},"136":{"start":{"line":389,"column":30},"end":{"line":389,"column":40}},"137":{"start":{"line":390,"column":4},"end":{"line":397,"column":5}},"138":{"start":{"line":391,"column":34},"end":{"line":391,"column":89}},"139":{"start":{"line":392,"column":6},"end":{"line":392,"column":98}},"140":{"start":{"line":392,"column":32},"end":{"line":392,"column":98}},"141":{"start":{"line":393,"column":6},"end":{"line":393,"column":48}},"142":{"start":{"line":395,"column":6},"end":{"line":395,"column":25}},"143":{"start":{"line":396,"column":6},"end":{"line":396,"column":47}},"144":{"start":{"line":401,"column":0},"end":{"line":401,"column":39}}},"fnMap":{"0":{"name":"(anonymous_0)","decl":{"start":{"line":19,"column":2},"end":{"line":19,"column":3}},"loc":{"start":{"line":19,"column":34},"end":{"line":33,"column":3}},"line":19},"1":{"name":"(anonymous_1)","decl":{"start":{"line":27,"column":12},"end":{"line":27,"column":13}},"loc":{"start":{"line":27,"column":22},"end":{"line":29,"column":7}},"line":27},"2":{"name":"(anonymous_2)","decl":{"start":{"line":30,"column":13},"end":{"line":30,"column":14}},"loc":{"start":{"line":30,"column":22},"end":{"line":32,"column":7}},"line":30},"3":{"name":"(anonymous_3)","decl":{"start":{"line":35,"column":2},"end":{"line":35,"column":3}},"loc":{"start":{"line":35,"column":29},"end":{"line":63,"column":3}},"line":35},"4":{"name":"(anonymous_4)","decl":{"start":{"line":47,"column":12},"end":{"line":47,"column":13}},"loc":{"start":{"line":47,"column":22},"end":{"line":59,"column":7}},"line":47},"5":{"name":"(anonymous_5)","decl":{"start":{"line":48,"column":21},"end":{"line":48,"column":22}},"loc":{"start":{"line":48,"column":28},"end":{"line":51,"column":9}},"line":48},"6":{"name":"(anonymous_6)","decl":{"start":{"line":60,"column":13},"end":{"line":60,"column":14}},"loc":{"start":{"line":60,"column":22},"end":{"line":62,"column":7}},"line":60},"7":{"name":"(anonymous_7)","decl":{"start":{"line":66,"column":2},"end":{"line":66,"column":3}},"loc":{"start":{"line":66,"column":43},"end":{"line":132,"column":3}},"line":66},"8":{"name":"(anonymous_8)","decl":{"start":{"line":77,"column":12},"end":{"line":77,"column":13}},"loc":{"start":{"line":77,"column":22},"end":{"line":128,"column":7}},"line":77},"9":{"name":"(anonymous_9)","decl":{"start":{"line":80,"column":21},"end":{"line":80,"column":22}},"loc":{"start":{"line":80,"column":28},"end":{"line":126,"column":9}},"line":80},"10":{"name":"(anonymous_10)","decl":{"start":{"line":129,"column":13},"end":{"line":129,"column":14}},"loc":{"start":{"line":129,"column":22},"end":{"line":131,"column":7}},"line":129},"11":{"name":"(anonymous_11)","decl":{"start":{"line":135,"column":2},"end":{"line":135,"column":3}},"loc":{"start":{"line":135,"column":39},"end":{"line":201,"column":3}},"line":135},"12":{"name":"(anonymous_12)","decl":{"start":{"line":146,"column":12},"end":{"line":146,"column":13}},"loc":{"start":{"line":146,"column":22},"end":{"line":197,"column":7}},"line":146},"13":{"name":"(anonymous_13)","decl":{"start":{"line":149,"column":21},"end":{"line":149,"column":22}},"loc":{"start":{"line":149,"column":28},"end":{"line":194,"column":9}},"line":149},"14":{"name":"(anonymous_14)","decl":{"start":{"line":198,"column":13},"end":{"line":198,"column":14}},"loc":{"start":{"line":198,"column":22},"end":{"line":200,"column":7}},"line":198},"15":{"name":"(anonymous_15)","decl":{"start":{"line":204,"column":2},"end":{"line":204,"column":3}},"loc":{"start":{"line":204,"column":38},"end":{"line":238,"column":3}},"line":204},"16":{"name":"(anonymous_16)","decl":{"start":{"line":219,"column":12},"end":{"line":219,"column":13}},"loc":{"start":{"line":219,"column":22},"end":{"line":234,"column":7}},"line":219},"17":{"name":"(anonymous_17)","decl":{"start":{"line":221,"column":32},"end":{"line":221,"column":33}},"loc":{"start":{"line":221,"column":39},"end":{"line":224,"column":9}},"line":221},"18":{"name":"(anonymous_18)","decl":{"start":{"line":235,"column":13},"end":{"line":235,"column":14}},"loc":{"start":{"line":235,"column":22},"end":{"line":237,"column":7}},"line":235},"19":{"name":"(anonymous_19)","decl":{"start":{"line":240,"column":2},"end":{"line":240,"column":3}},"loc":{"start":{"line":240,"column":44},"end":{"line":278,"column":3}},"line":240},"20":{"name":"(anonymous_20)","decl":{"start":{"line":257,"column":12},"end":{"line":257,"column":13}},"loc":{"start":{"line":257,"column":22},"end":{"line":274,"column":7}},"line":257},"21":{"name":"(anonymous_21)","decl":{"start":{"line":259,"column":32},"end":{"line":259,"column":33}},"loc":{"start":{"line":259,"column":39},"end":{"line":262,"column":9}},"line":259},"22":{"name":"(anonymous_22)","decl":{"start":{"line":275,"column":13},"end":{"line":275,"column":14}},"loc":{"start":{"line":275,"column":22},"end":{"line":277,"column":7}},"line":275},"23":{"name":"(anonymous_23)","decl":{"start":{"line":280,"column":2},"end":{"line":280,"column":3}},"loc":{"start":{"line":280,"column":33},"end":{"line":311,"column":3}},"line":280},"24":{"name":"(anonymous_24)","decl":{"start":{"line":312,"column":2},"end":{"line":312,"column":3}},"loc":{"start":{"line":312,"column":32},"end":{"line":360,"column":3}},"line":312},"25":{"name":"(anonymous_25)","decl":{"start":{"line":362,"column":2},"end":{"line":362,"column":3}},"loc":{"start":{"line":362,"column":35},"end":{"line":386,"column":3}},"line":362},"26":{"name":"(anonymous_26)","decl":{"start":{"line":388,"column":2},"end":{"line":388,"column":3}},"loc":{"start":{"line":388,"column":44},"end":{"line":398,"column":3}},"line":388}},"branchMap":{"0":{"loc":{"start":{"line":49,"column":10},"end":{"line":49,"column":58}},"type":"cond-expr","locations":[{"start":{"line":49,"column":35},"end":{"line":49,"column":51}},{"start":{"line":49,"column":54},"end":{"line":49,"column":58}}],"line":49},"1":{"loc":{"start":{"line":81,"column":10},"end":{"line":81,"column":58}},"type":"cond-expr","locations":[{"start":{"line":81,"column":35},"end":{"line":81,"column":51}},{"start":{"line":81,"column":54},"end":{"line":81,"column":58}}],"line":81},"2":{"loc":{"start":{"line":82,"column":10},"end":{"line":105,"column":11}},"type":"if","locations":[{"start":{"line":82,"column":10},"end":{"line":105,"column":11}},{"start":{"line":82,"column":10},"end":{"line":105,"column":11}}],"line":82},"3":{"loc":{"start":{"line":84,"column":14},"end":{"line":101,"column":15}},"type":"if","locations":[{"start":{"line":84,"column":14},"end":{"line":101,"column":15}},{"start":{"line":84,"column":14},"end":{"line":101,"column":15}}],"line":84},"4":{"loc":{"start":{"line":107,"column":10},"end":{"line":124,"column":11}},"type":"if","locations":[{"start":{"line":107,"column":10},"end":{"line":124,"column":11}},{"start":{"line":107,"column":10},"end":{"line":124,"column":11}}],"line":107},"5":{"loc":{"start":{"line":150,"column":10},"end":{"line":150,"column":58}},"type":"cond-expr","locations":[{"start":{"line":150,"column":35},"end":{"line":150,"column":51}},{"start":{"line":150,"column":54},"end":{"line":150,"column":58}}],"line":150},"6":{"loc":{"start":{"line":151,"column":10},"end":{"line":173,"column":11}},"type":"if","locations":[{"start":{"line":151,"column":10},"end":{"line":173,"column":11}},{"start":{"line":151,"column":10},"end":{"line":173,"column":11}}],"line":151},"7":{"loc":{"start":{"line":153,"column":14},"end":{"line":169,"column":15}},"type":"if","locations":[{"start":{"line":153,"column":14},"end":{"line":169,"column":15}},{"start":{"line":153,"column":14},"end":{"line":169,"column":15}}],"line":153},"8":{"loc":{"start":{"line":175,"column":10},"end":{"line":192,"column":11}},"type":"if","locations":[{"start":{"line":175,"column":10},"end":{"line":192,"column":11}},{"start":{"line":175,"column":10},"end":{"line":192,"column":11}}],"line":175},"9":{"loc":{"start":{"line":222,"column":10},"end":{"line":222,"column":58}},"type":"cond-expr","locations":[{"start":{"line":222,"column":35},"end":{"line":222,"column":51}},{"start":{"line":222,"column":54},"end":{"line":222,"column":58}}],"line":222},"10":{"loc":{"start":{"line":260,"column":10},"end":{"line":260,"column":58}},"type":"cond-expr","locations":[{"start":{"line":260,"column":35},"end":{"line":260,"column":51}},{"start":{"line":260,"column":54},"end":{"line":260,"column":58}}],"line":260},"11":{"loc":{"start":{"line":321,"column":6},"end":{"line":322,"column":74}},"type":"if","locations":[{"start":{"line":321,"column":6},"end":{"line":322,"column":74}},{"start":{"line":321,"column":6},"end":{"line":322,"column":74}}],"line":321},"12":{"loc":{"start":{"line":327,"column":6},"end":{"line":331,"column":7}},"type":"if","locations":[{"start":{"line":327,"column":6},"end":{"line":331,"column":7}},{"start":{"line":327,"column":6},"end":{"line":331,"column":7}}],"line":327},"13":{"loc":{"start":{"line":366,"column":6},"end":{"line":367,"column":74}},"type":"if","locations":[{"start":{"line":366,"column":6},"end":{"line":367,"column":74}},{"start":{"line":366,"column":6},"end":{"line":367,"column":74}}],"line":366},"14":{"loc":{"start":{"line":392,"column":6},"end":{"line":392,"column":98}},"type":"if","locations":[{"start":{"line":392,"column":6},"end":{"line":392,"column":98}},{"start":{"line":392,"column":6},"end":{"line":392,"column":98}}],"line":392}},"s":{"0":7,"1":7,"2":7,"3":1,"4":1,"5":1,"6":0,"7":1,"8":1,"9":1,"10":1,"11":1,"12":1,"13":1,"14":1,"15":1,"16":1,"17":1,"18":1,"19":0,"20":1,"21":1,"22":1,"23":0,"24":0,"25":0,"26":0,"27":0,"28":0,"29":0,"30":0,"31":0,"32":0,"33":0,"34":0,"35":0,"36":0,"37":0,"38":0,"39":0,"40":1,"41":1,"42":1,"43":1,"44":1,"45":1,"46":1,"47":1,"48":1,"49":0,"50":0,"51":0,"52":0,"53":0,"54":0,"55":0,"56":1,"57":1,"58":1,"59":1,"60":1,"61":0,"62":1,"63":1,"64":1,"65":1,"66":1,"67":1,"68":2,"69":2,"70":1,"71":1,"72":1,"73":2,"74":1,"75":0,"76":1,"77":1,"78":1,"79":1,"80":1,"81":1,"82":1,"83":2,"84":2,"85":1,"86":1,"87":1,"88":1,"89":2,"90":2,"91":1,"92":0,"93":1,"94":1,"95":1,"96":1,"97":1,"98":1,"99":1,"100":1,"101":1,"102":1,"103":0,"104":0,"105":1,"106":1,"107":1,"108":1,"109":1,"110":1,"111":0,"112":1,"113":1,"114":1,"115":0,"116":1,"117":1,"118":1,"119":1,"120":0,"121":0,"122":1,"123":1,"124":1,"125":1,"126":0,"127":1,"128":1,"129":1,"130":1,"131":1,"132":1,"133":1,"134":0,"135":0,"136":1,"137":1,"138":1,"139":1,"140":0,"141":1,"142":0,"143":0,"144":7},"f":{"0":1,"1":1,"2":0,"3":1,"4":1,"5":1,"6":0,"7":1,"8":0,"9":0,"10":1,"11":1,"12":1,"13":1,"14":0,"15":1,"16":1,"17":2,"18":0,"19":1,"20":1,"21":2,"22":0,"23":1,"24":1,"25":1,"26":1},"b":{"0":[1,0],"1":[0,0],"2":[0,0],"3":[0,0],"4":[0,0],"5":[1,0],"6":[0,1],"7":[0,0],"8":[1,0],"9":[2,0],"10":[2,0],"11":[0,1],"12":[0,1],"13":[0,1],"14":[0,1]},"_coverageSchema":"1a1c01bbd47fc00a2c39e90264f33305004495a9","hash":"2dc12fbe170072bc5a1c38c6f9353082be3b0115"}
,"C:\\Users\\Galuh Alifani\\Documents\\Hacktiv8\\Phase 3\\pelit-server\\controllers\\userController.js": {"path":"C:\\Users\\Galuh Alifani\\Documents\\Hacktiv8\\Phase 3\\pelit-server\\controllers\\userController.js","statementMap":{"0":{"start":{"line":1,"column":45},"end":{"line":1,"column":65}},"1":{"start":{"line":2,"column":25},"end":{"line":2,"column":61}},"2":{"start":{"line":6,"column":17},"end":{"line":6,"column":35}},"3":{"start":{"line":7,"column":4},"end":{"line":47,"column":6}},"4":{"start":{"line":12,"column":8},"end":{"line":43,"column":9}},"5":{"start":{"line":13,"column":31},"end":{"line":13,"column":32}},"6":{"start":{"line":14,"column":30},"end":{"line":14,"column":31}},"7":{"start":{"line":15,"column":16},"end":{"line":21,"column":17}},"8":{"start":{"line":15,"column":29},"end":{"line":15,"column":30}},"9":{"start":{"line":16,"column":20},"end":{"line":20,"column":21}},"10":{"start":{"line":17,"column":24},"end":{"line":17,"column":67}},"11":{"start":{"line":19,"column":24},"end":{"line":19,"column":66}},"12":{"start":{"line":23,"column":25},"end":{"line":39,"column":13}},"13":{"start":{"line":40,"column":12},"end":{"line":40,"column":40}},"14":{"start":{"line":42,"column":12},"end":{"line":42,"column":50}},"15":{"start":{"line":46,"column":8},"end":{"line":46,"column":33}},"16":{"start":{"line":51,"column":24},"end":{"line":51,"column":32}},"17":{"start":{"line":52,"column":15},"end":{"line":52,"column":32}},"18":{"start":{"line":53,"column":4},"end":{"line":62,"column":9}},"19":{"start":{"line":55,"column":8},"end":{"line":58,"column":11}},"20":{"start":{"line":61,"column":8},"end":{"line":61,"column":67}},"21":{"start":{"line":66,"column":29},"end":{"line":66,"column":37}},"22":{"start":{"line":67,"column":15},"end":{"line":67,"column":32}},"23":{"start":{"line":68,"column":4},"end":{"line":77,"column":9}},"24":{"start":{"line":70,"column":8},"end":{"line":73,"column":11}},"25":{"start":{"line":76,"column":8},"end":{"line":76,"column":67}},"26":{"start":{"line":81,"column":22},"end":{"line":81,"column":30}},"27":{"start":{"line":82,"column":15},"end":{"line":82,"column":32}},"28":{"start":{"line":83,"column":4},"end":{"line":92,"column":9}},"29":{"start":{"line":85,"column":8},"end":{"line":88,"column":11}},"30":{"start":{"line":91,"column":8},"end":{"line":91,"column":67}},"31":{"start":{"line":96,"column":25},"end":{"line":96,"column":33}},"32":{"start":{"line":97,"column":15},"end":{"line":97,"column":32}},"33":{"start":{"line":98,"column":4},"end":{"line":106,"column":9}},"34":{"start":{"line":100,"column":8},"end":{"line":102,"column":11}},"35":{"start":{"line":105,"column":8},"end":{"line":105,"column":67}},"36":{"start":{"line":110,"column":25},"end":{"line":110,"column":33}},"37":{"start":{"line":111,"column":15},"end":{"line":111,"column":32}},"38":{"start":{"line":112,"column":4},"end":{"line":121,"column":9}},"39":{"start":{"line":114,"column":8},"end":{"line":117,"column":11}},"40":{"start":{"line":120,"column":8},"end":{"line":120,"column":67}},"41":{"start":{"line":125,"column":0},"end":{"line":125,"column":32}}},"fnMap":{"0":{"name":"(anonymous_0)","decl":{"start":{"line":5,"column":2},"end":{"line":5,"column":3}},"loc":{"start":{"line":5,"column":30},"end":{"line":48,"column":3}},"line":5},"1":{"name":"(anonymous_1)","decl":{"start":{"line":11,"column":10},"end":{"line":11,"column":11}},"loc":{"start":{"line":11,"column":18},"end":{"line":44,"column":5}},"line":11},"2":{"name":"(anonymous_2)","decl":{"start":{"line":45,"column":11},"end":{"line":45,"column":12}},"loc":{"start":{"line":45,"column":18},"end":{"line":47,"column":5}},"line":45},"3":{"name":"(anonymous_3)","decl":{"start":{"line":50,"column":2},"end":{"line":50,"column":3}},"loc":{"start":{"line":50,"column":36},"end":{"line":63,"column":3}},"line":50},"4":{"name":"(anonymous_4)","decl":{"start":{"line":54,"column":12},"end":{"line":54,"column":13}},"loc":{"start":{"line":54,"column":22},"end":{"line":59,"column":7}},"line":54},"5":{"name":"(anonymous_5)","decl":{"start":{"line":60,"column":13},"end":{"line":60,"column":14}},"loc":{"start":{"line":60,"column":22},"end":{"line":62,"column":7}},"line":60},"6":{"name":"(anonymous_6)","decl":{"start":{"line":65,"column":2},"end":{"line":65,"column":3}},"loc":{"start":{"line":65,"column":41},"end":{"line":78,"column":3}},"line":65},"7":{"name":"(anonymous_7)","decl":{"start":{"line":69,"column":12},"end":{"line":69,"column":13}},"loc":{"start":{"line":69,"column":22},"end":{"line":74,"column":7}},"line":69},"8":{"name":"(anonymous_8)","decl":{"start":{"line":75,"column":13},"end":{"line":75,"column":14}},"loc":{"start":{"line":75,"column":22},"end":{"line":77,"column":7}},"line":75},"9":{"name":"(anonymous_9)","decl":{"start":{"line":80,"column":2},"end":{"line":80,"column":3}},"loc":{"start":{"line":80,"column":34},"end":{"line":93,"column":3}},"line":80},"10":{"name":"(anonymous_10)","decl":{"start":{"line":84,"column":12},"end":{"line":84,"column":13}},"loc":{"start":{"line":84,"column":22},"end":{"line":89,"column":7}},"line":84},"11":{"name":"(anonymous_11)","decl":{"start":{"line":90,"column":13},"end":{"line":90,"column":14}},"loc":{"start":{"line":90,"column":22},"end":{"line":92,"column":7}},"line":90},"12":{"name":"(anonymous_12)","decl":{"start":{"line":95,"column":2},"end":{"line":95,"column":3}},"loc":{"start":{"line":95,"column":37},"end":{"line":107,"column":3}},"line":95},"13":{"name":"(anonymous_13)","decl":{"start":{"line":99,"column":12},"end":{"line":99,"column":13}},"loc":{"start":{"line":99,"column":22},"end":{"line":103,"column":7}},"line":99},"14":{"name":"(anonymous_14)","decl":{"start":{"line":104,"column":13},"end":{"line":104,"column":14}},"loc":{"start":{"line":104,"column":22},"end":{"line":106,"column":7}},"line":104},"15":{"name":"(anonymous_15)","decl":{"start":{"line":109,"column":2},"end":{"line":109,"column":3}},"loc":{"start":{"line":109,"column":37},"end":{"line":122,"column":3}},"line":109},"16":{"name":"(anonymous_16)","decl":{"start":{"line":113,"column":12},"end":{"line":113,"column":13}},"loc":{"start":{"line":113,"column":22},"end":{"line":118,"column":7}},"line":113},"17":{"name":"(anonymous_17)","decl":{"start":{"line":119,"column":13},"end":{"line":119,"column":14}},"loc":{"start":{"line":119,"column":22},"end":{"line":121,"column":7}},"line":119}},"branchMap":{"0":{"loc":{"start":{"line":12,"column":8},"end":{"line":43,"column":9}},"type":"if","locations":[{"start":{"line":12,"column":8},"end":{"line":43,"column":9}},{"start":{"line":12,"column":8},"end":{"line":43,"column":9}}],"line":12},"1":{"loc":{"start":{"line":16,"column":20},"end":{"line":20,"column":21}},"type":"if","locations":[{"start":{"line":16,"column":20},"end":{"line":20,"column":21}},{"start":{"line":16,"column":20},"end":{"line":20,"column":21}}],"line":16}},"s":{"0":7,"1":7,"2":1,"3":1,"4":1,"5":1,"6":1,"7":1,"8":1,"9":0,"10":0,"11":0,"12":1,"13":1,"14":0,"15":0,"16":1,"17":1,"18":1,"19":1,"20":0,"21":1,"22":1,"23":1,"24":1,"25":0,"26":1,"27":1,"28":1,"29":1,"30":0,"31":1,"32":1,"33":1,"34":1,"35":0,"36":1,"37":1,"38":1,"39":1,"40":0,"41":7},"f":{"0":1,"1":1,"2":0,"3":1,"4":1,"5":0,"6":1,"7":1,"8":0,"9":1,"10":1,"11":0,"12":1,"13":1,"14":0,"15":1,"16":1,"17":0},"b":{"0":[1,0],"1":[0,0]},"_coverageSchema":"1a1c01bbd47fc00a2c39e90264f33305004495a9","hash":"6c0d03dc6555e63ce66d20ae9bb349109ca282dc"}
,"C:\\Users\\Galuh Alifani\\Documents\\Hacktiv8\\Phase 3\\pelit-server\\helpers\\dateParser.js": {"path":"C:\\Users\\Galuh Alifani\\Documents\\Hacktiv8\\Phase 3\\pelit-server\\helpers\\dateParser.js","statementMap":{"0":{"start":{"line":2,"column":4},"end":{"line":2,"column":89}},"1":{"start":{"line":6,"column":4},"end":{"line":6,"column":43}},"2":{"start":{"line":10,"column":4},"end":{"line":10,"column":36}},"3":{"start":{"line":14,"column":4},"end":{"line":14,"column":76}},"4":{"start":{"line":18,"column":4},"end":{"line":18,"column":61}},"5":{"start":{"line":23,"column":0},"end":{"line":29,"column":1}}},"fnMap":{"0":{"name":"randomDate","decl":{"start":{"line":1,"column":9},"end":{"line":1,"column":19}},"loc":{"start":{"line":1,"column":32},"end":{"line":3,"column":1}},"line":1},"1":{"name":"sqlDateFormat","decl":{"start":{"line":5,"column":9},"end":{"line":5,"column":22}},"loc":{"start":{"line":5,"column":29},"end":{"line":7,"column":1}},"line":5},"2":{"name":"localeDateString","decl":{"start":{"line":9,"column":9},"end":{"line":9,"column":25}},"loc":{"start":{"line":9,"column":32},"end":{"line":11,"column":1}},"line":9},"3":{"name":"thirtyDaysFromNow","decl":{"start":{"line":13,"column":9},"end":{"line":13,"column":26}},"loc":{"start":{"line":13,"column":43},"end":{"line":15,"column":1}},"line":13},"4":{"name":"randomIntFromInterval","decl":{"start":{"line":17,"column":9},"end":{"line":17,"column":30}},"loc":{"start":{"line":17,"column":41},"end":{"line":19,"column":1}},"line":17}},"branchMap":{},"s":{"0":13,"1":23,"2":0,"3":13,"4":13,"5":5},"f":{"0":13,"1":23,"2":0,"3":13,"4":13},"b":{},"_coverageSchema":"1a1c01bbd47fc00a2c39e90264f33305004495a9","hash":"06cc001eced7f9d6e00c105809a723f98e934c21"}
,"C:\\Users\\Galuh Alifani\\Documents\\Hacktiv8\\Phase 3\\pelit-server\\helpers\\jsonWebToken.js": {"path":"C:\\Users\\Galuh Alifani\\Documents\\Hacktiv8\\Phase 3\\pelit-server\\helpers\\jsonWebToken.js","statementMap":{"0":{"start":{"line":1,"column":12},"end":{"line":1,"column":35}},"1":{"start":{"line":4,"column":2},"end":{"line":4,"column":48}},"2":{"start":{"line":7,"column":2},"end":{"line":7,"column":48}},"3":{"start":{"line":10,"column":0},"end":{"line":13,"column":2}}},"fnMap":{"0":{"name":"generateJWT","decl":{"start":{"line":3,"column":9},"end":{"line":3,"column":20}},"loc":{"start":{"line":3,"column":30},"end":{"line":5,"column":1}},"line":3},"1":{"name":"validateJWT","decl":{"start":{"line":6,"column":9},"end":{"line":6,"column":20}},"loc":{"start":{"line":6,"column":28},"end":{"line":8,"column":1}},"line":6}},"branchMap":{},"s":{"0":7,"1":1,"2":0,"3":7},"f":{"0":1,"1":0},"b":{},"_coverageSchema":"1a1c01bbd47fc00a2c39e90264f33305004495a9","hash":"d66337908b109c6e3edfab7cbf1a8fa5a3f95d37"}
,"C:\\Users\\Galuh Alifani\\Documents\\Hacktiv8\\Phase 3\\pelit-server\\helpers\\passwordBcrypt.js": {"path":"C:\\Users\\Galuh Alifani\\Documents\\Hacktiv8\\Phase 3\\pelit-server\\helpers\\passwordBcrypt.js","statementMap":{"0":{"start":{"line":1,"column":15},"end":{"line":1,"column":34}},"1":{"start":{"line":2,"column":13},"end":{"line":2,"column":35}},"2":{"start":{"line":5,"column":2},"end":{"line":5,"column":41}},"3":{"start":{"line":9,"column":2},"end":{"line":9,"column":55}},"4":{"start":{"line":12,"column":0},"end":{"line":15,"column":2}}},"fnMap":{"0":{"name":"passwordHash","decl":{"start":{"line":4,"column":9},"end":{"line":4,"column":21}},"loc":{"start":{"line":4,"column":32},"end":{"line":6,"column":1}},"line":4},"1":{"name":"comparePassword","decl":{"start":{"line":8,"column":9},"end":{"line":8,"column":24}},"loc":{"start":{"line":8,"column":52},"end":{"line":10,"column":1}},"line":8}},"branchMap":{},"s":{"0":7,"1":7,"2":9,"3":3,"4":7},"f":{"0":9,"1":3},"b":{},"_coverageSchema":"1a1c01bbd47fc00a2c39e90264f33305004495a9","hash":"1d918fc794e37e64bf2af5fefbc4c3f0bc4d3aed"}
,"C:\\Users\\Galuh Alifani\\Documents\\Hacktiv8\\Phase 3\\pelit-server\\middlewares\\auth.js": {"path":"C:\\Users\\Galuh Alifani\\Documents\\Hacktiv8\\Phase 3\\pelit-server\\middlewares\\auth.js","statementMap":{"0":{"start":{"line":1,"column":17},"end":{"line":1,"column":37}},"1":{"start":{"line":2,"column":24},"end":{"line":2,"column":58}},"2":{"start":{"line":5,"column":23},"end":{"line":5,"column":47}},"3":{"start":{"line":6,"column":2},"end":{"line":32,"column":3}},"4":{"start":{"line":7,"column":4},"end":{"line":29,"column":5}},"5":{"start":{"line":8,"column":22},"end":{"line":8,"column":47}},"6":{"start":{"line":9,"column":6},"end":{"line":26,"column":11}},"7":{"start":{"line":11,"column":10},"end":{"line":22,"column":11}},"8":{"start":{"line":12,"column":12},"end":{"line":18,"column":14}},"9":{"start":{"line":19,"column":12},"end":{"line":19,"column":19}},"10":{"start":{"line":21,"column":12},"end":{"line":21,"column":71}},"11":{"start":{"line":25,"column":10},"end":{"line":25,"column":69}},"12":{"start":{"line":28,"column":6},"end":{"line":28,"column":65}},"13":{"start":{"line":31,"column":4},"end":{"line":31,"column":62}},"14":{"start":{"line":35,"column":0},"end":{"line":37,"column":2}}},"fnMap":{"0":{"name":"authentication","decl":{"start":{"line":4,"column":9},"end":{"line":4,"column":23}},"loc":{"start":{"line":4,"column":40},"end":{"line":33,"column":1}},"line":4},"1":{"name":"(anonymous_1)","decl":{"start":{"line":10,"column":14},"end":{"line":10,"column":15}},"loc":{"start":{"line":10,"column":24},"end":{"line":23,"column":9}},"line":10},"2":{"name":"(anonymous_2)","decl":{"start":{"line":24,"column":15},"end":{"line":24,"column":16}},"loc":{"start":{"line":24,"column":24},"end":{"line":26,"column":9}},"line":24}},"branchMap":{"0":{"loc":{"start":{"line":6,"column":2},"end":{"line":32,"column":3}},"type":"if","locations":[{"start":{"line":6,"column":2},"end":{"line":32,"column":3}},{"start":{"line":6,"column":2},"end":{"line":32,"column":3}}],"line":6},"1":{"loc":{"start":{"line":6,"column":6},"end":{"line":6,"column":50}},"type":"binary-expr","locations":[{"start":{"line":6,"column":6},"end":{"line":6,"column":18}},{"start":{"line":6,"column":22},"end":{"line":6,"column":50}}],"line":6},"2":{"loc":{"start":{"line":11,"column":10},"end":{"line":22,"column":11}},"type":"if","locations":[{"start":{"line":11,"column":10},"end":{"line":22,"column":11}},{"start":{"line":11,"column":10},"end":{"line":22,"column":11}}],"line":11}},"s":{"0":7,"1":7,"2":0,"3":0,"4":0,"5":0,"6":0,"7":0,"8":0,"9":0,"10":0,"11":0,"12":0,"13":0,"14":7},"f":{"0":0,"1":0,"2":0},"b":{"0":[0,0],"1":[0,0],"2":[0,0]},"_coverageSchema":"1a1c01bbd47fc00a2c39e90264f33305004495a9","hash":"7a9af6e0eed3a7abd8d55b6cd5aef6e988af3f30"}
,"C:\\Users\\Galuh Alifani\\Documents\\Hacktiv8\\Phase 3\\pelit-server\\middlewares\\imageKit.js": {"path":"C:\\Users\\Galuh Alifani\\Documents\\Hacktiv8\\Phase 3\\pelit-server\\middlewares\\imageKit.js","statementMap":{"0":{"start":{"line":1,"column":14},"end":{"line":1,"column":38}},"1":{"start":{"line":2,"column":17},"end":{"line":2,"column":37}},"2":{"start":{"line":3,"column":15},"end":{"line":3,"column":39}},"3":{"start":{"line":6,"column":2},"end":{"line":49,"column":3}},"4":{"start":{"line":23,"column":18},"end":{"line":25,"column":5}},"5":{"start":{"line":26,"column":17},"end":{"line":26,"column":31}},"6":{"start":{"line":27,"column":4},"end":{"line":27,"column":60}},"7":{"start":{"line":28,"column":4},"end":{"line":28,"column":51}},"8":{"start":{"line":30,"column":4},"end":{"line":46,"column":9}},"9":{"start":{"line":40,"column":8},"end":{"line":40,"column":39}},"10":{"start":{"line":41,"column":8},"end":{"line":41,"column":15}},"11":{"start":{"line":44,"column":8},"end":{"line":44,"column":51}},"12":{"start":{"line":45,"column":8},"end":{"line":45,"column":67}},"13":{"start":{"line":48,"column":4},"end":{"line":48,"column":11}},"14":{"start":{"line":52,"column":0},"end":{"line":52,"column":26}}},"fnMap":{"0":{"name":"imageKit","decl":{"start":{"line":5,"column":9},"end":{"line":5,"column":17}},"loc":{"start":{"line":5,"column":34},"end":{"line":50,"column":1}},"line":5},"1":{"name":"(anonymous_1)","decl":{"start":{"line":39,"column":12},"end":{"line":39,"column":13}},"loc":{"start":{"line":39,"column":24},"end":{"line":42,"column":7}},"line":39},"2":{"name":"(anonymous_2)","decl":{"start":{"line":43,"column":13},"end":{"line":43,"column":14}},"loc":{"start":{"line":43,"column":22},"end":{"line":46,"column":7}},"line":43}},"branchMap":{"0":{"loc":{"start":{"line":6,"column":2},"end":{"line":49,"column":3}},"type":"if","locations":[{"start":{"line":6,"column":2},"end":{"line":49,"column":3}},{"start":{"line":6,"column":2},"end":{"line":49,"column":3}}],"line":6}},"s":{"0":7,"1":7,"2":7,"3":1,"4":0,"5":0,"6":0,"7":0,"8":0,"9":0,"10":0,"11":0,"12":0,"13":1,"14":7},"f":{"0":1,"1":0,"2":0},"b":{"0":[0,1]},"_coverageSchema":"1a1c01bbd47fc00a2c39e90264f33305004495a9","hash":"0103200ff3f9482a169fb7c481f41d4f80367ca2"}
,"C:\\Users\\Galuh Alifani\\Documents\\Hacktiv8\\Phase 3\\pelit-server\\models\\achievement.js": {"path":"C:\\Users\\Galuh Alifani\\Documents\\Hacktiv8\\Phase 3\\pelit-server\\models\\achievement.js","statementMap":{"0":{"start":{"line":4,"column":4},"end":{"line":4,"column":24}},"1":{"start":{"line":5,"column":0},"end":{"line":35,"column":2}},"2":{"start":{"line":14,"column":6},"end":{"line":14,"column":64}},"3":{"start":{"line":15,"column":6},"end":{"line":15,"column":66}},"4":{"start":{"line":18,"column":2},"end":{"line":33,"column":5}},"5":{"start":{"line":34,"column":2},"end":{"line":34,"column":21}}},"fnMap":{"0":{"name":"(anonymous_0)","decl":{"start":{"line":5,"column":17},"end":{"line":5,"column":18}},"loc":{"start":{"line":5,"column":43},"end":{"line":35,"column":1}},"line":5},"1":{"name":"(anonymous_1)","decl":{"start":{"line":12,"column":4},"end":{"line":12,"column":5}},"loc":{"start":{"line":12,"column":29},"end":{"line":16,"column":5}},"line":12}},"branchMap":{},"s":{"0":7,"1":7,"2":7,"3":7,"4":7,"5":7},"f":{"0":7,"1":7},"b":{},"_coverageSchema":"1a1c01bbd47fc00a2c39e90264f33305004495a9","hash":"6d1ae69a1277524320f5b89e80ed4488d058c01b"}
,"C:\\Users\\Galuh Alifani\\Documents\\Hacktiv8\\Phase 3\\pelit-server\\models\\badge.js": {"path":"C:\\Users\\Galuh Alifani\\Documents\\Hacktiv8\\Phase 3\\pelit-server\\models\\badge.js","statementMap":{"0":{"start":{"line":4,"column":4},"end":{"line":4,"column":24}},"1":{"start":{"line":5,"column":0},"end":{"line":27,"column":2}},"2":{"start":{"line":14,"column":6},"end":{"line":14,"column":67}},"3":{"start":{"line":15,"column":6},"end":{"line":15,"column":64}},"4":{"start":{"line":18,"column":2},"end":{"line":25,"column":5}},"5":{"start":{"line":26,"column":2},"end":{"line":26,"column":15}}},"fnMap":{"0":{"name":"(anonymous_0)","decl":{"start":{"line":5,"column":17},"end":{"line":5,"column":18}},"loc":{"start":{"line":5,"column":43},"end":{"line":27,"column":1}},"line":5},"1":{"name":"(anonymous_1)","decl":{"start":{"line":12,"column":4},"end":{"line":12,"column":5}},"loc":{"start":{"line":12,"column":29},"end":{"line":16,"column":5}},"line":12}},"branchMap":{},"s":{"0":7,"1":7,"2":7,"3":7,"4":7,"5":7},"f":{"0":7,"1":7},"b":{},"_coverageSchema":"1a1c01bbd47fc00a2c39e90264f33305004495a9","hash":"e29b2bdf06c877e7d396d94e40e2062ea39a7007"}
,"C:\\Users\\Galuh Alifani\\Documents\\Hacktiv8\\Phase 3\\pelit-server\\models\\history.js": {"path":"C:\\Users\\Galuh Alifani\\Documents\\Hacktiv8\\Phase 3\\pelit-server\\models\\history.js","statementMap":{"0":{"start":{"line":4,"column":4},"end":{"line":4,"column":24}},"1":{"start":{"line":5,"column":0},"end":{"line":23,"column":2}},"2":{"start":{"line":16,"column":2},"end":{"line":21,"column":5}},"3":{"start":{"line":22,"column":2},"end":{"line":22,"column":17}}},"fnMap":{"0":{"name":"(anonymous_0)","decl":{"start":{"line":5,"column":17},"end":{"line":5,"column":18}},"loc":{"start":{"line":5,"column":43},"end":{"line":23,"column":1}},"line":5},"1":{"name":"(anonymous_1)","decl":{"start":{"line":12,"column":4},"end":{"line":12,"column":5}},"loc":{"start":{"line":12,"column":29},"end":{"line":14,"column":5}},"line":12}},"branchMap":{},"s":{"0":7,"1":7,"2":7,"3":7},"f":{"0":7,"1":7},"b":{},"_coverageSchema":"1a1c01bbd47fc00a2c39e90264f33305004495a9","hash":"c39ff22ab50a4e57d6308013966247b83828618e"}
,"C:\\Users\\Galuh Alifani\\Documents\\Hacktiv8\\Phase 3\\pelit-server\\models\\index.js": {"path":"C:\\Users\\Galuh Alifani\\Documents\\Hacktiv8\\Phase 3\\pelit-server\\models\\index.js","statementMap":{"0":{"start":{"line":3,"column":11},"end":{"line":3,"column":24}},"1":{"start":{"line":4,"column":13},"end":{"line":4,"column":28}},"2":{"start":{"line":5,"column":18},"end":{"line":5,"column":38}},"3":{"start":{"line":6,"column":17},"end":{"line":6,"column":42}},"4":{"start":{"line":7,"column":12},"end":{"line":7,"column":49}},"5":{"start":{"line":8,"column":15},"end":{"line":8,"column":65}},"6":{"start":{"line":9,"column":11},"end":{"line":9,"column":13}},"7":{"start":{"line":12,"column":0},"end":{"line":16,"column":1}},"8":{"start":{"line":13,"column":2},"end":{"line":13,"column":74}},"9":{"start":{"line":15,"column":2},"end":{"line":15,"column":87}},"10":{"start":{"line":18,"column":0},"end":{"line":26,"column":5}},"11":{"start":{"line":21,"column":4},"end":{"line":21,"column":90}},"12":{"start":{"line":24,"column":18},"end":{"line":24,"column":85}},"13":{"start":{"line":25,"column":4},"end":{"line":25,"column":27}},"14":{"start":{"line":28,"column":0},"end":{"line":32,"column":3}},"15":{"start":{"line":29,"column":2},"end":{"line":31,"column":3}},"16":{"start":{"line":30,"column":4},"end":{"line":30,"column":32}},"17":{"start":{"line":34,"column":0},"end":{"line":34,"column":25}},"18":{"start":{"line":35,"column":0},"end":{"line":35,"column":25}},"19":{"start":{"line":37,"column":0},"end":{"line":37,"column":20}}},"fnMap":{"0":{"name":"(anonymous_0)","decl":{"start":{"line":20,"column":10},"end":{"line":20,"column":11}},"loc":{"start":{"line":20,"column":18},"end":{"line":22,"column":3}},"line":20},"1":{"name":"(anonymous_1)","decl":{"start":{"line":23,"column":11},"end":{"line":23,"column":12}},"loc":{"start":{"line":23,"column":19},"end":{"line":26,"column":3}},"line":23},"2":{"name":"(anonymous_2)","decl":{"start":{"line":28,"column":24},"end":{"line":28,"column":25}},"loc":{"start":{"line":28,"column":37},"end":{"line":32,"column":1}},"line":28}},"branchMap":{"0":{"loc":{"start":{"line":7,"column":12},"end":{"line":7,"column":49}},"type":"binary-expr","locations":[{"start":{"line":7,"column":12},"end":{"line":7,"column":32}},{"start":{"line":7,"column":36},"end":{"line":7,"column":49}}],"line":7},"1":{"loc":{"start":{"line":12,"column":0},"end":{"line":16,"column":1}},"type":"if","locations":[{"start":{"line":12,"column":0},"end":{"line":16,"column":1}},{"start":{"line":12,"column":0},"end":{"line":16,"column":1}}],"line":12},"2":{"loc":{"start":{"line":21,"column":11},"end":{"line":21,"column":89}},"type":"binary-expr","locations":[{"start":{"line":21,"column":12},"end":{"line":21,"column":35}},{"start":{"line":21,"column":41},"end":{"line":21,"column":58}},{"start":{"line":21,"column":64},"end":{"line":21,"column":88}}],"line":21},"3":{"loc":{"start":{"line":29,"column":2},"end":{"line":31,"column":3}},"type":"if","locations":[{"start":{"line":29,"column":2},"end":{"line":31,"column":3}},{"start":{"line":29,"column":2},"end":{"line":31,"column":3}}],"line":29}},"s":{"0":7,"1":7,"2":7,"3":7,"4":7,"5":7,"6":7,"7":7,"8":0,"9":7,"10":7,"11":49,"12":42,"13":42,"14":7,"15":42,"16":42,"17":7,"18":7,"19":7},"f":{"0":49,"1":42,"2":42},"b":{"0":[7,0],"1":[0,7],"2":[49,49,42],"3":[42,0]},"_coverageSchema":"1a1c01bbd47fc00a2c39e90264f33305004495a9","hash":"981d24745220ca059187d5a2c88271af00a0c88d"}
,"C:\\Users\\Galuh Alifani\\Documents\\Hacktiv8\\Phase 3\\pelit-server\\models\\target.js": {"path":"C:\\Users\\Galuh Alifani\\Documents\\Hacktiv8\\Phase 3\\pelit-server\\models\\target.js","statementMap":{"0":{"start":{"line":4,"column":4},"end":{"line":4,"column":24}},"1":{"start":{"line":5,"column":0},"end":{"line":28,"column":2}},"2":{"start":{"line":14,"column":6},"end":{"line":14,"column":59}},"3":{"start":{"line":17,"column":2},"end":{"line":26,"column":5}},"4":{"start":{"line":27,"column":2},"end":{"line":27,"column":16}}},"fnMap":{"0":{"name":"(anonymous_0)","decl":{"start":{"line":5,"column":17},"end":{"line":5,"column":18}},"loc":{"start":{"line":5,"column":43},"end":{"line":28,"column":1}},"line":5},"1":{"name":"(anonymous_1)","decl":{"start":{"line":12,"column":4},"end":{"line":12,"column":5}},"loc":{"start":{"line":12,"column":29},"end":{"line":15,"column":5}},"line":12}},"branchMap":{},"s":{"0":7,"1":7,"2":7,"3":7,"4":7},"f":{"0":7,"1":7},"b":{},"_coverageSchema":"1a1c01bbd47fc00a2c39e90264f33305004495a9","hash":"404f8203993c8c16fa5c7c342dc82647f052e4a4"}
,"C:\\Users\\Galuh Alifani\\Documents\\Hacktiv8\\Phase 3\\pelit-server\\models\\transaction.js": {"path":"C:\\Users\\Galuh Alifani\\Documents\\Hacktiv8\\Phase 3\\pelit-server\\models\\transaction.js","statementMap":{"0":{"start":{"line":4,"column":4},"end":{"line":4,"column":24}},"1":{"start":{"line":5,"column":0},"end":{"line":34,"column":2}},"2":{"start":{"line":14,"column":6},"end":{"line":14,"column":64}},"3":{"start":{"line":17,"column":2},"end":{"line":32,"column":5}},"4":{"start":{"line":33,"column":2},"end":{"line":33,"column":21}}},"fnMap":{"0":{"name":"(anonymous_0)","decl":{"start":{"line":5,"column":17},"end":{"line":5,"column":18}},"loc":{"start":{"line":5,"column":43},"end":{"line":34,"column":1}},"line":5},"1":{"name":"(anonymous_1)","decl":{"start":{"line":12,"column":4},"end":{"line":12,"column":5}},"loc":{"start":{"line":12,"column":29},"end":{"line":15,"column":5}},"line":12}},"branchMap":{},"s":{"0":7,"1":7,"2":7,"3":7,"4":7},"f":{"0":7,"1":7},"b":{},"_coverageSchema":"1a1c01bbd47fc00a2c39e90264f33305004495a9","hash":"960f8bae7f6eb2b653801d9e10859b5555ecdd0c"}
,"C:\\Users\\Galuh Alifani\\Documents\\Hacktiv8\\Phase 3\\pelit-server\\models\\user.js": {"path":"C:\\Users\\Galuh Alifani\\Documents\\Hacktiv8\\Phase 3\\pelit-server\\models\\user.js","statementMap":{"0":{"start":{"line":2,"column":25},"end":{"line":2,"column":61}},"1":{"start":{"line":4,"column":18},"end":{"line":4,"column":38}},"2":{"start":{"line":5,"column":0},"end":{"line":85,"column":2}},"3":{"start":{"line":14,"column":6},"end":{"line":14,"column":67}},"4":{"start":{"line":15,"column":6},"end":{"line":15,"column":65}},"5":{"start":{"line":16,"column":6},"end":{"line":16,"column":60}},"6":{"start":{"line":17,"column":6},"end":{"line":17,"column":65}},"7":{"start":{"line":20,"column":2},"end":{"line":76,"column":4}},"8":{"start":{"line":51,"column":12},"end":{"line":53,"column":13}},"9":{"start":{"line":52,"column":14},"end":{"line":52,"column":73}},"10":{"start":{"line":78,"column":2},"end":{"line":80,"column":5}},"11":{"start":{"line":79,"column":4},"end":{"line":79,"column":48}},"12":{"start":{"line":81,"column":2},"end":{"line":83,"column":5}},"13":{"start":{"line":82,"column":4},"end":{"line":82,"column":48}},"14":{"start":{"line":84,"column":2},"end":{"line":84,"column":14}}},"fnMap":{"0":{"name":"(anonymous_0)","decl":{"start":{"line":5,"column":17},"end":{"line":5,"column":18}},"loc":{"start":{"line":5,"column":43},"end":{"line":85,"column":1}},"line":5},"1":{"name":"(anonymous_1)","decl":{"start":{"line":12,"column":4},"end":{"line":12,"column":5}},"loc":{"start":{"line":12,"column":29},"end":{"line":18,"column":5}},"line":12},"2":{"name":"(anonymous_2)","decl":{"start":{"line":50,"column":10},"end":{"line":50,"column":11}},"loc":{"start":{"line":50,"column":29},"end":{"line":54,"column":11}},"line":50},"3":{"name":"(anonymous_3)","decl":{"start":{"line":78,"column":20},"end":{"line":78,"column":21}},"loc":{"start":{"line":78,"column":30},"end":{"line":80,"column":3}},"line":78},"4":{"name":"(anonymous_4)","decl":{"start":{"line":81,"column":20},"end":{"line":81,"column":21}},"loc":{"start":{"line":81,"column":30},"end":{"line":83,"column":3}},"line":81}},"branchMap":{"0":{"loc":{"start":{"line":51,"column":12},"end":{"line":53,"column":13}},"type":"if","locations":[{"start":{"line":51,"column":12},"end":{"line":53,"column":13}},{"start":{"line":51,"column":12},"end":{"line":53,"column":13}}],"line":51}},"s":{"0":7,"1":7,"2":7,"3":7,"4":7,"5":7,"6":7,"7":7,"8":15,"9":1,"10":7,"11":6,"12":7,"13":2,"14":7},"f":{"0":7,"1":7,"2":15,"3":6,"4":2},"b":{"0":[1,14]},"_coverageSchema":"1a1c01bbd47fc00a2c39e90264f33305004495a9","hash":"9687d0f120468c182347cdfa64c6d7a731537ab3"}
,"C:\\Users\\Galuh Alifani\\Documents\\Hacktiv8\\Phase 3\\pelit-server\\routes\\achievement.js": {"path":"C:\\Users\\Galuh Alifani\\Documents\\Hacktiv8\\Phase 3\\pelit-server\\routes\\achievement.js","statementMap":{"0":{"start":{"line":1,"column":16},"end":{"line":1,"column":35}},"1":{"start":{"line":2,"column":15},"end":{"line":2,"column":31}},"2":{"start":{"line":3,"column":19},"end":{"line":3,"column":69}},"3":{"start":{"line":5,"column":0},"end":{"line":5,"column":59}},"4":{"start":{"line":7,"column":0},"end":{"line":7,"column":23}}},"fnMap":{},"branchMap":{},"s":{"0":7,"1":7,"2":7,"3":7,"4":7},"f":{},"b":{},"_coverageSchema":"1a1c01bbd47fc00a2c39e90264f33305004495a9","hash":"98260c49d4920802f8bac874eb7f3b0435a12b2c"}
,"C:\\Users\\Galuh Alifani\\Documents\\Hacktiv8\\Phase 3\\pelit-server\\routes\\badge.js": {"path":"C:\\Users\\Galuh Alifani\\Documents\\Hacktiv8\\Phase 3\\pelit-server\\routes\\badge.js","statementMap":{"0":{"start":{"line":1,"column":16},"end":{"line":1,"column":35}},"1":{"start":{"line":2,"column":15},"end":{"line":2,"column":31}},"2":{"start":{"line":3,"column":19},"end":{"line":3,"column":63}},"3":{"start":{"line":5,"column":0},"end":{"line":5,"column":40}},"4":{"start":{"line":6,"column":0},"end":{"line":6,"column":48}},"5":{"start":{"line":8,"column":0},"end":{"line":8,"column":23}}},"fnMap":{},"branchMap":{},"s":{"0":7,"1":7,"2":7,"3":7,"4":7,"5":7},"f":{},"b":{},"_coverageSchema":"1a1c01bbd47fc00a2c39e90264f33305004495a9","hash":"94f09805322f4c5364a46d80af294a6e807b398d"}
,"C:\\Users\\Galuh Alifani\\Documents\\Hacktiv8\\Phase 3\\pelit-server\\routes\\index.js": {"path":"C:\\Users\\Galuh Alifani\\Documents\\Hacktiv8\\Phase 3\\pelit-server\\routes\\index.js","statementMap":{"0":{"start":{"line":1,"column":16},"end":{"line":1,"column":34}},"1":{"start":{"line":2,"column":15},"end":{"line":2,"column":31}},"2":{"start":{"line":3,"column":27},"end":{"line":3,"column":57}},"3":{"start":{"line":6,"column":11},"end":{"line":6,"column":37}},"4":{"start":{"line":7,"column":19},"end":{"line":7,"column":47}},"5":{"start":{"line":8,"column":13},"end":{"line":8,"column":35}},"6":{"start":{"line":9,"column":12},"end":{"line":9,"column":28}},"7":{"start":{"line":10,"column":12},"end":{"line":10,"column":30}},"8":{"start":{"line":11,"column":18},"end":{"line":11,"column":42}},"9":{"start":{"line":12,"column":18},"end":{"line":12,"column":42}},"10":{"start":{"line":13,"column":21},"end":{"line":13,"column":48}},"11":{"start":{"line":16,"column":0},"end":{"line":16,"column":26}},"12":{"start":{"line":17,"column":0},"end":{"line":17,"column":34}},"13":{"start":{"line":18,"column":0},"end":{"line":18,"column":24}},"14":{"start":{"line":19,"column":0},"end":{"line":19,"column":40}},"15":{"start":{"line":20,"column":0},"end":{"line":20,"column":42}},"16":{"start":{"line":21,"column":0},"end":{"line":21,"column":30}},"17":{"start":{"line":22,"column":0},"end":{"line":22,"column":28}},"18":{"start":{"line":23,"column":0},"end":{"line":23,"column":40}},"19":{"start":{"line":25,"column":0},"end":{"line":25,"column":24}}},"fnMap":{},"branchMap":{},"s":{"0":7,"1":7,"2":7,"3":7,"4":7,"5":7,"6":7,"7":7,"8":7,"9":7,"10":7,"11":7,"12":7,"13":7,"14":7,"15":7,"16":7,"17":7,"18":7,"19":7},"f":{},"b":{},"_coverageSchema":"1a1c01bbd47fc00a2c39e90264f33305004495a9","hash":"e3869be01c5919c3a62c9e1d62079364ae5addf7"}
,"C:\\Users\\Galuh Alifani\\Documents\\Hacktiv8\\Phase 3\\pelit-server\\routes\\loginRouter.js": {"path":"C:\\Users\\Galuh Alifani\\Documents\\Hacktiv8\\Phase 3\\pelit-server\\routes\\loginRouter.js","statementMap":{"0":{"start":{"line":1,"column":24},"end":{"line":1,"column":65}},"1":{"start":{"line":2,"column":15},"end":{"line":2,"column":42}},"2":{"start":{"line":4,"column":0},"end":{"line":4,"column":44}},"3":{"start":{"line":6,"column":0},"end":{"line":6,"column":24}}},"fnMap":{},"branchMap":{},"s":{"0":7,"1":7,"2":7,"3":7},"f":{},"b":{},"_coverageSchema":"1a1c01bbd47fc00a2c39e90264f33305004495a9","hash":"4510ef2cc3996b24e17e7263af70ddf117de4cbb"}
,"C:\\Users\\Galuh Alifani\\Documents\\Hacktiv8\\Phase 3\\pelit-server\\routes\\ocr.js": {"path":"C:\\Users\\Galuh Alifani\\Documents\\Hacktiv8\\Phase 3\\pelit-server\\routes\\ocr.js","statementMap":{"0":{"start":{"line":1,"column":16},"end":{"line":1,"column":35}},"1":{"start":{"line":2,"column":15},"end":{"line":2,"column":31}},"2":{"start":{"line":3,"column":22},"end":{"line":3,"column":61}},"3":{"start":{"line":5,"column":0},"end":{"line":5,"column":39}},"4":{"start":{"line":7,"column":0},"end":{"line":7,"column":23}}},"fnMap":{},"branchMap":{},"s":{"0":7,"1":7,"2":7,"3":7,"4":7},"f":{},"b":{},"_coverageSchema":"1a1c01bbd47fc00a2c39e90264f33305004495a9","hash":"cdbe20a9771d3120f7dab8812853b5cb0f728139"}
,"C:\\Users\\Galuh Alifani\\Documents\\Hacktiv8\\Phase 3\\pelit-server\\routes\\registerRouter.js": {"path":"C:\\Users\\Galuh Alifani\\Documents\\Hacktiv8\\Phase 3\\pelit-server\\routes\\registerRouter.js","statementMap":{"0":{"start":{"line":1,"column":19},"end":{"line":1,"column":64}},"1":{"start":{"line":2,"column":15},"end":{"line":2,"column":42}},"2":{"start":{"line":4,"column":0},"end":{"line":4,"column":42}},"3":{"start":{"line":6,"column":0},"end":{"line":6,"column":24}}},"fnMap":{},"branchMap":{},"s":{"0":7,"1":7,"2":7,"3":7},"f":{},"b":{},"_coverageSchema":"1a1c01bbd47fc00a2c39e90264f33305004495a9","hash":"bfc7cfd0efcf4061139c447472200cb99527e4f9"}
,"C:\\Users\\Galuh Alifani\\Documents\\Hacktiv8\\Phase 3\\pelit-server\\routes\\target.js": {"path":"C:\\Users\\Galuh Alifani\\Documents\\Hacktiv8\\Phase 3\\pelit-server\\routes\\target.js","statementMap":{"0":{"start":{"line":1,"column":16},"end":{"line":1,"column":35}},"1":{"start":{"line":2,"column":15},"end":{"line":2,"column":31}},"2":{"start":{"line":3,"column":19},"end":{"line":3,"column":64}},"3":{"start":{"line":5,"column":0},"end":{"line":5,"column":63}},"4":{"start":{"line":6,"column":0},"end":{"line":6,"column":64}},"5":{"start":{"line":7,"column":0},"end":{"line":7,"column":72}},"6":{"start":{"line":9,"column":0},"end":{"line":9,"column":54}},"7":{"start":{"line":10,"column":0},"end":{"line":10,"column":55}},"8":{"start":{"line":11,"column":0},"end":{"line":11,"column":60}},"9":{"start":{"line":13,"column":0},"end":{"line":13,"column":23}}},"fnMap":{},"branchMap":{},"s":{"0":7,"1":7,"2":7,"3":7,"4":7,"5":7,"6":7,"7":7,"8":7,"9":7},"f":{},"b":{},"_coverageSchema":"1a1c01bbd47fc00a2c39e90264f33305004495a9","hash":"d6f3204e151108b75e8d30e90bda07541b1ac37b"}
,"C:\\Users\\Galuh Alifani\\Documents\\Hacktiv8\\Phase 3\\pelit-server\\routes\\transactions.js": {"path":"C:\\Users\\Galuh Alifani\\Documents\\Hacktiv8\\Phase 3\\pelit-server\\routes\\transactions.js","statementMap":{"0":{"start":{"line":1,"column":16},"end":{"line":1,"column":34}},"1":{"start":{"line":2,"column":20},"end":{"line":2,"column":58}},"2":{"start":{"line":3,"column":15},"end":{"line":3,"column":31}},"3":{"start":{"line":4,"column":17},"end":{"line":4,"column":51}},"4":{"start":{"line":6,"column":15},"end":{"line":6,"column":32}},"5":{"start":{"line":7,"column":15},"end":{"line":7,"column":23}},"6":{"start":{"line":12,"column":0},"end":{"line":12,"column":68}},"7":{"start":{"line":13,"column":0},"end":{"line":13,"column":60}},"8":{"start":{"line":16,"column":0},"end":{"line":16,"column":69}},"9":{"start":{"line":19,"column":0},"end":{"line":19,"column":74}},"10":{"start":{"line":20,"column":0},"end":{"line":20,"column":62}},"11":{"start":{"line":23,"column":0},"end":{"line":23,"column":51}},"12":{"start":{"line":24,"column":0},"end":{"line":24,"column":50}},"13":{"start":{"line":27,"column":0},"end":{"line":32,"column":2}},"14":{"start":{"line":33,"column":0},"end":{"line":33,"column":50}},"15":{"start":{"line":34,"column":0},"end":{"line":34,"column":56}},"16":{"start":{"line":36,"column":0},"end":{"line":36,"column":24}}},"fnMap":{},"branchMap":{},"s":{"0":7,"1":7,"2":7,"3":7,"4":7,"5":7,"6":7,"7":7,"8":7,"9":7,"10":7,"11":7,"12":7,"13":7,"14":7,"15":7,"16":7},"f":{},"b":{},"_coverageSchema":"1a1c01bbd47fc00a2c39e90264f33305004495a9","hash":"41293bad0a8651aa6898f485a9b857f057b993bf"}
,"C:\\Users\\Galuh Alifani\\Documents\\Hacktiv8\\Phase 3\\pelit-server\\routes\\userRouter.js": {"path":"C:\\Users\\Galuh Alifani\\Documents\\Hacktiv8\\Phase 3\\pelit-server\\routes\\userRouter.js","statementMap":{"0":{"start":{"line":1,"column":23},"end":{"line":1,"column":63}},"1":{"start":{"line":2,"column":15},"end":{"line":2,"column":42}},"2":{"start":{"line":4,"column":0},"end":{"line":4,"column":50}},"3":{"start":{"line":5,"column":0},"end":{"line":5,"column":66}},"4":{"start":{"line":6,"column":0},"end":{"line":6,"column":77}},"5":{"start":{"line":7,"column":0},"end":{"line":7,"column":62}},"6":{"start":{"line":8,"column":0},"end":{"line":8,"column":68}},"7":{"start":{"line":9,"column":0},"end":{"line":9,"column":69}},"8":{"start":{"line":11,"column":0},"end":{"line":11,"column":24}}},"fnMap":{},"branchMap":{},"s":{"0":7,"1":7,"2":7,"3":7,"4":7,"5":7,"6":7,"7":7,"8":7},"f":{},"b":{},"_coverageSchema":"1a1c01bbd47fc00a2c39e90264f33305004495a9","hash":"9aecf5ca3200ddb2e8a63244d745e049b3afd536"}
}
