{"E:\\Faisal\\Tugas Hacktiv8\\Phase3\\final-project\\pelit-server\\app.js": {"path":"E:\\Faisal\\Tugas Hacktiv8\\Phase3\\final-project\\pelit-server\\app.js","statementMap":{"0":{"start":{"line":1,"column":0},"end":{"line":3,"column":1}},"1":{"start":{"line":2,"column":2},"end":{"line":2,"column":29}},"2":{"start":{"line":5,"column":16},"end":{"line":5,"column":34}},"3":{"start":{"line":6,"column":13},"end":{"line":6,"column":28}},"4":{"start":{"line":7,"column":12},"end":{"line":7,"column":21}},"5":{"start":{"line":8,"column":13},"end":{"line":8,"column":37}},"6":{"start":{"line":9,"column":15},"end":{"line":9,"column":43}},"7":{"start":{"line":11,"column":0},"end":{"line":11,"column":16}},"8":{"start":{"line":12,"column":0},"end":{"line":12,"column":49}},"9":{"start":{"line":13,"column":0},"end":{"line":13,"column":24}},"10":{"start":{"line":14,"column":0},"end":{"line":14,"column":21}},"11":{"start":{"line":16,"column":0},"end":{"line":16,"column":21}}},"fnMap":{},"branchMap":{"0":{"loc":{"start":{"line":1,"column":0},"end":{"line":3,"column":1}},"type":"if","locations":[{"start":{"line":1,"column":0},"end":{"line":3,"column":1}},{"start":{"line":1,"column":0},"end":{"line":3,"column":1}}],"line":1},"1":{"loc":{"start":{"line":8,"column":13},"end":{"line":8,"column":37}},"type":"binary-expr","locations":[{"start":{"line":8,"column":13},"end":{"line":8,"column":29}},{"start":{"line":8,"column":33},"end":{"line":8,"column":37}}],"line":8}},"s":{"0":7,"1":7,"2":7,"3":7,"4":7,"5":7,"6":7,"7":7,"8":7,"9":7,"10":7,"11":7},"f":{},"b":{"0":[7,0],"1":[7,7]},"_coverageSchema":"1a1c01bbd47fc00a2c39e90264f33305004495a9","hash":"b861125c687abf892b0d0168871940913b039277"}
,"E:\\Faisal\\Tugas Hacktiv8\\Phase3\\final-project\\pelit-server\\OCR\\index.js": {"path":"E:\\Faisal\\Tugas Hacktiv8\\Phase3\\final-project\\pelit-server\\OCR\\index.js","statementMap":{"0":{"start":{"line":1,"column":18},"end":{"line":1,"column":37}},"1":{"start":{"line":2,"column":18},"end":{"line":2,"column":40}},"2":{"start":{"line":4,"column":0},"end":{"line":12,"column":1}},"3":{"start":{"line":5,"column":4},"end":{"line":11,"column":5}},"4":{"start":{"line":6,"column":21},"end":{"line":6,"column":53}},"5":{"start":{"line":7,"column":8},"end":{"line":7,"column":73}},"6":{"start":{"line":7,"column":19},"end":{"line":7,"column":73}},"7":{"start":{"line":8,"column":8},"end":{"line":8,"column":30}},"8":{"start":{"line":10,"column":8},"end":{"line":10,"column":28}}},"fnMap":{"0":{"name":"(anonymous_0)","decl":{"start":{"line":4,"column":17},"end":{"line":4,"column":18}},"loc":{"start":{"line":4,"column":44},"end":{"line":12,"column":1}},"line":4}},"branchMap":{"0":{"loc":{"start":{"line":7,"column":8},"end":{"line":7,"column":73}},"type":"if","locations":[{"start":{"line":7,"column":8},"end":{"line":7,"column":73}},{"start":{"line":7,"column":8},"end":{"line":7,"column":73}}],"line":7}},"s":{"0":7,"1":7,"2":7,"3":0,"4":0,"5":0,"6":0,"7":0,"8":0},"f":{"0":0},"b":{"0":[0,0]},"_coverageSchema":"1a1c01bbd47fc00a2c39e90264f33305004495a9","hash":"72096f97170b6d9306935a53632392a4419ca23f"}
,"E:\\Faisal\\Tugas Hacktiv8\\Phase3\\final-project\\pelit-server\\OCR\\parser.js": {"path":"E:\\Faisal\\Tugas Hacktiv8\\Phase3\\final-project\\pelit-server\\OCR\\parser.js","statementMap":{"0":{"start":{"line":42,"column":23},"end":{"line":56,"column":1}},"1":{"start":{"line":85,"column":13},"end":{"line":150,"column":1}},"2":{"start":{"line":89,"column":4},"end":{"line":89,"column":69}},"3":{"start":{"line":89,"column":15},"end":{"line":89,"column":69}},"4":{"start":{"line":93,"column":4},"end":{"line":100,"column":6}},"5":{"start":{"line":94,"column":8},"end":{"line":99,"column":9}},"6":{"start":{"line":95,"column":28},"end":{"line":95,"column":38}},"7":{"start":{"line":96,"column":12},"end":{"line":96,"column":78}},"8":{"start":{"line":98,"column":12},"end":{"line":98,"column":61}},"9":{"start":{"line":106,"column":16},"end":{"line":106,"column":348}},"10":{"start":{"line":109,"column":17},"end":{"line":109,"column":500}},"11":{"start":{"line":112,"column":17},"end":{"line":112,"column":74}},"12":{"start":{"line":114,"column":4},"end":{"line":128,"column":5}},"13":{"start":{"line":115,"column":25},"end":{"line":115,"column":43}},"14":{"start":{"line":116,"column":8},"end":{"line":116,"column":50}},"15":{"start":{"line":117,"column":8},"end":{"line":117,"column":76}},"16":{"start":{"line":118,"column":11},"end":{"line":128,"column":5}},"17":{"start":{"line":119,"column":26},"end":{"line":119,"column":110}},"18":{"start":{"line":120,"column":25},"end":{"line":120,"column":44}},"19":{"start":{"line":121,"column":8},"end":{"line":121,"column":50}},"20":{"start":{"line":123,"column":8},"end":{"line":123,"column":105}},"21":{"start":{"line":124,"column":11},"end":{"line":128,"column":5}},"22":{"start":{"line":125,"column":25},"end":{"line":125,"column":44}},"23":{"start":{"line":126,"column":8},"end":{"line":126,"column":50}},"24":{"start":{"line":127,"column":8},"end":{"line":127,"column":83}},"25":{"start":{"line":131,"column":26},"end":{"line":131,"column":42}},"26":{"start":{"line":132,"column":24},"end":{"line":132,"column":81}},"27":{"start":{"line":132,"column":52},"end":{"line":132,"column":77}},"28":{"start":{"line":133,"column":4},"end":{"line":133,"column":81}},"29":{"start":{"line":134,"column":29},"end":{"line":134,"column":77}},"30":{"start":{"line":137,"column":4},"end":{"line":141,"column":6}},"31":{"start":{"line":142,"column":4},"end":{"line":146,"column":5}},"32":{"start":{"line":154,"column":0},"end":{"line":154,"column":21}}},"fnMap":{"0":{"name":"(anonymous_0)","decl":{"start":{"line":85,"column":13},"end":{"line":85,"column":14}},"loc":{"start":{"line":85,"column":23},"end":{"line":150,"column":1}},"line":85},"1":{"name":"(anonymous_1)","decl":{"start":{"line":93,"column":27},"end":{"line":93,"column":28}},"loc":{"start":{"line":93,"column":34},"end":{"line":100,"column":5}},"line":93},"2":{"name":"(anonymous_2)","decl":{"start":{"line":132,"column":45},"end":{"line":132,"column":46}},"loc":{"start":{"line":132,"column":52},"end":{"line":132,"column":77}},"line":132}},"branchMap":{"0":{"loc":{"start":{"line":89,"column":4},"end":{"line":89,"column":69}},"type":"if","locations":[{"start":{"line":89,"column":4},"end":{"line":89,"column":69}},{"start":{"line":89,"column":4},"end":{"line":89,"column":69}}],"line":89},"1":{"loc":{"start":{"line":94,"column":8},"end":{"line":99,"column":9}},"type":"if","locations":[{"start":{"line":94,"column":8},"end":{"line":99,"column":9}},{"start":{"line":94,"column":8},"end":{"line":99,"column":9}}],"line":94},"2":{"loc":{"start":{"line":114,"column":4},"end":{"line":128,"column":5}},"type":"if","locations":[{"start":{"line":114,"column":4},"end":{"line":128,"column":5}},{"start":{"line":114,"column":4},"end":{"line":128,"column":5}}],"line":114},"3":{"loc":{"start":{"line":118,"column":11},"end":{"line":128,"column":5}},"type":"if","locations":[{"start":{"line":118,"column":11},"end":{"line":128,"column":5}},{"start":{"line":118,"column":11},"end":{"line":128,"column":5}}],"line":118},"4":{"loc":{"start":{"line":124,"column":11},"end":{"line":128,"column":5}},"type":"if","locations":[{"start":{"line":124,"column":11},"end":{"line":128,"column":5}},{"start":{"line":124,"column":11},"end":{"line":128,"column":5}}],"line":124}},"s":{"0":7,"1":7,"2":0,"3":0,"4":0,"5":0,"6":0,"7":0,"8":0,"9":0,"10":0,"11":0,"12":0,"13":0,"14":0,"15":0,"16":0,"17":0,"18":0,"19":0,"20":0,"21":0,"22":0,"23":0,"24":0,"25":0,"26":0,"27":0,"28":0,"29":0,"30":0,"31":0,"32":7},"f":{"0":0,"1":0,"2":0},"b":{"0":[0,0],"1":[0,0],"2":[0,0],"3":[0,0],"4":[0,0]},"_coverageSchema":"1a1c01bbd47fc00a2c39e90264f33305004495a9","hash":"8a523319fd568d888d412e41f666b7390e01bd62"}
,"E:\\Faisal\\Tugas Hacktiv8\\Phase3\\final-project\\pelit-server\\OCR\\tesseract.js": {"path":"E:\\Faisal\\Tugas Hacktiv8\\Phase3\\final-project\\pelit-server\\OCR\\tesseract.js","statementMap":{"0":{"start":{"line":1,"column":25},"end":{"line":1,"column":48}},"1":{"start":{"line":2,"column":0},"end":{"line":20,"column":1}},"2":{"start":{"line":3,"column":26},"end":{"line":17,"column":8}},"3":{"start":{"line":4,"column":8},"end":{"line":16,"column":9}},"4":{"start":{"line":6,"column":27},"end":{"line":6,"column":41}},"5":{"start":{"line":7,"column":12},"end":{"line":7,"column":32}},"6":{"start":{"line":8,"column":12},"end":{"line":8,"column":45}},"7":{"start":{"line":9,"column":12},"end":{"line":9,"column":43}},"8":{"start":{"line":10,"column":39},"end":{"line":10,"column":78}},"9":{"start":{"line":11,"column":12},"end":{"line":11,"column":37}},"10":{"start":{"line":13,"column":12},"end":{"line":13,"column":23}},"11":{"start":{"line":15,"column":12},"end":{"line":15,"column":32}},"12":{"start":{"line":19,"column":4},"end":{"line":19,"column":24}}},"fnMap":{"0":{"name":"(anonymous_0)","decl":{"start":{"line":2,"column":17},"end":{"line":2,"column":18}},"loc":{"start":{"line":2,"column":38},"end":{"line":20,"column":1}},"line":2},"1":{"name":"(anonymous_1)","decl":{"start":{"line":3,"column":27},"end":{"line":3,"column":28}},"loc":{"start":{"line":3,"column":39},"end":{"line":17,"column":5}},"line":3}},"branchMap":{},"s":{"0":7,"1":7,"2":0,"3":0,"4":0,"5":0,"6":0,"7":0,"8":0,"9":0,"10":0,"11":0,"12":0},"f":{"0":0,"1":0},"b":{},"_coverageSchema":"1a1c01bbd47fc00a2c39e90264f33305004495a9","hash":"ef457ae1d94ba082d8df4949c1901e08d433c1f3"}
,"E:\\Faisal\\Tugas Hacktiv8\\Phase3\\final-project\\pelit-server\\controllers\\controllerAchievement.js": {"path":"E:\\Faisal\\Tugas Hacktiv8\\Phase3\\final-project\\pelit-server\\controllers\\controllerAchievement.js","statementMap":{"0":{"start":{"line":1,"column":37},"end":{"line":1,"column":57}},"1":{"start":{"line":5,"column":17},"end":{"line":5,"column":34}},"2":{"start":{"line":6,"column":18},"end":{"line":6,"column":36}},"3":{"start":{"line":7,"column":25},"end":{"line":7,"column":27}},"4":{"start":{"line":9,"column":18},"end":{"line":9,"column":28}},"5":{"start":{"line":11,"column":4},"end":{"line":11,"column":35}},"6":{"start":{"line":12,"column":4},"end":{"line":12,"column":37}},"7":{"start":{"line":13,"column":4},"end":{"line":13,"column":44}},"8":{"start":{"line":14,"column":4},"end":{"line":14,"column":50}},"9":{"start":{"line":15,"column":4},"end":{"line":15,"column":48}},"10":{"start":{"line":17,"column":4},"end":{"line":23,"column":9}},"11":{"start":{"line":19,"column":8},"end":{"line":19,"column":42}},"12":{"start":{"line":27,"column":0},"end":{"line":27,"column":28}}},"fnMap":{"0":{"name":"(anonymous_0)","decl":{"start":{"line":4,"column":2},"end":{"line":4,"column":3}},"loc":{"start":{"line":4,"column":34},"end":{"line":24,"column":3}},"line":4},"1":{"name":"(anonymous_1)","decl":{"start":{"line":18,"column":12},"end":{"line":18,"column":13}},"loc":{"start":{"line":18,"column":29},"end":{"line":20,"column":7}},"line":18},"2":{"name":"(anonymous_2)","decl":{"start":{"line":21,"column":13},"end":{"line":21,"column":14}},"loc":{"start":{"line":21,"column":22},"end":{"line":23,"column":7}},"line":21}},"branchMap":{},"s":{"0":7,"1":1,"2":1,"3":1,"4":1,"5":1,"6":1,"7":1,"8":1,"9":1,"10":1,"11":1,"12":7},"f":{"0":1,"1":1,"2":0},"b":{},"_coverageSchema":"1a1c01bbd47fc00a2c39e90264f33305004495a9","hash":"aa2a225a08fd645f91733f0f61ecd494960f67ba"}
,"E:\\Faisal\\Tugas Hacktiv8\\Phase3\\final-project\\pelit-server\\controllers\\controllerBadge.js": {"path":"E:\\Faisal\\Tugas Hacktiv8\\Phase3\\final-project\\pelit-server\\controllers\\controllerBadge.js","statementMap":{"0":{"start":{"line":1,"column":24},"end":{"line":1,"column":44}},"1":{"start":{"line":5,"column":4},"end":{"line":14,"column":9}},"2":{"start":{"line":10,"column":8},"end":{"line":10,"column":37}},"3":{"start":{"line":18,"column":18},"end":{"line":18,"column":36}},"4":{"start":{"line":20,"column":4},"end":{"line":31,"column":9}},"5":{"start":{"line":27,"column":8},"end":{"line":27,"column":39}},"6":{"start":{"line":35,"column":0},"end":{"line":35,"column":28}}},"fnMap":{"0":{"name":"(anonymous_0)","decl":{"start":{"line":4,"column":2},"end":{"line":4,"column":3}},"loc":{"start":{"line":4,"column":32},"end":{"line":15,"column":3}},"line":4},"1":{"name":"(anonymous_1)","decl":{"start":{"line":9,"column":12},"end":{"line":9,"column":13}},"loc":{"start":{"line":9,"column":24},"end":{"line":11,"column":7}},"line":9},"2":{"name":"(anonymous_2)","decl":{"start":{"line":12,"column":13},"end":{"line":12,"column":14}},"loc":{"start":{"line":12,"column":22},"end":{"line":14,"column":7}},"line":12},"3":{"name":"(anonymous_3)","decl":{"start":{"line":17,"column":2},"end":{"line":17,"column":3}},"loc":{"start":{"line":17,"column":32},"end":{"line":32,"column":3}},"line":17},"4":{"name":"(anonymous_4)","decl":{"start":{"line":26,"column":12},"end":{"line":26,"column":13}},"loc":{"start":{"line":26,"column":23},"end":{"line":28,"column":7}},"line":26},"5":{"name":"(anonymous_5)","decl":{"start":{"line":29,"column":13},"end":{"line":29,"column":14}},"loc":{"start":{"line":29,"column":22},"end":{"line":31,"column":7}},"line":29}},"branchMap":{},"s":{"0":7,"1":1,"2":1,"3":1,"4":1,"5":1,"6":7},"f":{"0":1,"1":1,"2":0,"3":1,"4":1,"5":0},"b":{},"_coverageSchema":"1a1c01bbd47fc00a2c39e90264f33305004495a9","hash":"8654d28a578081e94fc25c48bee2dd01123ca58d"}
,"E:\\Faisal\\Tugas Hacktiv8\\Phase3\\final-project\\pelit-server\\controllers\\controllerTarget.js": {"path":"E:\\Faisal\\Tugas Hacktiv8\\Phase3\\final-project\\pelit-server\\controllers\\controllerTarget.js","statementMap":{"0":{"start":{"line":1,"column":25},"end":{"line":1,"column":45}},"1":{"start":{"line":5,"column":17},"end":{"line":5,"column":34}},"2":{"start":{"line":7,"column":4},"end":{"line":19,"column":9}},"3":{"start":{"line":15,"column":8},"end":{"line":15,"column":38}},"4":{"start":{"line":23,"column":17},"end":{"line":23,"column":34}},"5":{"start":{"line":25,"column":4},"end":{"line":38,"column":9}},"6":{"start":{"line":34,"column":8},"end":{"line":34,"column":38}},"7":{"start":{"line":42,"column":17},"end":{"line":42,"column":34}},"8":{"start":{"line":44,"column":20},"end":{"line":44,"column":22}},"9":{"start":{"line":45,"column":4},"end":{"line":45,"column":30}},"10":{"start":{"line":46,"column":4},"end":{"line":46,"column":45}},"11":{"start":{"line":47,"column":4},"end":{"line":47,"column":41}},"12":{"start":{"line":48,"column":4},"end":{"line":48,"column":53}},"13":{"start":{"line":49,"column":4},"end":{"line":49,"column":30}},"14":{"start":{"line":51,"column":4},"end":{"line":71,"column":7}},"15":{"start":{"line":59,"column":6},"end":{"line":70,"column":7}},"16":{"start":{"line":60,"column":8},"end":{"line":62,"column":11}},"17":{"start":{"line":64,"column":8},"end":{"line":66,"column":11}},"18":{"start":{"line":65,"column":10},"end":{"line":65,"column":39}},"19":{"start":{"line":93,"column":17},"end":{"line":93,"column":34}},"20":{"start":{"line":95,"column":4},"end":{"line":109,"column":9}},"21":{"start":{"line":105,"column":8},"end":{"line":105,"column":58}},"22":{"start":{"line":129,"column":0},"end":{"line":129,"column":28}}},"fnMap":{"0":{"name":"(anonymous_0)","decl":{"start":{"line":4,"column":2},"end":{"line":4,"column":3}},"loc":{"start":{"line":4,"column":35},"end":{"line":20,"column":3}},"line":4},"1":{"name":"(anonymous_1)","decl":{"start":{"line":14,"column":12},"end":{"line":14,"column":13}},"loc":{"start":{"line":14,"column":25},"end":{"line":16,"column":7}},"line":14},"2":{"name":"(anonymous_2)","decl":{"start":{"line":17,"column":13},"end":{"line":17,"column":14}},"loc":{"start":{"line":17,"column":22},"end":{"line":19,"column":7}},"line":17},"3":{"name":"(anonymous_3)","decl":{"start":{"line":22,"column":2},"end":{"line":22,"column":3}},"loc":{"start":{"line":22,"column":41},"end":{"line":39,"column":3}},"line":22},"4":{"name":"(anonymous_4)","decl":{"start":{"line":33,"column":12},"end":{"line":33,"column":13}},"loc":{"start":{"line":33,"column":25},"end":{"line":35,"column":7}},"line":33},"5":{"name":"(anonymous_5)","decl":{"start":{"line":36,"column":13},"end":{"line":36,"column":14}},"loc":{"start":{"line":36,"column":22},"end":{"line":38,"column":7}},"line":36},"6":{"name":"(anonymous_6)","decl":{"start":{"line":41,"column":2},"end":{"line":41,"column":3}},"loc":{"start":{"line":41,"column":35},"end":{"line":72,"column":3}},"line":41},"7":{"name":"(anonymous_7)","decl":{"start":{"line":58,"column":12},"end":{"line":58,"column":13}},"loc":{"start":{"line":58,"column":25},"end":{"line":71,"column":5}},"line":58},"8":{"name":"(anonymous_8)","decl":{"start":{"line":64,"column":38},"end":{"line":64,"column":39}},"loc":{"start":{"line":64,"column":50},"end":{"line":66,"column":9}},"line":64},"9":{"name":"(anonymous_9)","decl":{"start":{"line":74,"column":2},"end":{"line":74,"column":3}},"loc":{"start":{"line":74,"column":42},"end":{"line":90,"column":3}},"line":74},"10":{"name":"(anonymous_10)","decl":{"start":{"line":92,"column":2},"end":{"line":92,"column":3}},"loc":{"start":{"line":92,"column":48},"end":{"line":110,"column":3}},"line":92},"11":{"name":"(anonymous_11)","decl":{"start":{"line":104,"column":12},"end":{"line":104,"column":13}},"loc":{"start":{"line":104,"column":18},"end":{"line":106,"column":7}},"line":104},"12":{"name":"(anonymous_12)","decl":{"start":{"line":107,"column":13},"end":{"line":107,"column":14}},"loc":{"start":{"line":107,"column":22},"end":{"line":109,"column":7}},"line":107}},"branchMap":{"0":{"loc":{"start":{"line":59,"column":6},"end":{"line":70,"column":7}},"type":"if","locations":[{"start":{"line":59,"column":6},"end":{"line":70,"column":7}},{"start":{"line":59,"column":6},"end":{"line":70,"column":7}}],"line":59}},"s":{"0":7,"1":1,"2":1,"3":1,"4":1,"5":1,"6":1,"7":2,"8":2,"9":2,"10":2,"11":2,"12":2,"13":2,"14":2,"15":2,"16":1,"17":1,"18":1,"19":1,"20":1,"21":1,"22":7},"f":{"0":1,"1":1,"2":0,"3":1,"4":1,"5":0,"6":2,"7":2,"8":1,"9":0,"10":1,"11":1,"12":0},"b":{"0":[1,1]},"_coverageSchema":"1a1c01bbd47fc00a2c39e90264f33305004495a9","hash":"571a6c41df886b62e46e57aa855499ea5bd8a3e7"}
,"E:\\Faisal\\Tugas Hacktiv8\\Phase3\\final-project\\pelit-server\\controllers\\loginController.js": {"path":"E:\\Faisal\\Tugas Hacktiv8\\Phase3\\final-project\\pelit-server\\controllers\\loginController.js","statementMap":{"0":{"start":{"line":1,"column":45},"end":{"line":1,"column":65}},"1":{"start":{"line":2,"column":28},"end":{"line":2,"column":64}},"2":{"start":{"line":3,"column":24},"end":{"line":3,"column":58}},"3":{"start":{"line":7,"column":32},"end":{"line":7,"column":40}},"4":{"start":{"line":8,"column":4},"end":{"line":57,"column":9}},"5":{"start":{"line":15,"column":8},"end":{"line":53,"column":9}},"6":{"start":{"line":16,"column":10},"end":{"line":50,"column":11}},"7":{"start":{"line":17,"column":33},"end":{"line":20,"column":14}},"8":{"start":{"line":21,"column":31},"end":{"line":21,"column":32}},"9":{"start":{"line":22,"column":30},"end":{"line":22,"column":31}},"10":{"start":{"line":23,"column":12},"end":{"line":29,"column":13}},"11":{"start":{"line":23,"column":25},"end":{"line":23,"column":26}},"12":{"start":{"line":24,"column":14},"end":{"line":28,"column":15}},"13":{"start":{"line":25,"column":16},"end":{"line":25,"column":60}},"14":{"start":{"line":27,"column":16},"end":{"line":27,"column":59}},"15":{"start":{"line":30,"column":12},"end":{"line":47,"column":15}},"16":{"start":{"line":49,"column":12},"end":{"line":49,"column":70}},"17":{"start":{"line":52,"column":10},"end":{"line":52,"column":68}},"18":{"start":{"line":61,"column":0},"end":{"line":61,"column":33}}},"fnMap":{"0":{"name":"(anonymous_0)","decl":{"start":{"line":6,"column":2},"end":{"line":6,"column":3}},"loc":{"start":{"line":6,"column":35},"end":{"line":58,"column":3}},"line":6},"1":{"name":"(anonymous_1)","decl":{"start":{"line":14,"column":12},"end":{"line":14,"column":13}},"loc":{"start":{"line":14,"column":22},"end":{"line":54,"column":7}},"line":14},"2":{"name":"(anonymous_2)","decl":{"start":{"line":55,"column":13},"end":{"line":55,"column":14}},"loc":{"start":{"line":55,"column":22},"end":{"line":57,"column":7}},"line":55}},"branchMap":{"0":{"loc":{"start":{"line":15,"column":8},"end":{"line":53,"column":9}},"type":"if","locations":[{"start":{"line":15,"column":8},"end":{"line":53,"column":9}},{"start":{"line":15,"column":8},"end":{"line":53,"column":9}}],"line":15},"1":{"loc":{"start":{"line":16,"column":10},"end":{"line":50,"column":11}},"type":"if","locations":[{"start":{"line":16,"column":10},"end":{"line":50,"column":11}},{"start":{"line":16,"column":10},"end":{"line":50,"column":11}}],"line":16},"2":{"loc":{"start":{"line":24,"column":14},"end":{"line":28,"column":15}},"type":"if","locations":[{"start":{"line":24,"column":14},"end":{"line":28,"column":15}},{"start":{"line":24,"column":14},"end":{"line":28,"column":15}}],"line":24}},"s":{"0":7,"1":7,"2":7,"3":3,"4":3,"5":3,"6":2,"7":1,"8":1,"9":1,"10":1,"11":1,"12":2,"13":1,"14":1,"15":1,"16":1,"17":1,"18":7},"f":{"0":3,"1":3,"2":0},"b":{"0":[2,1],"1":[1,1],"2":[1,1]},"_coverageSchema":"1a1c01bbd47fc00a2c39e90264f33305004495a9","hash":"cc37919aae8f554065515c58fd7b8374e17ea206"}
,"E:\\Faisal\\Tugas Hacktiv8\\Phase3\\final-project\\pelit-server\\controllers\\ocrController.js": {"path":"E:\\Faisal\\Tugas Hacktiv8\\Phase3\\final-project\\pelit-server\\controllers\\ocrController.js","statementMap":{"0":{"start":{"line":1,"column":18},"end":{"line":1,"column":35}},"1":{"start":{"line":5,"column":25},"end":{"line":5,"column":33}},"2":{"start":{"line":6,"column":4},"end":{"line":6,"column":26}},"3":{"start":{"line":8,"column":4},"end":{"line":8,"column":75}},"4":{"start":{"line":8,"column":19},"end":{"line":8,"column":75}},"5":{"start":{"line":10,"column":4},"end":{"line":16,"column":9}},"6":{"start":{"line":12,"column":8},"end":{"line":12,"column":38}},"7":{"start":{"line":23,"column":0},"end":{"line":23,"column":31}}},"fnMap":{"0":{"name":"(anonymous_0)","decl":{"start":{"line":4,"column":2},"end":{"line":4,"column":3}},"loc":{"start":{"line":4,"column":27},"end":{"line":21,"column":3}},"line":4},"1":{"name":"(anonymous_1)","decl":{"start":{"line":11,"column":12},"end":{"line":11,"column":13}},"loc":{"start":{"line":11,"column":25},"end":{"line":13,"column":7}},"line":11},"2":{"name":"(anonymous_2)","decl":{"start":{"line":14,"column":13},"end":{"line":14,"column":14}},"loc":{"start":{"line":14,"column":22},"end":{"line":16,"column":7}},"line":14}},"branchMap":{"0":{"loc":{"start":{"line":8,"column":4},"end":{"line":8,"column":75}},"type":"if","locations":[{"start":{"line":8,"column":4},"end":{"line":8,"column":75}},{"start":{"line":8,"column":4},"end":{"line":8,"column":75}}],"line":8}},"s":{"0":7,"1":0,"2":0,"3":0,"4":0,"5":0,"6":0,"7":7},"f":{"0":0,"1":0,"2":0},"b":{"0":[0,0]},"_coverageSchema":"1a1c01bbd47fc00a2c39e90264f33305004495a9","hash":"048d586e7bf4f975ed3ee63399eaa3017795f7f8"}
,"E:\\Faisal\\Tugas Hacktiv8\\Phase3\\final-project\\pelit-server\\controllers\\registerControlller.js": {"path":"E:\\Faisal\\Tugas Hacktiv8\\Phase3\\final-project\\pelit-server\\controllers\\registerControlller.js","statementMap":{"0":{"start":{"line":1,"column":17},"end":{"line":1,"column":37}},"1":{"start":{"line":5,"column":42},"end":{"line":5,"column":50}},"2":{"start":{"line":6,"column":4},"end":{"line":35,"column":9}},"3":{"start":{"line":15,"column":8},"end":{"line":22,"column":11}},"4":{"start":{"line":25,"column":21},"end":{"line":25,"column":23}},"5":{"start":{"line":26,"column":8},"end":{"line":34,"column":9}},"6":{"start":{"line":30,"column":10},"end":{"line":30,"column":52}},"7":{"start":{"line":30,"column":41},"end":{"line":30,"column":50}},"8":{"start":{"line":31,"column":10},"end":{"line":31,"column":52}},"9":{"start":{"line":39,"column":0},"end":{"line":39,"column":36}}},"fnMap":{"0":{"name":"(anonymous_0)","decl":{"start":{"line":4,"column":2},"end":{"line":4,"column":3}},"loc":{"start":{"line":4,"column":38},"end":{"line":36,"column":3}},"line":4},"1":{"name":"(anonymous_1)","decl":{"start":{"line":14,"column":12},"end":{"line":14,"column":13}},"loc":{"start":{"line":14,"column":22},"end":{"line":23,"column":7}},"line":14},"2":{"name":"(anonymous_2)","decl":{"start":{"line":24,"column":13},"end":{"line":24,"column":14}},"loc":{"start":{"line":24,"column":22},"end":{"line":35,"column":7}},"line":24},"3":{"name":"(anonymous_3)","decl":{"start":{"line":30,"column":34},"end":{"line":30,"column":35}},"loc":{"start":{"line":30,"column":41},"end":{"line":30,"column":50}},"line":30}},"branchMap":{"0":{"loc":{"start":{"line":26,"column":8},"end":{"line":34,"column":9}},"type":"if","locations":[{"start":{"line":26,"column":8},"end":{"line":34,"column":9}},{"start":{"line":26,"column":8},"end":{"line":34,"column":9}}],"line":26},"1":{"loc":{"start":{"line":27,"column":10},"end":{"line":28,"column":49}},"type":"binary-expr","locations":[{"start":{"line":27,"column":10},"end":{"line":27,"column":55}},{"start":{"line":28,"column":10},"end":{"line":28,"column":49}}],"line":27}},"s":{"0":7,"1":8,"2":8,"3":1,"4":7,"5":7,"6":7,"7":10,"8":7,"9":7},"f":{"0":8,"1":1,"2":7,"3":10},"b":{"0":[7,0],"1":[7,7]},"_coverageSchema":"1a1c01bbd47fc00a2c39e90264f33305004495a9","hash":"a9c9715a56bfde8ee2be2e654c33afb30a531cd6"}
,"E:\\Faisal\\Tugas Hacktiv8\\Phase3\\final-project\\pelit-server\\controllers\\transactions.js": {"path":"E:\\Faisal\\Tugas Hacktiv8\\Phase3\\final-project\\pelit-server\\controllers\\transactions.js","statementMap":{"0":{"start":{"line":1,"column":39},"end":{"line":1,"column":59}},"1":{"start":{"line":2,"column":18},"end":{"line":2,"column":38}},"2":{"start":{"line":3,"column":11},"end":{"line":3,"column":23}},"3":{"start":{"line":20,"column":17},"end":{"line":20,"column":35}},"4":{"start":{"line":22,"column":4},"end":{"line":32,"column":9}},"5":{"start":{"line":28,"column":8},"end":{"line":28,"column":35}},"6":{"start":{"line":36,"column":17},"end":{"line":36,"column":35}},"7":{"start":{"line":37,"column":15},"end":{"line":37,"column":30}},"8":{"start":{"line":38,"column":16},"end":{"line":38,"column":31}},"9":{"start":{"line":40,"column":4},"end":{"line":62,"column":9}},"10":{"start":{"line":48,"column":8},"end":{"line":51,"column":11}},"11":{"start":{"line":49,"column":10},"end":{"line":49,"column":61}},"12":{"start":{"line":50,"column":10},"end":{"line":50,"column":21}},"13":{"start":{"line":53,"column":20},"end":{"line":53,"column":21}},"14":{"start":{"line":54,"column":8},"end":{"line":56,"column":9}},"15":{"start":{"line":54,"column":21},"end":{"line":54,"column":22}},"16":{"start":{"line":55,"column":10},"end":{"line":55,"column":34}},"17":{"start":{"line":58,"column":8},"end":{"line":58,"column":46}},"18":{"start":{"line":66,"column":17},"end":{"line":66,"column":35}},"19":{"start":{"line":67,"column":19},"end":{"line":67,"column":36}},"20":{"start":{"line":69,"column":4},"end":{"line":143,"column":9}},"21":{"start":{"line":77,"column":20},"end":{"line":77,"column":22}},"22":{"start":{"line":78,"column":19},"end":{"line":78,"column":23}},"23":{"start":{"line":79,"column":8},"end":{"line":79,"column":26}},"24":{"start":{"line":80,"column":8},"end":{"line":137,"column":11}},"25":{"start":{"line":81,"column":10},"end":{"line":81,"column":61}},"26":{"start":{"line":82,"column":10},"end":{"line":82,"column":42}},"27":{"start":{"line":83,"column":10},"end":{"line":111,"column":11}},"28":{"start":{"line":84,"column":12},"end":{"line":107,"column":13}},"29":{"start":{"line":84,"column":25},"end":{"line":84,"column":26}},"30":{"start":{"line":85,"column":14},"end":{"line":85,"column":66}},"31":{"start":{"line":86,"column":14},"end":{"line":106,"column":15}},"32":{"start":{"line":87,"column":16},"end":{"line":87,"column":28}},"33":{"start":{"line":88,"column":16},"end":{"line":88,"column":45}},"34":{"start":{"line":89,"column":16},"end":{"line":103,"column":19}},"35":{"start":{"line":105,"column":16},"end":{"line":105,"column":29}},"36":{"start":{"line":109,"column":12},"end":{"line":109,"column":59}},"37":{"start":{"line":110,"column":12},"end":{"line":110,"column":25}},"38":{"start":{"line":113,"column":10},"end":{"line":135,"column":11}},"39":{"start":{"line":114,"column":12},"end":{"line":134,"column":15}},"40":{"start":{"line":136,"column":10},"end":{"line":136,"column":21}},"41":{"start":{"line":138,"column":8},"end":{"line":138,"column":50}},"42":{"start":{"line":139,"column":8},"end":{"line":139,"column":36}},"43":{"start":{"line":147,"column":17},"end":{"line":147,"column":35}},"44":{"start":{"line":148,"column":19},"end":{"line":148,"column":36}},"45":{"start":{"line":150,"column":4},"end":{"line":215,"column":9}},"46":{"start":{"line":158,"column":20},"end":{"line":158,"column":22}},"47":{"start":{"line":159,"column":19},"end":{"line":159,"column":23}},"48":{"start":{"line":160,"column":8},"end":{"line":209,"column":11}},"49":{"start":{"line":161,"column":10},"end":{"line":161,"column":61}},"50":{"start":{"line":162,"column":10},"end":{"line":184,"column":11}},"51":{"start":{"line":163,"column":12},"end":{"line":181,"column":13}},"52":{"start":{"line":163,"column":25},"end":{"line":163,"column":26}},"53":{"start":{"line":164,"column":14},"end":{"line":180,"column":15}},"54":{"start":{"line":165,"column":16},"end":{"line":165,"column":28}},"55":{"start":{"line":166,"column":16},"end":{"line":166,"column":45}},"56":{"start":{"line":167,"column":16},"end":{"line":177,"column":19}},"57":{"start":{"line":179,"column":16},"end":{"line":179,"column":29}},"58":{"start":{"line":183,"column":12},"end":{"line":183,"column":25}},"59":{"start":{"line":186,"column":10},"end":{"line":207,"column":11}},"60":{"start":{"line":187,"column":12},"end":{"line":206,"column":15}},"61":{"start":{"line":208,"column":10},"end":{"line":208,"column":21}},"62":{"start":{"line":211,"column":8},"end":{"line":211,"column":36}},"63":{"start":{"line":219,"column":20},"end":{"line":219,"column":40}},"64":{"start":{"line":220,"column":18},"end":{"line":220,"column":36}},"65":{"start":{"line":221,"column":17},"end":{"line":221,"column":35}},"66":{"start":{"line":225,"column":4},"end":{"line":249,"column":9}},"67":{"start":{"line":234,"column":8},"end":{"line":234,"column":36}},"68":{"start":{"line":235,"column":8},"end":{"line":238,"column":11}},"69":{"start":{"line":236,"column":10},"end":{"line":236,"column":61}},"70":{"start":{"line":237,"column":10},"end":{"line":237,"column":21}},"71":{"start":{"line":240,"column":21},"end":{"line":240,"column":22}},"72":{"start":{"line":241,"column":8},"end":{"line":243,"column":9}},"73":{"start":{"line":241,"column":21},"end":{"line":241,"column":22}},"74":{"start":{"line":242,"column":10},"end":{"line":242,"column":46}},"75":{"start":{"line":245,"column":8},"end":{"line":245,"column":71}},"76":{"start":{"line":253,"column":20},"end":{"line":253,"column":40}},"77":{"start":{"line":254,"column":18},"end":{"line":254,"column":36}},"78":{"start":{"line":255,"column":17},"end":{"line":255,"column":35}},"79":{"start":{"line":256,"column":15},"end":{"line":256,"column":30}},"80":{"start":{"line":260,"column":4},"end":{"line":286,"column":9}},"81":{"start":{"line":271,"column":8},"end":{"line":271,"column":36}},"82":{"start":{"line":272,"column":8},"end":{"line":275,"column":11}},"83":{"start":{"line":273,"column":10},"end":{"line":273,"column":61}},"84":{"start":{"line":274,"column":10},"end":{"line":274,"column":21}},"85":{"start":{"line":277,"column":21},"end":{"line":277,"column":22}},"86":{"start":{"line":278,"column":8},"end":{"line":280,"column":9}},"87":{"start":{"line":278,"column":21},"end":{"line":278,"column":22}},"88":{"start":{"line":279,"column":10},"end":{"line":279,"column":46}},"89":{"start":{"line":282,"column":8},"end":{"line":282,"column":71}},"90":{"start":{"line":290,"column":17},"end":{"line":290,"column":34}},"91":{"start":{"line":292,"column":60},"end":{"line":292,"column":68}},"92":{"start":{"line":296,"column":24},"end":{"line":296,"column":43}},"93":{"start":{"line":297,"column":17},"end":{"line":297,"column":31}},"94":{"start":{"line":298,"column":18},"end":{"line":298,"column":32}},"95":{"start":{"line":299,"column":17},"end":{"line":299,"column":43}},"96":{"start":{"line":300,"column":4},"end":{"line":321,"column":5}},"97":{"start":{"line":301,"column":22},"end":{"line":313,"column":8}},"98":{"start":{"line":315,"column":6},"end":{"line":317,"column":9}},"99":{"start":{"line":318,"column":6},"end":{"line":318,"column":36}},"100":{"start":{"line":325,"column":26},"end":{"line":325,"column":51}},"101":{"start":{"line":327,"column":62},"end":{"line":327,"column":70}},"102":{"start":{"line":328,"column":42},"end":{"line":328,"column":51}},"103":{"start":{"line":330,"column":4},"end":{"line":371,"column":5}},"104":{"start":{"line":331,"column":29},"end":{"line":333,"column":8}},"105":{"start":{"line":334,"column":6},"end":{"line":335,"column":74}},"106":{"start":{"line":335,"column":8},"end":{"line":335,"column":74}},"107":{"start":{"line":337,"column":21},"end":{"line":337,"column":42}},"108":{"start":{"line":338,"column":27},"end":{"line":338,"column":72}},"109":{"start":{"line":340,"column":6},"end":{"line":344,"column":7}},"110":{"start":{"line":342,"column":8},"end":{"line":343,"column":72}},"111":{"start":{"line":346,"column":6},"end":{"line":362,"column":8}},"112":{"start":{"line":364,"column":6},"end":{"line":364,"column":32}},"113":{"start":{"line":365,"column":6},"end":{"line":367,"column":9}},"114":{"start":{"line":368,"column":6},"end":{"line":368,"column":50}},"115":{"start":{"line":375,"column":26},"end":{"line":375,"column":51}},"116":{"start":{"line":376,"column":4},"end":{"line":398,"column":5}},"117":{"start":{"line":377,"column":34},"end":{"line":379,"column":8}},"118":{"start":{"line":380,"column":6},"end":{"line":381,"column":74}},"119":{"start":{"line":381,"column":8},"end":{"line":381,"column":74}},"120":{"start":{"line":382,"column":21},"end":{"line":382,"column":47}},"121":{"start":{"line":385,"column":27},"end":{"line":385,"column":72}},"122":{"start":{"line":386,"column":6},"end":{"line":386,"column":65}},"123":{"start":{"line":387,"column":6},"end":{"line":387,"column":26}},"124":{"start":{"line":390,"column":6},"end":{"line":390,"column":36}},"125":{"start":{"line":392,"column":6},"end":{"line":394,"column":9}},"126":{"start":{"line":395,"column":6},"end":{"line":395,"column":50}},"127":{"start":{"line":402,"column":30},"end":{"line":402,"column":40}},"128":{"start":{"line":403,"column":4},"end":{"line":412,"column":5}},"129":{"start":{"line":404,"column":34},"end":{"line":406,"column":8}},"130":{"start":{"line":407,"column":6},"end":{"line":408,"column":74}},"131":{"start":{"line":408,"column":8},"end":{"line":408,"column":74}},"132":{"start":{"line":409,"column":6},"end":{"line":409,"column":48}},"133":{"start":{"line":416,"column":0},"end":{"line":416,"column":39}}},"fnMap":{"0":{"name":"(anonymous_0)","decl":{"start":{"line":19,"column":2},"end":{"line":19,"column":3}},"loc":{"start":{"line":19,"column":34},"end":{"line":33,"column":3}},"line":19},"1":{"name":"(anonymous_1)","decl":{"start":{"line":27,"column":12},"end":{"line":27,"column":13}},"loc":{"start":{"line":27,"column":22},"end":{"line":29,"column":7}},"line":27},"2":{"name":"(anonymous_2)","decl":{"start":{"line":30,"column":13},"end":{"line":30,"column":14}},"loc":{"start":{"line":30,"column":22},"end":{"line":32,"column":7}},"line":30},"3":{"name":"(anonymous_3)","decl":{"start":{"line":35,"column":2},"end":{"line":35,"column":3}},"loc":{"start":{"line":35,"column":29},"end":{"line":63,"column":3}},"line":35},"4":{"name":"(anonymous_4)","decl":{"start":{"line":47,"column":12},"end":{"line":47,"column":13}},"loc":{"start":{"line":47,"column":22},"end":{"line":59,"column":7}},"line":47},"5":{"name":"(anonymous_5)","decl":{"start":{"line":48,"column":21},"end":{"line":48,"column":22}},"loc":{"start":{"line":48,"column":30},"end":{"line":51,"column":9}},"line":48},"6":{"name":"(anonymous_6)","decl":{"start":{"line":60,"column":13},"end":{"line":60,"column":14}},"loc":{"start":{"line":60,"column":22},"end":{"line":62,"column":7}},"line":60},"7":{"name":"(anonymous_7)","decl":{"start":{"line":65,"column":2},"end":{"line":65,"column":3}},"loc":{"start":{"line":65,"column":43},"end":{"line":144,"column":3}},"line":65},"8":{"name":"(anonymous_8)","decl":{"start":{"line":76,"column":12},"end":{"line":76,"column":13}},"loc":{"start":{"line":76,"column":22},"end":{"line":140,"column":7}},"line":76},"9":{"name":"(anonymous_9)","decl":{"start":{"line":80,"column":21},"end":{"line":80,"column":22}},"loc":{"start":{"line":80,"column":30},"end":{"line":137,"column":9}},"line":80},"10":{"name":"(anonymous_10)","decl":{"start":{"line":141,"column":13},"end":{"line":141,"column":14}},"loc":{"start":{"line":141,"column":22},"end":{"line":143,"column":7}},"line":141},"11":{"name":"(anonymous_11)","decl":{"start":{"line":146,"column":2},"end":{"line":146,"column":3}},"loc":{"start":{"line":146,"column":39},"end":{"line":216,"column":3}},"line":146},"12":{"name":"(anonymous_12)","decl":{"start":{"line":157,"column":12},"end":{"line":157,"column":13}},"loc":{"start":{"line":157,"column":22},"end":{"line":212,"column":7}},"line":157},"13":{"name":"(anonymous_13)","decl":{"start":{"line":160,"column":21},"end":{"line":160,"column":22}},"loc":{"start":{"line":160,"column":30},"end":{"line":209,"column":9}},"line":160},"14":{"name":"(anonymous_14)","decl":{"start":{"line":213,"column":13},"end":{"line":213,"column":14}},"loc":{"start":{"line":213,"column":22},"end":{"line":215,"column":7}},"line":213},"15":{"name":"(anonymous_15)","decl":{"start":{"line":218,"column":2},"end":{"line":218,"column":3}},"loc":{"start":{"line":218,"column":38},"end":{"line":250,"column":3}},"line":218},"16":{"name":"(anonymous_16)","decl":{"start":{"line":233,"column":12},"end":{"line":233,"column":13}},"loc":{"start":{"line":233,"column":22},"end":{"line":246,"column":7}},"line":233},"17":{"name":"(anonymous_17)","decl":{"start":{"line":235,"column":32},"end":{"line":235,"column":33}},"loc":{"start":{"line":235,"column":41},"end":{"line":238,"column":9}},"line":235},"18":{"name":"(anonymous_18)","decl":{"start":{"line":247,"column":13},"end":{"line":247,"column":14}},"loc":{"start":{"line":247,"column":22},"end":{"line":249,"column":7}},"line":247},"19":{"name":"(anonymous_19)","decl":{"start":{"line":252,"column":2},"end":{"line":252,"column":3}},"loc":{"start":{"line":252,"column":44},"end":{"line":287,"column":3}},"line":252},"20":{"name":"(anonymous_20)","decl":{"start":{"line":270,"column":12},"end":{"line":270,"column":13}},"loc":{"start":{"line":270,"column":22},"end":{"line":283,"column":7}},"line":270},"21":{"name":"(anonymous_21)","decl":{"start":{"line":272,"column":32},"end":{"line":272,"column":33}},"loc":{"start":{"line":272,"column":41},"end":{"line":275,"column":9}},"line":272},"22":{"name":"(anonymous_22)","decl":{"start":{"line":284,"column":13},"end":{"line":284,"column":14}},"loc":{"start":{"line":284,"column":22},"end":{"line":286,"column":7}},"line":284},"23":{"name":"(anonymous_23)","decl":{"start":{"line":289,"column":2},"end":{"line":289,"column":3}},"loc":{"start":{"line":289,"column":33},"end":{"line":322,"column":3}},"line":289},"24":{"name":"(anonymous_24)","decl":{"start":{"line":323,"column":2},"end":{"line":323,"column":3}},"loc":{"start":{"line":323,"column":32},"end":{"line":372,"column":3}},"line":323},"25":{"name":"(anonymous_25)","decl":{"start":{"line":374,"column":2},"end":{"line":374,"column":3}},"loc":{"start":{"line":374,"column":35},"end":{"line":399,"column":3}},"line":374},"26":{"name":"(anonymous_26)","decl":{"start":{"line":401,"column":2},"end":{"line":401,"column":3}},"loc":{"start":{"line":401,"column":44},"end":{"line":413,"column":3}},"line":401}},"branchMap":{"0":{"loc":{"start":{"line":49,"column":10},"end":{"line":49,"column":60}},"type":"cond-expr","locations":[{"start":{"line":49,"column":36},"end":{"line":49,"column":52}},{"start":{"line":49,"column":56},"end":{"line":49,"column":60}}],"line":49},"1":{"loc":{"start":{"line":81,"column":10},"end":{"line":81,"column":60}},"type":"cond-expr","locations":[{"start":{"line":81,"column":36},"end":{"line":81,"column":52}},{"start":{"line":81,"column":56},"end":{"line":81,"column":60}}],"line":81},"2":{"loc":{"start":{"line":83,"column":10},"end":{"line":111,"column":11}},"type":"if","locations":[{"start":{"line":83,"column":10},"end":{"line":111,"column":11}},{"start":{"line":83,"column":10},"end":{"line":111,"column":11}}],"line":83},"3":{"loc":{"start":{"line":86,"column":14},"end":{"line":106,"column":15}},"type":"if","locations":[{"start":{"line":86,"column":14},"end":{"line":106,"column":15}},{"start":{"line":86,"column":14},"end":{"line":106,"column":15}}],"line":86},"4":{"loc":{"start":{"line":113,"column":10},"end":{"line":135,"column":11}},"type":"if","locations":[{"start":{"line":113,"column":10},"end":{"line":135,"column":11}},{"start":{"line":113,"column":10},"end":{"line":135,"column":11}}],"line":113},"5":{"loc":{"start":{"line":161,"column":10},"end":{"line":161,"column":60}},"type":"cond-expr","locations":[{"start":{"line":161,"column":36},"end":{"line":161,"column":52}},{"start":{"line":161,"column":56},"end":{"line":161,"column":60}}],"line":161},"6":{"loc":{"start":{"line":162,"column":10},"end":{"line":184,"column":11}},"type":"if","locations":[{"start":{"line":162,"column":10},"end":{"line":184,"column":11}},{"start":{"line":162,"column":10},"end":{"line":184,"column":11}}],"line":162},"7":{"loc":{"start":{"line":164,"column":14},"end":{"line":180,"column":15}},"type":"if","locations":[{"start":{"line":164,"column":14},"end":{"line":180,"column":15}},{"start":{"line":164,"column":14},"end":{"line":180,"column":15}}],"line":164},"8":{"loc":{"start":{"line":186,"column":10},"end":{"line":207,"column":11}},"type":"if","locations":[{"start":{"line":186,"column":10},"end":{"line":207,"column":11}},{"start":{"line":186,"column":10},"end":{"line":207,"column":11}}],"line":186},"9":{"loc":{"start":{"line":236,"column":10},"end":{"line":236,"column":60}},"type":"cond-expr","locations":[{"start":{"line":236,"column":36},"end":{"line":236,"column":52}},{"start":{"line":236,"column":56},"end":{"line":236,"column":60}}],"line":236},"10":{"loc":{"start":{"line":273,"column":10},"end":{"line":273,"column":60}},"type":"cond-expr","locations":[{"start":{"line":273,"column":36},"end":{"line":273,"column":52}},{"start":{"line":273,"column":56},"end":{"line":273,"column":60}}],"line":273},"11":{"loc":{"start":{"line":334,"column":6},"end":{"line":335,"column":74}},"type":"if","locations":[{"start":{"line":334,"column":6},"end":{"line":335,"column":74}},{"start":{"line":334,"column":6},"end":{"line":335,"column":74}}],"line":334},"12":{"loc":{"start":{"line":340,"column":6},"end":{"line":344,"column":7}},"type":"if","locations":[{"start":{"line":340,"column":6},"end":{"line":344,"column":7}},{"start":{"line":340,"column":6},"end":{"line":344,"column":7}}],"line":340},"13":{"loc":{"start":{"line":380,"column":6},"end":{"line":381,"column":74}},"type":"if","locations":[{"start":{"line":380,"column":6},"end":{"line":381,"column":74}},{"start":{"line":380,"column":6},"end":{"line":381,"column":74}}],"line":380},"14":{"loc":{"start":{"line":407,"column":6},"end":{"line":408,"column":74}},"type":"if","locations":[{"start":{"line":407,"column":6},"end":{"line":408,"column":74}},{"start":{"line":407,"column":6},"end":{"line":408,"column":74}}],"line":407}},"s":{"0":7,"1":7,"2":7,"3":1,"4":1,"5":1,"6":1,"7":1,"8":1,"9":1,"10":1,"11":1,"12":1,"13":1,"14":1,"15":1,"16":1,"17":1,"18":1,"19":1,"20":1,"21":1,"22":1,"23":1,"24":1,"25":1,"26":1,"27":1,"28":0,"29":0,"30":0,"31":0,"32":0,"33":0,"34":0,"35":0,"36":1,"37":1,"38":1,"39":1,"40":1,"41":1,"42":1,"43":1,"44":1,"45":1,"46":1,"47":1,"48":1,"49":1,"50":1,"51":0,"52":0,"53":0,"54":0,"55":0,"56":0,"57":0,"58":1,"59":1,"60":1,"61":1,"62":1,"63":1,"64":1,"65":1,"66":1,"67":1,"68":1,"69":2,"70":2,"71":1,"72":1,"73":1,"74":2,"75":1,"76":1,"77":1,"78":1,"79":1,"80":1,"81":1,"82":1,"83":2,"84":2,"85":1,"86":1,"87":1,"88":2,"89":1,"90":1,"91":1,"92":1,"93":1,"94":1,"95":1,"96":1,"97":1,"98":1,"99":1,"100":1,"101":1,"102":1,"103":1,"104":1,"105":1,"106":0,"107":1,"108":1,"109":1,"110":0,"111":1,"112":1,"113":1,"114":1,"115":1,"116":1,"117":1,"118":1,"119":0,"120":1,"121":1,"122":1,"123":1,"124":1,"125":1,"126":1,"127":1,"128":1,"129":1,"130":1,"131":0,"132":1,"133":7},"f":{"0":1,"1":1,"2":0,"3":1,"4":1,"5":1,"6":0,"7":1,"8":1,"9":1,"10":0,"11":1,"12":1,"13":1,"14":0,"15":1,"16":1,"17":2,"18":0,"19":1,"20":1,"21":2,"22":0,"23":1,"24":1,"25":1,"26":1},"b":{"0":[1,0],"1":[1,0],"2":[0,1],"3":[0,0],"4":[1,0],"5":[1,0],"6":[0,1],"7":[0,0],"8":[1,0],"9":[2,0],"10":[2,0],"11":[0,1],"12":[0,1],"13":[0,1],"14":[0,1]},"_coverageSchema":"1a1c01bbd47fc00a2c39e90264f33305004495a9","hash":"894d0b21a6ffd9cae883114a30c210f8afc27673"}
,"E:\\Faisal\\Tugas Hacktiv8\\Phase3\\final-project\\pelit-server\\controllers\\userController.js": {"path":"E:\\Faisal\\Tugas Hacktiv8\\Phase3\\final-project\\pelit-server\\controllers\\userController.js","statementMap":{"0":{"start":{"line":1,"column":45},"end":{"line":1,"column":65}},"1":{"start":{"line":2,"column":25},"end":{"line":2,"column":61}},"2":{"start":{"line":6,"column":17},"end":{"line":6,"column":35}},"3":{"start":{"line":7,"column":4},"end":{"line":47,"column":9}},"4":{"start":{"line":12,"column":8},"end":{"line":43,"column":9}},"5":{"start":{"line":13,"column":29},"end":{"line":13,"column":30}},"6":{"start":{"line":14,"column":28},"end":{"line":14,"column":29}},"7":{"start":{"line":15,"column":10},"end":{"line":21,"column":11}},"8":{"start":{"line":15,"column":23},"end":{"line":15,"column":24}},"9":{"start":{"line":16,"column":12},"end":{"line":20,"column":13}},"10":{"start":{"line":17,"column":14},"end":{"line":17,"column":58}},"11":{"start":{"line":19,"column":14},"end":{"line":19,"column":57}},"12":{"start":{"line":23,"column":23},"end":{"line":39,"column":11}},"13":{"start":{"line":40,"column":10},"end":{"line":40,"column":39}},"14":{"start":{"line":42,"column":10},"end":{"line":42,"column":62}},"15":{"start":{"line":51,"column":24},"end":{"line":51,"column":32}},"16":{"start":{"line":52,"column":15},"end":{"line":52,"column":32}},"17":{"start":{"line":53,"column":4},"end":{"line":62,"column":9}},"18":{"start":{"line":55,"column":8},"end":{"line":58,"column":11}},"19":{"start":{"line":66,"column":29},"end":{"line":66,"column":37}},"20":{"start":{"line":67,"column":15},"end":{"line":67,"column":32}},"21":{"start":{"line":68,"column":4},"end":{"line":77,"column":9}},"22":{"start":{"line":70,"column":8},"end":{"line":73,"column":11}},"23":{"start":{"line":81,"column":22},"end":{"line":81,"column":30}},"24":{"start":{"line":82,"column":15},"end":{"line":82,"column":32}},"25":{"start":{"line":83,"column":4},"end":{"line":92,"column":9}},"26":{"start":{"line":85,"column":8},"end":{"line":88,"column":11}},"27":{"start":{"line":96,"column":25},"end":{"line":96,"column":33}},"28":{"start":{"line":97,"column":15},"end":{"line":97,"column":32}},"29":{"start":{"line":98,"column":4},"end":{"line":106,"column":9}},"30":{"start":{"line":100,"column":8},"end":{"line":102,"column":11}},"31":{"start":{"line":110,"column":25},"end":{"line":110,"column":33}},"32":{"start":{"line":111,"column":15},"end":{"line":111,"column":32}},"33":{"start":{"line":112,"column":4},"end":{"line":121,"column":9}},"34":{"start":{"line":114,"column":8},"end":{"line":117,"column":11}},"35":{"start":{"line":125,"column":0},"end":{"line":125,"column":32}}},"fnMap":{"0":{"name":"(anonymous_0)","decl":{"start":{"line":5,"column":2},"end":{"line":5,"column":3}},"loc":{"start":{"line":5,"column":30},"end":{"line":48,"column":3}},"line":5},"1":{"name":"(anonymous_1)","decl":{"start":{"line":11,"column":12},"end":{"line":11,"column":13}},"loc":{"start":{"line":11,"column":22},"end":{"line":44,"column":7}},"line":11},"2":{"name":"(anonymous_2)","decl":{"start":{"line":45,"column":13},"end":{"line":45,"column":14}},"loc":{"start":{"line":45,"column":22},"end":{"line":47,"column":7}},"line":45},"3":{"name":"(anonymous_3)","decl":{"start":{"line":50,"column":2},"end":{"line":50,"column":3}},"loc":{"start":{"line":50,"column":36},"end":{"line":63,"column":3}},"line":50},"4":{"name":"(anonymous_4)","decl":{"start":{"line":54,"column":12},"end":{"line":54,"column":13}},"loc":{"start":{"line":54,"column":22},"end":{"line":59,"column":7}},"line":54},"5":{"name":"(anonymous_5)","decl":{"start":{"line":60,"column":13},"end":{"line":60,"column":14}},"loc":{"start":{"line":60,"column":22},"end":{"line":62,"column":7}},"line":60},"6":{"name":"(anonymous_6)","decl":{"start":{"line":65,"column":2},"end":{"line":65,"column":3}},"loc":{"start":{"line":65,"column":41},"end":{"line":78,"column":3}},"line":65},"7":{"name":"(anonymous_7)","decl":{"start":{"line":69,"column":12},"end":{"line":69,"column":13}},"loc":{"start":{"line":69,"column":22},"end":{"line":74,"column":7}},"line":69},"8":{"name":"(anonymous_8)","decl":{"start":{"line":75,"column":13},"end":{"line":75,"column":14}},"loc":{"start":{"line":75,"column":22},"end":{"line":77,"column":7}},"line":75},"9":{"name":"(anonymous_9)","decl":{"start":{"line":80,"column":2},"end":{"line":80,"column":3}},"loc":{"start":{"line":80,"column":34},"end":{"line":93,"column":3}},"line":80},"10":{"name":"(anonymous_10)","decl":{"start":{"line":84,"column":12},"end":{"line":84,"column":13}},"loc":{"start":{"line":84,"column":22},"end":{"line":89,"column":7}},"line":84},"11":{"name":"(anonymous_11)","decl":{"start":{"line":90,"column":13},"end":{"line":90,"column":14}},"loc":{"start":{"line":90,"column":22},"end":{"line":92,"column":7}},"line":90},"12":{"name":"(anonymous_12)","decl":{"start":{"line":95,"column":2},"end":{"line":95,"column":3}},"loc":{"start":{"line":95,"column":37},"end":{"line":107,"column":3}},"line":95},"13":{"name":"(anonymous_13)","decl":{"start":{"line":99,"column":12},"end":{"line":99,"column":13}},"loc":{"start":{"line":99,"column":22},"end":{"line":103,"column":7}},"line":99},"14":{"name":"(anonymous_14)","decl":{"start":{"line":104,"column":13},"end":{"line":104,"column":14}},"loc":{"start":{"line":104,"column":22},"end":{"line":106,"column":7}},"line":104},"15":{"name":"(anonymous_15)","decl":{"start":{"line":109,"column":2},"end":{"line":109,"column":3}},"loc":{"start":{"line":109,"column":37},"end":{"line":122,"column":3}},"line":109},"16":{"name":"(anonymous_16)","decl":{"start":{"line":113,"column":12},"end":{"line":113,"column":13}},"loc":{"start":{"line":113,"column":22},"end":{"line":118,"column":7}},"line":113},"17":{"name":"(anonymous_17)","decl":{"start":{"line":119,"column":13},"end":{"line":119,"column":14}},"loc":{"start":{"line":119,"column":22},"end":{"line":121,"column":7}},"line":119}},"branchMap":{"0":{"loc":{"start":{"line":12,"column":8},"end":{"line":43,"column":9}},"type":"if","locations":[{"start":{"line":12,"column":8},"end":{"line":43,"column":9}},{"start":{"line":12,"column":8},"end":{"line":43,"column":9}}],"line":12},"1":{"loc":{"start":{"line":16,"column":12},"end":{"line":20,"column":13}},"type":"if","locations":[{"start":{"line":16,"column":12},"end":{"line":20,"column":13}},{"start":{"line":16,"column":12},"end":{"line":20,"column":13}}],"line":16}},"s":{"0":7,"1":7,"2":2,"3":2,"4":2,"5":1,"6":1,"7":1,"8":1,"9":2,"10":1,"11":1,"12":1,"13":1,"14":1,"15":1,"16":1,"17":1,"18":1,"19":1,"20":1,"21":1,"22":1,"23":1,"24":1,"25":1,"26":1,"27":1,"28":1,"29":1,"30":1,"31":2,"32":2,"33":2,"34":2,"35":7},"f":{"0":2,"1":2,"2":0,"3":1,"4":1,"5":0,"6":1,"7":1,"8":0,"9":1,"10":1,"11":0,"12":1,"13":1,"14":0,"15":2,"16":2,"17":0},"b":{"0":[1,1],"1":[1,1]},"_coverageSchema":"1a1c01bbd47fc00a2c39e90264f33305004495a9","hash":"ae0acef01ef76d53a8913644dcb07db22c6030cf"}
,"E:\\Faisal\\Tugas Hacktiv8\\Phase3\\final-project\\pelit-server\\helpers\\dateParser.js": {"path":"E:\\Faisal\\Tugas Hacktiv8\\Phase3\\final-project\\pelit-server\\helpers\\dateParser.js","statementMap":{"0":{"start":{"line":2,"column":4},"end":{"line":2,"column":89}},"1":{"start":{"line":6,"column":4},"end":{"line":6,"column":43}},"2":{"start":{"line":10,"column":4},"end":{"line":10,"column":36}},"3":{"start":{"line":14,"column":4},"end":{"line":14,"column":76}},"4":{"start":{"line":18,"column":4},"end":{"line":18,"column":61}},"5":{"start":{"line":23,"column":0},"end":{"line":29,"column":1}}},"fnMap":{"0":{"name":"randomDate","decl":{"start":{"line":1,"column":9},"end":{"line":1,"column":19}},"loc":{"start":{"line":1,"column":32},"end":{"line":3,"column":1}},"line":1},"1":{"name":"sqlDateFormat","decl":{"start":{"line":5,"column":9},"end":{"line":5,"column":22}},"loc":{"start":{"line":5,"column":29},"end":{"line":7,"column":1}},"line":5},"2":{"name":"localeDateString","decl":{"start":{"line":9,"column":9},"end":{"line":9,"column":25}},"loc":{"start":{"line":9,"column":32},"end":{"line":11,"column":1}},"line":9},"3":{"name":"thirtyDaysFromNow","decl":{"start":{"line":13,"column":9},"end":{"line":13,"column":26}},"loc":{"start":{"line":13,"column":43},"end":{"line":15,"column":1}},"line":13},"4":{"name":"randomIntFromInterval","decl":{"start":{"line":17,"column":9},"end":{"line":17,"column":30}},"loc":{"start":{"line":17,"column":41},"end":{"line":19,"column":1}},"line":17}},"branchMap":{},"s":{"0":13,"1":23,"2":0,"3":13,"4":13,"5":5},"f":{"0":13,"1":23,"2":0,"3":13,"4":13},"b":{},"_coverageSchema":"1a1c01bbd47fc00a2c39e90264f33305004495a9","hash":"9225ba99383ad8580446007342601475a2278e5f"}
,"E:\\Faisal\\Tugas Hacktiv8\\Phase3\\final-project\\pelit-server\\helpers\\jsonWebToken.js": {"path":"E:\\Faisal\\Tugas Hacktiv8\\Phase3\\final-project\\pelit-server\\helpers\\jsonWebToken.js","statementMap":{"0":{"start":{"line":1,"column":12},"end":{"line":1,"column":35}},"1":{"start":{"line":4,"column":2},"end":{"line":4,"column":48}},"2":{"start":{"line":10,"column":0},"end":{"line":13,"column":2}}},"fnMap":{"0":{"name":"generateJWT","decl":{"start":{"line":3,"column":9},"end":{"line":3,"column":20}},"loc":{"start":{"line":3,"column":30},"end":{"line":5,"column":1}},"line":3},"1":{"name":"validateJWT","decl":{"start":{"line":6,"column":9},"end":{"line":6,"column":20}},"loc":{"start":{"line":6,"column":28},"end":{"line":8,"column":1}},"line":6}},"branchMap":{},"s":{"0":7,"1":1,"2":7},"f":{"0":1,"1":0},"b":{},"_coverageSchema":"1a1c01bbd47fc00a2c39e90264f33305004495a9","hash":"a7cd279b7c4767055a71cf62af600d4e26676e7c"}
,"E:\\Faisal\\Tugas Hacktiv8\\Phase3\\final-project\\pelit-server\\helpers\\passwordBcrypt.js": {"path":"E:\\Faisal\\Tugas Hacktiv8\\Phase3\\final-project\\pelit-server\\helpers\\passwordBcrypt.js","statementMap":{"0":{"start":{"line":1,"column":15},"end":{"line":1,"column":34}},"1":{"start":{"line":2,"column":13},"end":{"line":2,"column":35}},"2":{"start":{"line":5,"column":2},"end":{"line":5,"column":41}},"3":{"start":{"line":9,"column":2},"end":{"line":9,"column":55}},"4":{"start":{"line":12,"column":0},"end":{"line":15,"column":2}}},"fnMap":{"0":{"name":"passwordHash","decl":{"start":{"line":4,"column":9},"end":{"line":4,"column":21}},"loc":{"start":{"line":4,"column":32},"end":{"line":6,"column":1}},"line":4},"1":{"name":"comparePassword","decl":{"start":{"line":8,"column":9},"end":{"line":8,"column":24}},"loc":{"start":{"line":8,"column":52},"end":{"line":10,"column":1}},"line":8}},"branchMap":{},"s":{"0":7,"1":7,"2":10,"3":2,"4":7},"f":{"0":10,"1":2},"b":{},"_coverageSchema":"1a1c01bbd47fc00a2c39e90264f33305004495a9","hash":"0158d3c34f0c429b182ce00e3ddd8168f3e98064"}
,"E:\\Faisal\\Tugas Hacktiv8\\Phase3\\final-project\\pelit-server\\middlewares\\imageKit.js": {"path":"E:\\Faisal\\Tugas Hacktiv8\\Phase3\\final-project\\pelit-server\\middlewares\\imageKit.js","statementMap":{"0":{"start":{"line":1,"column":14},"end":{"line":1,"column":38}},"1":{"start":{"line":2,"column":17},"end":{"line":2,"column":37}},"2":{"start":{"line":3,"column":15},"end":{"line":3,"column":39}},"3":{"start":{"line":6,"column":2},"end":{"line":49,"column":3}},"4":{"start":{"line":23,"column":18},"end":{"line":25,"column":5}},"5":{"start":{"line":26,"column":17},"end":{"line":26,"column":31}},"6":{"start":{"line":27,"column":4},"end":{"line":27,"column":60}},"7":{"start":{"line":28,"column":4},"end":{"line":28,"column":51}},"8":{"start":{"line":30,"column":4},"end":{"line":46,"column":9}},"9":{"start":{"line":40,"column":8},"end":{"line":40,"column":39}},"10":{"start":{"line":41,"column":8},"end":{"line":41,"column":15}},"11":{"start":{"line":44,"column":8},"end":{"line":44,"column":51}},"12":{"start":{"line":45,"column":8},"end":{"line":45,"column":67}},"13":{"start":{"line":48,"column":4},"end":{"line":48,"column":11}},"14":{"start":{"line":52,"column":0},"end":{"line":52,"column":26}}},"fnMap":{"0":{"name":"imageKit","decl":{"start":{"line":5,"column":9},"end":{"line":5,"column":17}},"loc":{"start":{"line":5,"column":34},"end":{"line":50,"column":1}},"line":5},"1":{"name":"(anonymous_1)","decl":{"start":{"line":39,"column":12},"end":{"line":39,"column":13}},"loc":{"start":{"line":39,"column":24},"end":{"line":42,"column":7}},"line":39},"2":{"name":"(anonymous_2)","decl":{"start":{"line":43,"column":13},"end":{"line":43,"column":14}},"loc":{"start":{"line":43,"column":22},"end":{"line":46,"column":7}},"line":43}},"branchMap":{"0":{"loc":{"start":{"line":6,"column":2},"end":{"line":49,"column":3}},"type":"if","locations":[{"start":{"line":6,"column":2},"end":{"line":49,"column":3}},{"start":{"line":6,"column":2},"end":{"line":49,"column":3}}],"line":6}},"s":{"0":7,"1":7,"2":7,"3":1,"4":0,"5":0,"6":0,"7":0,"8":0,"9":0,"10":0,"11":0,"12":0,"13":1,"14":7},"f":{"0":1,"1":0,"2":0},"b":{"0":[0,1]},"_coverageSchema":"1a1c01bbd47fc00a2c39e90264f33305004495a9","hash":"dcc34afa8845823acdad71aac002ed2f8b56023d"}
,"E:\\Faisal\\Tugas Hacktiv8\\Phase3\\final-project\\pelit-server\\models\\achievement.js": {"path":"E:\\Faisal\\Tugas Hacktiv8\\Phase3\\final-project\\pelit-server\\models\\achievement.js","statementMap":{"0":{"start":{"line":4,"column":4},"end":{"line":4,"column":24}},"1":{"start":{"line":5,"column":0},"end":{"line":35,"column":2}},"2":{"start":{"line":14,"column":6},"end":{"line":14,"column":64}},"3":{"start":{"line":15,"column":6},"end":{"line":15,"column":66}},"4":{"start":{"line":18,"column":2},"end":{"line":33,"column":5}},"5":{"start":{"line":34,"column":2},"end":{"line":34,"column":21}}},"fnMap":{"0":{"name":"(anonymous_0)","decl":{"start":{"line":5,"column":17},"end":{"line":5,"column":18}},"loc":{"start":{"line":5,"column":43},"end":{"line":35,"column":1}},"line":5},"1":{"name":"(anonymous_1)","decl":{"start":{"line":12,"column":4},"end":{"line":12,"column":5}},"loc":{"start":{"line":12,"column":29},"end":{"line":16,"column":5}},"line":12}},"branchMap":{},"s":{"0":7,"1":7,"2":7,"3":7,"4":7,"5":7},"f":{"0":7,"1":7},"b":{},"_coverageSchema":"1a1c01bbd47fc00a2c39e90264f33305004495a9","hash":"76f1c3df32ceee830e4d03b16622f3bdfd454e5f"}
,"E:\\Faisal\\Tugas Hacktiv8\\Phase3\\final-project\\pelit-server\\models\\badge.js": {"path":"E:\\Faisal\\Tugas Hacktiv8\\Phase3\\final-project\\pelit-server\\models\\badge.js","statementMap":{"0":{"start":{"line":4,"column":4},"end":{"line":4,"column":24}},"1":{"start":{"line":5,"column":0},"end":{"line":27,"column":2}},"2":{"start":{"line":14,"column":6},"end":{"line":14,"column":67}},"3":{"start":{"line":15,"column":6},"end":{"line":15,"column":64}},"4":{"start":{"line":18,"column":2},"end":{"line":25,"column":5}},"5":{"start":{"line":26,"column":2},"end":{"line":26,"column":15}}},"fnMap":{"0":{"name":"(anonymous_0)","decl":{"start":{"line":5,"column":17},"end":{"line":5,"column":18}},"loc":{"start":{"line":5,"column":43},"end":{"line":27,"column":1}},"line":5},"1":{"name":"(anonymous_1)","decl":{"start":{"line":12,"column":4},"end":{"line":12,"column":5}},"loc":{"start":{"line":12,"column":29},"end":{"line":16,"column":5}},"line":12}},"branchMap":{},"s":{"0":7,"1":7,"2":7,"3":7,"4":7,"5":7},"f":{"0":7,"1":7},"b":{},"_coverageSchema":"1a1c01bbd47fc00a2c39e90264f33305004495a9","hash":"662047e00fffb4b22564fef946a65db914888905"}
,"E:\\Faisal\\Tugas Hacktiv8\\Phase3\\final-project\\pelit-server\\models\\history.js": {"path":"E:\\Faisal\\Tugas Hacktiv8\\Phase3\\final-project\\pelit-server\\models\\history.js","statementMap":{"0":{"start":{"line":4,"column":4},"end":{"line":4,"column":24}},"1":{"start":{"line":5,"column":0},"end":{"line":23,"column":2}},"2":{"start":{"line":16,"column":2},"end":{"line":21,"column":5}},"3":{"start":{"line":22,"column":2},"end":{"line":22,"column":17}}},"fnMap":{"0":{"name":"(anonymous_0)","decl":{"start":{"line":5,"column":17},"end":{"line":5,"column":18}},"loc":{"start":{"line":5,"column":43},"end":{"line":23,"column":1}},"line":5},"1":{"name":"(anonymous_1)","decl":{"start":{"line":12,"column":4},"end":{"line":12,"column":5}},"loc":{"start":{"line":12,"column":29},"end":{"line":14,"column":5}},"line":12}},"branchMap":{},"s":{"0":7,"1":7,"2":7,"3":7},"f":{"0":7,"1":7},"b":{},"_coverageSchema":"1a1c01bbd47fc00a2c39e90264f33305004495a9","hash":"076d190ae991c663500c8d49ba92ad3fe91b0aed"}
,"E:\\Faisal\\Tugas Hacktiv8\\Phase3\\final-project\\pelit-server\\models\\index.js": {"path":"E:\\Faisal\\Tugas Hacktiv8\\Phase3\\final-project\\pelit-server\\models\\index.js","statementMap":{"0":{"start":{"line":3,"column":11},"end":{"line":3,"column":24}},"1":{"start":{"line":4,"column":13},"end":{"line":4,"column":28}},"2":{"start":{"line":5,"column":18},"end":{"line":5,"column":38}},"3":{"start":{"line":6,"column":17},"end":{"line":6,"column":42}},"4":{"start":{"line":7,"column":12},"end":{"line":7,"column":49}},"5":{"start":{"line":8,"column":15},"end":{"line":8,"column":65}},"6":{"start":{"line":9,"column":11},"end":{"line":9,"column":13}},"7":{"start":{"line":12,"column":0},"end":{"line":16,"column":1}},"8":{"start":{"line":13,"column":2},"end":{"line":13,"column":74}},"9":{"start":{"line":15,"column":2},"end":{"line":15,"column":87}},"10":{"start":{"line":18,"column":0},"end":{"line":26,"column":5}},"11":{"start":{"line":21,"column":4},"end":{"line":21,"column":90}},"12":{"start":{"line":24,"column":18},"end":{"line":24,"column":85}},"13":{"start":{"line":25,"column":4},"end":{"line":25,"column":27}},"14":{"start":{"line":28,"column":0},"end":{"line":32,"column":3}},"15":{"start":{"line":29,"column":2},"end":{"line":31,"column":3}},"16":{"start":{"line":30,"column":4},"end":{"line":30,"column":32}},"17":{"start":{"line":34,"column":0},"end":{"line":34,"column":25}},"18":{"start":{"line":35,"column":0},"end":{"line":35,"column":25}},"19":{"start":{"line":37,"column":0},"end":{"line":37,"column":20}}},"fnMap":{"0":{"name":"(anonymous_0)","decl":{"start":{"line":20,"column":10},"end":{"line":20,"column":11}},"loc":{"start":{"line":20,"column":18},"end":{"line":22,"column":3}},"line":20},"1":{"name":"(anonymous_1)","decl":{"start":{"line":23,"column":11},"end":{"line":23,"column":12}},"loc":{"start":{"line":23,"column":19},"end":{"line":26,"column":3}},"line":23},"2":{"name":"(anonymous_2)","decl":{"start":{"line":28,"column":24},"end":{"line":28,"column":25}},"loc":{"start":{"line":28,"column":37},"end":{"line":32,"column":1}},"line":28}},"branchMap":{"0":{"loc":{"start":{"line":7,"column":12},"end":{"line":7,"column":49}},"type":"binary-expr","locations":[{"start":{"line":7,"column":12},"end":{"line":7,"column":32}},{"start":{"line":7,"column":36},"end":{"line":7,"column":49}}],"line":7},"1":{"loc":{"start":{"line":12,"column":0},"end":{"line":16,"column":1}},"type":"if","locations":[{"start":{"line":12,"column":0},"end":{"line":16,"column":1}},{"start":{"line":12,"column":0},"end":{"line":16,"column":1}}],"line":12},"2":{"loc":{"start":{"line":21,"column":11},"end":{"line":21,"column":89}},"type":"binary-expr","locations":[{"start":{"line":21,"column":12},"end":{"line":21,"column":35}},{"start":{"line":21,"column":41},"end":{"line":21,"column":58}},{"start":{"line":21,"column":64},"end":{"line":21,"column":88}}],"line":21},"3":{"loc":{"start":{"line":29,"column":2},"end":{"line":31,"column":3}},"type":"if","locations":[{"start":{"line":29,"column":2},"end":{"line":31,"column":3}},{"start":{"line":29,"column":2},"end":{"line":31,"column":3}}],"line":29}},"s":{"0":7,"1":7,"2":7,"3":7,"4":7,"5":7,"6":7,"7":7,"8":0,"9":7,"10":7,"11":49,"12":42,"13":42,"14":7,"15":42,"16":42,"17":7,"18":7,"19":7},"f":{"0":49,"1":42,"2":42},"b":{"0":[7,0],"1":[0,7],"2":[49,49,42],"3":[42,0]},"_coverageSchema":"1a1c01bbd47fc00a2c39e90264f33305004495a9","hash":"7e8939801d0ac9fe04a6db226797d2ae5dfe1f41"}
,"E:\\Faisal\\Tugas Hacktiv8\\Phase3\\final-project\\pelit-server\\models\\target.js": {"path":"E:\\Faisal\\Tugas Hacktiv8\\Phase3\\final-project\\pelit-server\\models\\target.js","statementMap":{"0":{"start":{"line":4,"column":4},"end":{"line":4,"column":24}},"1":{"start":{"line":5,"column":0},"end":{"line":28,"column":2}},"2":{"start":{"line":14,"column":6},"end":{"line":14,"column":59}},"3":{"start":{"line":17,"column":2},"end":{"line":26,"column":5}},"4":{"start":{"line":27,"column":2},"end":{"line":27,"column":16}}},"fnMap":{"0":{"name":"(anonymous_0)","decl":{"start":{"line":5,"column":17},"end":{"line":5,"column":18}},"loc":{"start":{"line":5,"column":43},"end":{"line":28,"column":1}},"line":5},"1":{"name":"(anonymous_1)","decl":{"start":{"line":12,"column":4},"end":{"line":12,"column":5}},"loc":{"start":{"line":12,"column":29},"end":{"line":15,"column":5}},"line":12}},"branchMap":{},"s":{"0":7,"1":7,"2":7,"3":7,"4":7},"f":{"0":7,"1":7},"b":{},"_coverageSchema":"1a1c01bbd47fc00a2c39e90264f33305004495a9","hash":"fc75c9fa76e2fbe08ca9f2d0b13788a5f44f9ca4"}
,"E:\\Faisal\\Tugas Hacktiv8\\Phase3\\final-project\\pelit-server\\models\\transaction.js": {"path":"E:\\Faisal\\Tugas Hacktiv8\\Phase3\\final-project\\pelit-server\\models\\transaction.js","statementMap":{"0":{"start":{"line":4,"column":4},"end":{"line":4,"column":24}},"1":{"start":{"line":5,"column":0},"end":{"line":34,"column":2}},"2":{"start":{"line":14,"column":6},"end":{"line":14,"column":64}},"3":{"start":{"line":17,"column":2},"end":{"line":32,"column":5}},"4":{"start":{"line":33,"column":2},"end":{"line":33,"column":21}}},"fnMap":{"0":{"name":"(anonymous_0)","decl":{"start":{"line":5,"column":17},"end":{"line":5,"column":18}},"loc":{"start":{"line":5,"column":43},"end":{"line":34,"column":1}},"line":5},"1":{"name":"(anonymous_1)","decl":{"start":{"line":12,"column":4},"end":{"line":12,"column":5}},"loc":{"start":{"line":12,"column":29},"end":{"line":15,"column":5}},"line":12}},"branchMap":{},"s":{"0":7,"1":7,"2":7,"3":7,"4":7},"f":{"0":7,"1":7},"b":{},"_coverageSchema":"1a1c01bbd47fc00a2c39e90264f33305004495a9","hash":"c7393f7146da599af9ad44ae8df56dea9a4c53d1"}
,"E:\\Faisal\\Tugas Hacktiv8\\Phase3\\final-project\\pelit-server\\models\\user.js": {"path":"E:\\Faisal\\Tugas Hacktiv8\\Phase3\\final-project\\pelit-server\\models\\user.js","statementMap":{"0":{"start":{"line":2,"column":25},"end":{"line":2,"column":61}},"1":{"start":{"line":4,"column":18},"end":{"line":4,"column":38}},"2":{"start":{"line":5,"column":0},"end":{"line":85,"column":2}},"3":{"start":{"line":14,"column":6},"end":{"line":14,"column":67}},"4":{"start":{"line":15,"column":6},"end":{"line":15,"column":65}},"5":{"start":{"line":16,"column":6},"end":{"line":16,"column":60}},"6":{"start":{"line":17,"column":6},"end":{"line":17,"column":65}},"7":{"start":{"line":20,"column":2},"end":{"line":76,"column":4}},"8":{"start":{"line":51,"column":12},"end":{"line":53,"column":13}},"9":{"start":{"line":52,"column":14},"end":{"line":52,"column":73}},"10":{"start":{"line":78,"column":2},"end":{"line":80,"column":5}},"11":{"start":{"line":79,"column":4},"end":{"line":79,"column":48}},"12":{"start":{"line":81,"column":2},"end":{"line":83,"column":5}},"13":{"start":{"line":82,"column":4},"end":{"line":82,"column":48}},"14":{"start":{"line":84,"column":2},"end":{"line":84,"column":14}}},"fnMap":{"0":{"name":"(anonymous_0)","decl":{"start":{"line":5,"column":17},"end":{"line":5,"column":18}},"loc":{"start":{"line":5,"column":43},"end":{"line":85,"column":1}},"line":5},"1":{"name":"(anonymous_1)","decl":{"start":{"line":12,"column":4},"end":{"line":12,"column":5}},"loc":{"start":{"line":12,"column":29},"end":{"line":18,"column":5}},"line":12},"2":{"name":"(anonymous_2)","decl":{"start":{"line":50,"column":10},"end":{"line":50,"column":11}},"loc":{"start":{"line":50,"column":29},"end":{"line":54,"column":11}},"line":50},"3":{"name":"(anonymous_3)","decl":{"start":{"line":78,"column":20},"end":{"line":78,"column":21}},"loc":{"start":{"line":78,"column":30},"end":{"line":80,"column":3}},"line":78},"4":{"name":"(anonymous_4)","decl":{"start":{"line":81,"column":20},"end":{"line":81,"column":21}},"loc":{"start":{"line":81,"column":30},"end":{"line":83,"column":3}},"line":81}},"branchMap":{"0":{"loc":{"start":{"line":51,"column":12},"end":{"line":53,"column":13}},"type":"if","locations":[{"start":{"line":51,"column":12},"end":{"line":53,"column":13}},{"start":{"line":51,"column":12},"end":{"line":53,"column":13}}],"line":51}},"s":{"0":7,"1":7,"2":7,"3":7,"4":7,"5":7,"6":7,"7":7,"8":16,"9":1,"10":7,"11":7,"12":7,"13":2,"14":7},"f":{"0":7,"1":7,"2":16,"3":7,"4":2},"b":{"0":[1,15]},"_coverageSchema":"1a1c01bbd47fc00a2c39e90264f33305004495a9","hash":"7b2b8d7f40e4224d74814cd2fd12f7b1652b2d5e"}
,"E:\\Faisal\\Tugas Hacktiv8\\Phase3\\final-project\\pelit-server\\routes\\achievement.js": {"path":"E:\\Faisal\\Tugas Hacktiv8\\Phase3\\final-project\\pelit-server\\routes\\achievement.js","statementMap":{"0":{"start":{"line":1,"column":16},"end":{"line":1,"column":35}},"1":{"start":{"line":2,"column":15},"end":{"line":2,"column":31}},"2":{"start":{"line":3,"column":19},"end":{"line":3,"column":69}},"3":{"start":{"line":5,"column":0},"end":{"line":5,"column":59}},"4":{"start":{"line":7,"column":0},"end":{"line":7,"column":23}}},"fnMap":{},"branchMap":{},"s":{"0":7,"1":7,"2":7,"3":7,"4":7},"f":{},"b":{},"_coverageSchema":"1a1c01bbd47fc00a2c39e90264f33305004495a9","hash":"1448f819ae17274af01c763d694b8c02609d14a5"}
,"E:\\Faisal\\Tugas Hacktiv8\\Phase3\\final-project\\pelit-server\\routes\\badge.js": {"path":"E:\\Faisal\\Tugas Hacktiv8\\Phase3\\final-project\\pelit-server\\routes\\badge.js","statementMap":{"0":{"start":{"line":1,"column":16},"end":{"line":1,"column":35}},"1":{"start":{"line":2,"column":15},"end":{"line":2,"column":31}},"2":{"start":{"line":3,"column":19},"end":{"line":3,"column":63}},"3":{"start":{"line":5,"column":0},"end":{"line":5,"column":40}},"4":{"start":{"line":6,"column":0},"end":{"line":6,"column":48}},"5":{"start":{"line":8,"column":0},"end":{"line":8,"column":23}}},"fnMap":{},"branchMap":{},"s":{"0":7,"1":7,"2":7,"3":7,"4":7,"5":7},"f":{},"b":{},"_coverageSchema":"1a1c01bbd47fc00a2c39e90264f33305004495a9","hash":"67f9caa07aaaac2abdcddafeab61cef0fd1f6e88"}
,"E:\\Faisal\\Tugas Hacktiv8\\Phase3\\final-project\\pelit-server\\routes\\index.js": {"path":"E:\\Faisal\\Tugas Hacktiv8\\Phase3\\final-project\\pelit-server\\routes\\index.js","statementMap":{"0":{"start":{"line":1,"column":16},"end":{"line":1,"column":34}},"1":{"start":{"line":2,"column":15},"end":{"line":2,"column":31}},"2":{"start":{"line":6,"column":11},"end":{"line":6,"column":37}},"3":{"start":{"line":7,"column":19},"end":{"line":7,"column":47}},"4":{"start":{"line":8,"column":13},"end":{"line":8,"column":35}},"5":{"start":{"line":9,"column":12},"end":{"line":9,"column":28}},"6":{"start":{"line":10,"column":12},"end":{"line":10,"column":30}},"7":{"start":{"line":11,"column":18},"end":{"line":11,"column":42}},"8":{"start":{"line":12,"column":18},"end":{"line":12,"column":42}},"9":{"start":{"line":13,"column":21},"end":{"line":13,"column":48}},"10":{"start":{"line":16,"column":0},"end":{"line":16,"column":26}},"11":{"start":{"line":17,"column":0},"end":{"line":17,"column":34}},"12":{"start":{"line":18,"column":0},"end":{"line":18,"column":24}},"13":{"start":{"line":19,"column":0},"end":{"line":19,"column":40}},"14":{"start":{"line":20,"column":0},"end":{"line":20,"column":42}},"15":{"start":{"line":21,"column":0},"end":{"line":21,"column":30}},"16":{"start":{"line":22,"column":0},"end":{"line":22,"column":28}},"17":{"start":{"line":23,"column":0},"end":{"line":23,"column":40}},"18":{"start":{"line":25,"column":0},"end":{"line":25,"column":24}}},"fnMap":{},"branchMap":{},"s":{"0":7,"1":7,"2":7,"3":7,"4":7,"5":7,"6":7,"7":7,"8":7,"9":7,"10":7,"11":7,"12":7,"13":7,"14":7,"15":7,"16":7,"17":7,"18":7},"f":{},"b":{},"_coverageSchema":"1a1c01bbd47fc00a2c39e90264f33305004495a9","hash":"aa95f87d84fd2a28199f61b1702bbd0b0c8caca1"}
,"E:\\Faisal\\Tugas Hacktiv8\\Phase3\\final-project\\pelit-server\\routes\\loginRouter.js": {"path":"E:\\Faisal\\Tugas Hacktiv8\\Phase3\\final-project\\pelit-server\\routes\\loginRouter.js","statementMap":{"0":{"start":{"line":1,"column":24},"end":{"line":1,"column":65}},"1":{"start":{"line":2,"column":15},"end":{"line":2,"column":42}},"2":{"start":{"line":4,"column":0},"end":{"line":4,"column":44}},"3":{"start":{"line":6,"column":0},"end":{"line":6,"column":24}}},"fnMap":{},"branchMap":{},"s":{"0":7,"1":7,"2":7,"3":7},"f":{},"b":{},"_coverageSchema":"1a1c01bbd47fc00a2c39e90264f33305004495a9","hash":"17a890b9283cf98a05790e87b136ca354bcfd938"}
,"E:\\Faisal\\Tugas Hacktiv8\\Phase3\\final-project\\pelit-server\\routes\\ocr.js": {"path":"E:\\Faisal\\Tugas Hacktiv8\\Phase3\\final-project\\pelit-server\\routes\\ocr.js","statementMap":{"0":{"start":{"line":1,"column":16},"end":{"line":1,"column":35}},"1":{"start":{"line":2,"column":15},"end":{"line":2,"column":31}},"2":{"start":{"line":3,"column":22},"end":{"line":3,"column":61}},"3":{"start":{"line":5,"column":0},"end":{"line":5,"column":39}},"4":{"start":{"line":7,"column":0},"end":{"line":7,"column":23}}},"fnMap":{},"branchMap":{},"s":{"0":7,"1":7,"2":7,"3":7,"4":7},"f":{},"b":{},"_coverageSchema":"1a1c01bbd47fc00a2c39e90264f33305004495a9","hash":"0670b58073e0c64efccc8805202dde12b50d0ef0"}
,"E:\\Faisal\\Tugas Hacktiv8\\Phase3\\final-project\\pelit-server\\routes\\registerRouter.js": {"path":"E:\\Faisal\\Tugas Hacktiv8\\Phase3\\final-project\\pelit-server\\routes\\registerRouter.js","statementMap":{"0":{"start":{"line":1,"column":19},"end":{"line":1,"column":64}},"1":{"start":{"line":2,"column":15},"end":{"line":2,"column":42}},"2":{"start":{"line":4,"column":0},"end":{"line":4,"column":42}},"3":{"start":{"line":6,"column":0},"end":{"line":6,"column":24}}},"fnMap":{},"branchMap":{},"s":{"0":7,"1":7,"2":7,"3":7},"f":{},"b":{},"_coverageSchema":"1a1c01bbd47fc00a2c39e90264f33305004495a9","hash":"a9209f13260b746ffa60ef2480e3329389f16130"}
,"E:\\Faisal\\Tugas Hacktiv8\\Phase3\\final-project\\pelit-server\\routes\\target.js": {"path":"E:\\Faisal\\Tugas Hacktiv8\\Phase3\\final-project\\pelit-server\\routes\\target.js","statementMap":{"0":{"start":{"line":1,"column":16},"end":{"line":1,"column":35}},"1":{"start":{"line":2,"column":15},"end":{"line":2,"column":31}},"2":{"start":{"line":3,"column":19},"end":{"line":3,"column":64}},"3":{"start":{"line":5,"column":0},"end":{"line":5,"column":63}},"4":{"start":{"line":6,"column":0},"end":{"line":6,"column":64}},"5":{"start":{"line":7,"column":0},"end":{"line":7,"column":72}},"6":{"start":{"line":9,"column":0},"end":{"line":9,"column":54}},"7":{"start":{"line":10,"column":0},"end":{"line":10,"column":55}},"8":{"start":{"line":13,"column":0},"end":{"line":13,"column":23}}},"fnMap":{},"branchMap":{},"s":{"0":7,"1":7,"2":7,"3":7,"4":7,"5":7,"6":7,"7":7,"8":7},"f":{},"b":{},"_coverageSchema":"1a1c01bbd47fc00a2c39e90264f33305004495a9","hash":"f2da1a42e5ada99bb7f2dda9db671578f4b74585"}
,"E:\\Faisal\\Tugas Hacktiv8\\Phase3\\final-project\\pelit-server\\routes\\transactions.js": {"path":"E:\\Faisal\\Tugas Hacktiv8\\Phase3\\final-project\\pelit-server\\routes\\transactions.js","statementMap":{"0":{"start":{"line":1,"column":16},"end":{"line":1,"column":34}},"1":{"start":{"line":2,"column":20},"end":{"line":2,"column":58}},"2":{"start":{"line":3,"column":15},"end":{"line":3,"column":31}},"3":{"start":{"line":4,"column":17},"end":{"line":4,"column":51}},"4":{"start":{"line":6,"column":15},"end":{"line":6,"column":32}},"5":{"start":{"line":7,"column":15},"end":{"line":7,"column":23}},"6":{"start":{"line":12,"column":0},"end":{"line":12,"column":76}},"7":{"start":{"line":13,"column":0},"end":{"line":13,"column":68}},"8":{"start":{"line":16,"column":0},"end":{"line":16,"column":70}},"9":{"start":{"line":19,"column":0},"end":{"line":22,"column":2}},"10":{"start":{"line":23,"column":0},"end":{"line":26,"column":2}},"11":{"start":{"line":29,"column":0},"end":{"line":29,"column":52}},"12":{"start":{"line":30,"column":0},"end":{"line":30,"column":51}},"13":{"start":{"line":33,"column":0},"end":{"line":39,"column":2}},"14":{"start":{"line":40,"column":0},"end":{"line":40,"column":50}},"15":{"start":{"line":41,"column":0},"end":{"line":41,"column":56}},"16":{"start":{"line":43,"column":0},"end":{"line":43,"column":24}}},"fnMap":{},"branchMap":{},"s":{"0":7,"1":7,"2":7,"3":7,"4":7,"5":7,"6":7,"7":7,"8":7,"9":7,"10":7,"11":7,"12":7,"13":7,"14":7,"15":7,"16":7},"f":{},"b":{},"_coverageSchema":"1a1c01bbd47fc00a2c39e90264f33305004495a9","hash":"99131140131794066282496c7706f84fda94b3f2"}
,"E:\\Faisal\\Tugas Hacktiv8\\Phase3\\final-project\\pelit-server\\routes\\userRouter.js": {"path":"E:\\Faisal\\Tugas Hacktiv8\\Phase3\\final-project\\pelit-server\\routes\\userRouter.js","statementMap":{"0":{"start":{"line":1,"column":23},"end":{"line":1,"column":63}},"1":{"start":{"line":2,"column":15},"end":{"line":2,"column":42}},"2":{"start":{"line":4,"column":0},"end":{"line":4,"column":50}},"3":{"start":{"line":5,"column":0},"end":{"line":5,"column":66}},"4":{"start":{"line":6,"column":0},"end":{"line":6,"column":77}},"5":{"start":{"line":7,"column":0},"end":{"line":7,"column":62}},"6":{"start":{"line":8,"column":0},"end":{"line":8,"column":68}},"7":{"start":{"line":9,"column":0},"end":{"line":9,"column":69}},"8":{"start":{"line":11,"column":0},"end":{"line":11,"column":24}}},"fnMap":{},"branchMap":{},"s":{"0":7,"1":7,"2":7,"3":7,"4":7,"5":7,"6":7,"7":7,"8":7},"f":{},"b":{},"_coverageSchema":"1a1c01bbd47fc00a2c39e90264f33305004495a9","hash":"738dff910ee71a712a9c2865a5f0ec5edbc343fa"}
}
