TN:
SF:app.js
FN:19,(anonymous_0)
FNF:1
FNH:1
FNDA:1,(anonymous_0)
DA:1,8
DA:2,8
DA:5,8
DA:6,8
DA:7,8
DA:8,8
DA:9,8
DA:10,8
DA:12,8
DA:14,8
DA:15,8
DA:16,8
DA:17,8
DA:19,8
DA:20,1
DA:27,8
LF:16
LH:16
BRDA:1,0,0,8
BRDA:1,0,1,0
BRDA:8,1,0,8
BRDA:8,1,1,8
BRF:4
BRH:3
end_of_record
TN:
SF:OCR\index.js
FN:4,(anonymous_0)
FNF:1
FNH:0
FNDA:0,(anonymous_0)
DA:1,8
DA:2,8
DA:4,8
DA:5,0
DA:6,0
DA:7,0
DA:8,0
DA:10,0
LF:8
LH:3
BRDA:7,0,0,0
BRDA:7,0,1,0
BRF:2
BRH:0
end_of_record
TN:
SF:OCR\parser.js
FN:85,(anonymous_0)
FN:93,(anonymous_1)
FN:132,(anonymous_2)
FNF:3
FNH:0
FNDA:0,(anonymous_0)
FNDA:0,(anonymous_1)
FNDA:0,(anonymous_2)
DA:42,8
DA:85,8
DA:89,0
DA:93,0
DA:94,0
DA:95,0
DA:96,0
DA:98,0
DA:106,0
DA:109,0
DA:112,0
DA:114,0
DA:115,0
DA:116,0
DA:117,0
DA:118,0
DA:119,0
DA:120,0
DA:121,0
DA:123,0
DA:124,0
DA:125,0
DA:126,0
DA:127,0
DA:131,0
DA:132,0
DA:133,0
DA:134,0
DA:137,0
DA:142,0
DA:154,8
LF:31
LH:3
BRDA:89,0,0,0
BRDA:89,0,1,0
BRDA:94,1,0,0
BRDA:94,1,1,0
BRDA:114,2,0,0
BRDA:114,2,1,0
BRDA:118,3,0,0
BRDA:118,3,1,0
BRDA:124,4,0,0
BRDA:124,4,1,0
BRF:10
BRH:0
end_of_record
TN:
SF:OCR\tesseract.js
FN:2,(anonymous_0)
FN:3,(anonymous_1)
FNF:2
FNH:0
FNDA:0,(anonymous_0)
FNDA:0,(anonymous_1)
DA:1,8
DA:2,8
DA:3,0
DA:4,0
DA:6,0
DA:7,0
DA:8,0
DA:9,0
DA:10,0
DA:11,0
DA:13,0
DA:15,0
DA:19,0
LF:13
LH:2
BRF:0
BRH:0
end_of_record
TN:
SF:controllers\controllerAchievement.js
FN:9,(anonymous_0)
FN:23,(anonymous_1)
FN:26,(anonymous_2)
FN:31,(anonymous_3)
FN:42,(anonymous_4)
FN:66,(anonymous_5)
FN:111,(anonymous_6)
FN:114,(anonymous_7)
FNF:8
FNH:5
FNDA:1,(anonymous_0)
FNDA:1,(anonymous_1)
FNDA:0,(anonymous_2)
FNDA:2,(anonymous_3)
FNDA:2,(anonymous_4)
FNDA:1,(anonymous_5)
FNDA:0,(anonymous_6)
FNDA:0,(anonymous_7)
DA:1,8
DA:2,8
DA:3,8
DA:4,8
DA:5,8
DA:6,8
DA:10,1
DA:11,1
DA:12,1
DA:14,1
DA:16,1
DA:17,1
DA:18,1
DA:19,1
DA:20,1
DA:22,1
DA:24,1
DA:32,2
DA:33,2
DA:35,2
DA:43,2
DA:44,1
DA:45,1
DA:49,2
DA:51,1
DA:52,1
DA:54,1
DA:56,1
DA:68,1
DA:69,1
DA:70,1
DA:72,1
DA:73,1
DA:77,1
DA:78,1
DA:81,1
DA:82,0
DA:83,1
DA:84,0
DA:85,1
DA:86,0
DA:87,1
DA:88,0
DA:90,1
DA:93,1
DA:95,1
DA:96,1
DA:97,1
DA:98,1
DA:99,1
DA:100,1
DA:102,1
DA:104,1
DA:105,1
DA:106,1
DA:107,1
DA:108,1
DA:110,1
DA:112,0
DA:113,0
DA:115,0
DA:116,0
DA:122,0
DA:125,0
DA:148,8
LF:65
LH:55
BRDA:44,0,0,1
BRDA:44,0,1,0
BRDA:81,1,0,0
BRDA:81,1,1,1
BRDA:83,2,0,0
BRDA:83,2,1,1
BRDA:85,3,0,0
BRDA:85,3,1,1
BRDA:87,4,0,0
BRDA:87,4,1,1
BRDA:96,5,0,1
BRDA:96,5,1,0
BRDA:115,6,0,0
BRDA:115,6,1,0
BRF:14
BRH:6
end_of_record
TN:
SF:controllers\controllerBadge.js
FN:4,(anonymous_0)
FN:9,(anonymous_1)
FN:12,(anonymous_2)
FN:17,(anonymous_3)
FN:26,(anonymous_4)
FN:29,(anonymous_5)
FNF:6
FNH:4
FNDA:1,(anonymous_0)
FNDA:1,(anonymous_1)
FNDA:0,(anonymous_2)
FNDA:1,(anonymous_3)
FNDA:1,(anonymous_4)
FNDA:0,(anonymous_5)
DA:1,8
DA:5,1
DA:10,1
DA:18,1
DA:20,1
DA:27,1
DA:35,8
LF:7
LH:7
BRF:0
BRH:0
end_of_record
TN:
SF:controllers\controllerTarget.js
FN:4,(anonymous_0)
FN:14,(anonymous_1)
FN:17,(anonymous_2)
FN:22,(anonymous_3)
FN:33,(anonymous_4)
FN:36,(anonymous_5)
FN:41,(anonymous_6)
FN:58,(anonymous_7)
FN:64,(anonymous_8)
FN:74,(anonymous_9)
FN:92,(anonymous_10)
FN:104,(anonymous_11)
FN:107,(anonymous_12)
FNF:13
FNH:9
FNDA:1,(anonymous_0)
FNDA:1,(anonymous_1)
FNDA:0,(anonymous_2)
FNDA:1,(anonymous_3)
FNDA:1,(anonymous_4)
FNDA:0,(anonymous_5)
FNDA:2,(anonymous_6)
FNDA:2,(anonymous_7)
FNDA:1,(anonymous_8)
FNDA:0,(anonymous_9)
FNDA:1,(anonymous_10)
FNDA:1,(anonymous_11)
FNDA:0,(anonymous_12)
DA:1,8
DA:5,1
DA:7,1
DA:15,1
DA:23,1
DA:25,1
DA:34,1
DA:42,2
DA:44,2
DA:45,2
DA:46,2
DA:47,2
DA:48,2
DA:49,2
DA:51,2
DA:59,2
DA:60,1
DA:64,1
DA:65,1
DA:93,1
DA:95,1
DA:105,1
DA:129,8
LF:23
LH:23
BRDA:59,0,0,1
BRDA:59,0,1,1
BRF:2
BRH:2
end_of_record
TN:
SF:controllers\loginController.js
FN:6,(anonymous_0)
FN:14,(anonymous_1)
FN:55,(anonymous_2)
FNF:3
FNH:2
FNDA:3,(anonymous_0)
FNDA:3,(anonymous_1)
FNDA:0,(anonymous_2)
DA:1,8
DA:2,8
DA:3,8
DA:7,3
DA:8,3
DA:15,3
DA:16,2
DA:17,1
DA:21,1
DA:22,1
DA:23,1
DA:24,0
DA:25,0
DA:27,0
DA:30,1
DA:49,1
DA:52,1
DA:61,8
LF:18
LH:15
BRDA:15,0,0,2
BRDA:15,0,1,1
BRDA:16,1,0,1
BRDA:16,1,1,1
BRDA:24,2,0,0
BRDA:24,2,1,0
BRF:6
BRH:4
end_of_record
TN:
SF:controllers\ocrController.js
FN:4,(anonymous_0)
FN:15,(anonymous_1)
FN:19,(anonymous_2)
FNF:3
FNH:0
FNDA:0,(anonymous_0)
FNDA:0,(anonymous_1)
FNDA:0,(anonymous_2)
DA:1,8
DA:5,0
DA:6,0
DA:12,0
DA:14,0
DA:16,0
DA:17,0
DA:20,0
DA:21,0
DA:29,8
LF:10
LH:2
BRDA:12,0,0,0
BRDA:12,0,1,0
BRF:2
BRH:0
end_of_record
TN:
SF:controllers\registerControlller.js
FN:4,(anonymous_0)
FN:14,(anonymous_1)
FN:24,(anonymous_2)
FN:30,(anonymous_3)
FNF:4
FNH:4
FNDA:8,(anonymous_0)
FNDA:1,(anonymous_1)
FNDA:7,(anonymous_2)
FNDA:10,(anonymous_3)
DA:1,8
DA:5,8
DA:6,8
DA:15,1
DA:25,7
DA:26,7
DA:30,10
DA:31,7
DA:39,8
LF:9
LH:9
BRDA:26,0,0,7
BRDA:26,0,1,0
BRDA:27,1,0,7
BRDA:27,1,1,7
BRF:4
BRH:3
end_of_record
TN:
SF:controllers\transactions.js
FN:19,(anonymous_0)
FN:27,(anonymous_1)
FN:30,(anonymous_2)
FN:35,(anonymous_3)
FN:47,(anonymous_4)
FN:48,(anonymous_5)
FN:60,(anonymous_6)
FN:65,(anonymous_7)
FN:76,(anonymous_8)
FN:80,(anonymous_9)
FN:141,(anonymous_10)
FN:146,(anonymous_11)
FN:157,(anonymous_12)
FN:160,(anonymous_13)
FN:213,(anonymous_14)
FN:218,(anonymous_15)
FN:233,(anonymous_16)
FN:235,(anonymous_17)
FN:247,(anonymous_18)
FN:252,(anonymous_19)
FN:270,(anonymous_20)
FN:272,(anonymous_21)
FN:284,(anonymous_22)
FN:289,(anonymous_23)
FN:323,(anonymous_24)
FN:374,(anonymous_25)
FN:401,(anonymous_26)
FNF:27
FNH:21
FNDA:1,(anonymous_0)
FNDA:1,(anonymous_1)
FNDA:0,(anonymous_2)
FNDA:1,(anonymous_3)
FNDA:1,(anonymous_4)
FNDA:3,(anonymous_5)
FNDA:0,(anonymous_6)
FNDA:1,(anonymous_7)
FNDA:1,(anonymous_8)
FNDA:6,(anonymous_9)
FNDA:0,(anonymous_10)
FNDA:1,(anonymous_11)
FNDA:1,(anonymous_12)
FNDA:6,(anonymous_13)
FNDA:0,(anonymous_14)
FNDA:1,(anonymous_15)
FNDA:1,(anonymous_16)
FNDA:6,(anonymous_17)
FNDA:0,(anonymous_18)
FNDA:1,(anonymous_19)
FNDA:1,(anonymous_20)
FNDA:3,(anonymous_21)
FNDA:0,(anonymous_22)
FNDA:1,(anonymous_23)
FNDA:1,(anonymous_24)
FNDA:1,(anonymous_25)
FNDA:1,(anonymous_26)
DA:1,8
DA:2,8
DA:3,8
DA:20,1
DA:22,1
DA:28,1
DA:36,1
DA:37,1
DA:38,1
DA:40,1
DA:48,1
DA:49,3
DA:50,3
DA:53,1
DA:54,1
DA:55,3
DA:58,1
DA:66,1
DA:67,1
DA:69,1
DA:77,1
DA:78,1
DA:79,1
DA:80,1
DA:81,6
DA:82,6
DA:83,5
DA:84,5
DA:85,7
DA:86,7
DA:87,4
DA:88,4
DA:89,4
DA:105,3
DA:109,1
DA:112,6
DA:113,2
DA:114,2
DA:136,6
DA:138,1
DA:139,1
DA:147,1
DA:148,1
DA:150,1
DA:158,1
DA:159,1
DA:160,1
DA:161,6
DA:162,6
DA:163,5
DA:164,5
DA:165,5
DA:166,5
DA:167,5
DA:179,0
DA:183,1
DA:186,6
DA:187,1
DA:208,6
DA:211,1
DA:219,1
DA:220,1
DA:221,1
DA:225,1
DA:234,1
DA:235,1
DA:236,6
DA:237,6
DA:240,1
DA:241,1
DA:242,6
DA:245,1
DA:253,1
DA:254,1
DA:255,1
DA:256,1
DA:260,1
DA:271,1
DA:272,1
DA:273,3
DA:274,3
DA:277,1
DA:278,1
DA:279,3
DA:282,1
DA:290,1
DA:292,1
DA:296,1
DA:297,1
DA:298,1
DA:299,1
DA:300,1
DA:301,1
DA:315,1
DA:318,1
DA:325,1
DA:327,1
DA:328,1
DA:330,1
DA:331,1
DA:334,1
DA:335,0
DA:337,1
DA:338,1
DA:340,1
DA:342,0
DA:346,1
DA:364,1
DA:365,1
DA:368,1
DA:375,1
DA:376,1
DA:377,1
DA:380,1
DA:381,0
DA:382,1
DA:385,1
DA:386,1
DA:387,1
DA:390,1
DA:392,1
DA:395,1
DA:402,1
DA:403,1
DA:404,1
DA:407,1
DA:408,0
DA:409,1
DA:416,8
LF:129
LH:124
BRDA:49,0,0,3
BRDA:49,0,1,0
BRDA:81,1,0,3
BRDA:81,1,1,3
BRDA:82,2,0,5
BRDA:82,2,1,1
BRDA:86,3,0,4
BRDA:86,3,1,3
BRDA:112,4,0,2
BRDA:112,4,1,4
BRDA:161,5,0,3
BRDA:161,5,1,3
BRDA:162,6,0,5
BRDA:162,6,1,1
BRDA:164,7,0,5
BRDA:164,7,1,0
BRDA:186,8,0,1
BRDA:186,8,1,5
BRDA:236,9,0,3
BRDA:236,9,1,3
BRDA:273,10,0,3
BRDA:273,10,1,0
BRDA:334,11,0,0
BRDA:334,11,1,1
BRDA:340,12,0,0
BRDA:340,12,1,1
BRDA:380,13,0,0
BRDA:380,13,1,1
BRDA:407,14,0,0
BRDA:407,14,1,1
BRF:30
BRH:23
end_of_record
TN:
SF:controllers\userController.js
FN:5,(anonymous_0)
FN:11,(anonymous_1)
FN:46,(anonymous_2)
FN:51,(anonymous_3)
FN:55,(anonymous_4)
FN:61,(anonymous_5)
FN:66,(anonymous_6)
FN:70,(anonymous_7)
FN:76,(anonymous_8)
FN:81,(anonymous_9)
FN:85,(anonymous_10)
FN:91,(anonymous_11)
FN:96,(anonymous_12)
FN:100,(anonymous_13)
FN:105,(anonymous_14)
FN:110,(anonymous_15)
FN:114,(anonymous_16)
FN:120,(anonymous_17)
FN:125,(anonymous_18)
FN:129,(anonymous_19)
FNF:20
FNH:12
FNDA:2,(anonymous_0)
FNDA:2,(anonymous_1)
FNDA:0,(anonymous_2)
FNDA:1,(anonymous_3)
FNDA:1,(anonymous_4)
FNDA:0,(anonymous_5)
FNDA:1,(anonymous_6)
FNDA:1,(anonymous_7)
FNDA:0,(anonymous_8)
FNDA:1,(anonymous_9)
FNDA:1,(anonymous_10)
FNDA:0,(anonymous_11)
FNDA:1,(anonymous_12)
FNDA:1,(anonymous_13)
FNDA:0,(anonymous_14)
FNDA:2,(anonymous_15)
FNDA:2,(anonymous_16)
FNDA:0,(anonymous_17)
FNDA:0,(anonymous_18)
FNDA:0,(anonymous_19)
DA:1,8
DA:2,8
DA:6,2
DA:7,2
DA:12,2
DA:13,1
DA:14,1
DA:15,1
DA:16,2
DA:17,1
DA:19,1
DA:23,1
DA:41,1
DA:43,1
DA:52,1
DA:53,1
DA:54,1
DA:56,1
DA:67,1
DA:68,1
DA:69,1
DA:71,1
DA:82,1
DA:83,1
DA:84,1
DA:86,1
DA:97,1
DA:98,1
DA:99,1
DA:101,1
DA:111,2
DA:112,2
DA:113,2
DA:115,2
DA:126,0
DA:127,0
DA:128,0
DA:130,0
DA:137,8
LF:39
LH:35
BRDA:12,0,0,1
BRDA:12,0,1,1
BRDA:16,1,0,1
BRDA:16,1,1,1
BRF:4
BRH:4
end_of_record
TN:
SF:helpers\dateParser.js
FN:1,randomDate
FN:5,sqlDateFormat
FN:9,localeDateString
FN:13,thirtyDaysFromNow
FN:17,randomIntFromInterval
FNF:5
FNH:4
FNDA:13,randomDate
FNDA:23,sqlDateFormat
FNDA:0,localeDateString
FNDA:13,thirtyDaysFromNow
FNDA:13,randomIntFromInterval
DA:2,13
DA:6,23
DA:10,0
DA:14,13
DA:18,13
DA:23,6
LF:6
LH:5
BRF:0
BRH:0
end_of_record
TN:
SF:helpers\jsonWebToken.js
FN:3,generateJWT
FN:6,validateJWT
FNF:2
FNH:1
FNDA:1,generateJWT
FNDA:0,validateJWT
DA:1,8
DA:4,1
DA:10,8
LF:3
LH:3
BRF:0
BRH:0
end_of_record
TN:
SF:helpers\passwordBcrypt.js
FN:4,passwordHash
FN:8,comparePassword
FNF:2
FNH:2
FNDA:11,passwordHash
FNDA:2,comparePassword
DA:1,8
DA:2,8
DA:5,11
DA:9,2
DA:12,8
LF:5
LH:5
BRF:0
BRH:0
end_of_record
TN:
SF:middlewares\imageKit.js
FN:5,imageKit
FN:39,(anonymous_1)
FN:43,(anonymous_2)
FNF:3
FNH:1
FNDA:1,imageKit
FNDA:0,(anonymous_1)
FNDA:0,(anonymous_2)
DA:1,8
DA:2,8
DA:3,8
DA:6,1
DA:23,0
DA:26,0
DA:27,0
DA:28,0
DA:30,0
DA:40,0
DA:41,0
DA:44,0
DA:45,0
DA:48,1
DA:52,8
LF:15
LH:6
BRDA:6,0,0,0
BRDA:6,0,1,1
BRF:2
BRH:1
end_of_record
TN:
SF:models\achievement.js
FN:5,(anonymous_0)
FN:12,(anonymous_1)
FNF:2
FNH:2
FNDA:8,(anonymous_0)
FNDA:8,(anonymous_1)
DA:4,8
DA:5,8
DA:14,8
DA:15,8
DA:18,8
DA:34,8
LF:6
LH:6
BRF:0
BRH:0
end_of_record
TN:
SF:models\badge.js
FN:5,(anonymous_0)
FN:12,(anonymous_1)
FNF:2
FNH:2
FNDA:8,(anonymous_0)
FNDA:8,(anonymous_1)
DA:4,8
DA:5,8
DA:14,8
DA:15,8
DA:18,8
DA:26,8
LF:6
LH:6
BRF:0
BRH:0
end_of_record
TN:
SF:models\history.js
FN:5,(anonymous_0)
FN:12,(anonymous_1)
FNF:2
FNH:2
FNDA:8,(anonymous_0)
FNDA:8,(anonymous_1)
DA:4,8
DA:5,8
DA:16,8
DA:22,8
LF:4
LH:4
BRF:0
BRH:0
end_of_record
TN:
SF:models\index.js
FN:20,(anonymous_0)
FN:23,(anonymous_1)
FN:28,(anonymous_2)
FNF:3
FNH:3
FNDA:56,(anonymous_0)
FNDA:48,(anonymous_1)
FNDA:48,(anonymous_2)
DA:3,8
DA:4,8
DA:5,8
DA:6,8
DA:7,8
DA:8,8
DA:9,8
DA:12,8
DA:13,0
DA:15,8
DA:18,8
DA:21,56
DA:24,48
DA:25,48
DA:28,8
DA:29,48
DA:30,48
DA:34,8
DA:35,8
DA:37,8
LF:20
LH:19
BRDA:7,0,0,8
BRDA:7,0,1,0
BRDA:12,1,0,0
BRDA:12,1,1,8
BRDA:21,2,0,56
BRDA:21,2,1,56
BRDA:21,2,2,48
BRDA:29,3,0,48
BRDA:29,3,1,0
BRF:9
BRH:6
end_of_record
TN:
SF:models\target.js
FN:5,(anonymous_0)
FN:12,(anonymous_1)
FNF:2
FNH:2
FNDA:8,(anonymous_0)
FNDA:8,(anonymous_1)
DA:4,8
DA:5,8
DA:14,8
DA:17,8
DA:27,8
LF:5
LH:5
BRF:0
BRH:0
end_of_record
TN:
SF:models\transaction.js
FN:5,(anonymous_0)
FN:12,(anonymous_1)
FNF:2
FNH:2
FNDA:8,(anonymous_0)
FNDA:8,(anonymous_1)
DA:4,8
DA:5,8
DA:14,8
DA:17,8
DA:33,8
LF:5
LH:5
BRF:0
BRH:0
end_of_record
TN:
SF:models\user.js
FN:5,(anonymous_0)
FN:12,(anonymous_1)
FN:50,(anonymous_2)
FN:79,(anonymous_3)
FN:82,(anonymous_4)
FNF:5
FNH:5
FNDA:8,(anonymous_0)
FNDA:8,(anonymous_1)
FNDA:17,(anonymous_2)
FNDA:8,(anonymous_3)
FNDA:2,(anonymous_4)
DA:2,8
DA:4,8
DA:5,8
DA:14,8
DA:15,8
DA:16,8
DA:17,8
DA:20,8
DA:51,17
DA:52,1
DA:79,8
DA:80,8
DA:82,8
DA:83,2
DA:85,8
LF:15
LH:15
BRDA:51,0,0,1
BRDA:51,0,1,16
BRF:2
BRH:2
end_of_record
TN:
SF:routes\achievement.js
FNF:0
FNH:0
DA:1,8
DA:2,8
DA:3,8
DA:4,8
DA:6,8
DA:8,8
DA:10,8
LF:7
LH:7
BRF:0
BRH:0
end_of_record
TN:
SF:routes\badge.js
FNF:0
FNH:0
DA:1,8
DA:2,8
DA:3,8
DA:5,8
DA:6,8
DA:8,8
LF:6
LH:6
BRF:0
BRH:0
end_of_record
TN:
SF:routes\index.js
FNF:0
FNH:0
DA:1,8
DA:2,8
DA:6,8
DA:7,8
DA:8,8
DA:9,8
DA:10,8
DA:11,8
DA:12,8
DA:13,8
DA:16,8
DA:17,8
DA:18,8
DA:19,8
DA:20,8
DA:21,8
DA:22,8
DA:23,8
DA:25,8
LF:19
LH:19
BRF:0
BRH:0
end_of_record
TN:
SF:routes\loginRouter.js
FNF:0
FNH:0
DA:1,8
DA:2,8
DA:4,8
DA:6,8
LF:4
LH:4
BRF:0
BRH:0
end_of_record
TN:
SF:routes\ocr.js
FNF:0
FNH:0
DA:1,8
DA:2,8
DA:3,8
DA:6,8
DA:7,8
DA:11,8
DA:18,8
LF:7
LH:7
BRF:0
BRH:0
end_of_record
TN:
SF:routes\registerRouter.js
FNF:0
FNH:0
DA:1,8
DA:2,8
DA:4,8
DA:6,8
LF:4
LH:4
BRF:0
BRH:0
end_of_record
TN:
SF:routes\target.js
FNF:0
FNH:0
DA:1,8
DA:2,8
DA:3,8
DA:5,8
DA:6,8
DA:7,8
DA:9,8
DA:10,8
DA:13,8
LF:9
LH:9
BRF:0
BRH:0
end_of_record
TN:
SF:routes\transactions.js
FNF:0
FNH:0
DA:1,8
DA:2,8
DA:3,8
DA:4,8
DA:6,8
DA:7,8
DA:12,8
DA:13,8
DA:16,8
DA:19,8
DA:23,8
DA:29,8
DA:30,8
DA:33,8
DA:39,8
DA:40,8
DA:42,8
LF:17
LH:17
BRF:0
BRH:0
end_of_record
TN:
SF:routes\userRouter.js
FNF:0
FNH:0
DA:1,8
DA:2,8
DA:4,8
DA:5,8
DA:6,8
DA:7,8
DA:8,8
DA:9,8
DA:10,8
DA:12,8
LF:10
LH:10
BRF:0
BRH:0
end_of_record
