TN:
SF:app.js
FNF:0
FNH:0
DA:1,7
DA:2,7
DA:5,7
DA:6,7
DA:7,7
DA:8,7
DA:9,7
DA:11,7
DA:12,7
DA:13,7
DA:14,7
DA:16,7
LF:12
LH:12
BRDA:1,0,0,7
BRDA:1,0,1,0
BRDA:8,1,0,7
BRDA:8,1,1,7
BRF:4
BRH:3
end_of_record
TN:
SF:OCR\index.js
FN:4,(anonymous_0)
FNF:1
FNH:0
FNDA:0,(anonymous_0)
DA:1,7
DA:2,7
DA:4,7
DA:5,0
DA:6,0
DA:7,0
DA:8,0
DA:10,0
LF:8
LH:3
BRDA:7,0,0,0
BRDA:7,0,1,0
BRF:2
BRH:0
end_of_record
TN:
SF:OCR\parser.js
FN:85,(anonymous_0)
FN:93,(anonymous_1)
FN:132,(anonymous_2)
FNF:3
FNH:0
FNDA:0,(anonymous_0)
FNDA:0,(anonymous_1)
FNDA:0,(anonymous_2)
DA:42,7
DA:85,7
DA:89,0
DA:93,0
DA:94,0
DA:95,0
DA:96,0
DA:98,0
DA:106,0
DA:109,0
DA:112,0
DA:114,0
DA:115,0
DA:116,0
DA:117,0
DA:118,0
DA:119,0
DA:120,0
DA:121,0
DA:123,0
DA:124,0
DA:125,0
DA:126,0
DA:127,0
DA:131,0
DA:132,0
DA:133,0
DA:134,0
DA:137,0
DA:142,0
DA:154,7
LF:31
LH:3
BRDA:89,0,0,0
BRDA:89,0,1,0
BRDA:94,1,0,0
BRDA:94,1,1,0
BRDA:114,2,0,0
BRDA:114,2,1,0
BRDA:118,3,0,0
BRDA:118,3,1,0
BRDA:124,4,0,0
BRDA:124,4,1,0
BRF:10
BRH:0
end_of_record
TN:
SF:OCR\tesseract.js
FN:2,(anonymous_0)
FN:3,(anonymous_1)
FNF:2
FNH:0
FNDA:0,(anonymous_0)
FNDA:0,(anonymous_1)
DA:1,7
DA:2,7
DA:3,0
DA:4,0
DA:6,0
DA:7,0
DA:8,0
DA:9,0
DA:10,0
DA:11,0
DA:13,0
DA:15,0
DA:19,0
LF:13
LH:2
BRF:0
BRH:0
end_of_record
TN:
SF:controllers\controllerAchievement.js
FN:4,(anonymous_0)
FN:18,(anonymous_1)
FN:21,(anonymous_2)
FNF:3
FNH:2
FNDA:1,(anonymous_0)
FNDA:1,(anonymous_1)
FNDA:0,(anonymous_2)
DA:1,7
DA:5,1
DA:6,1
DA:7,1
DA:9,1
DA:11,1
DA:12,1
DA:13,1
DA:14,1
DA:15,1
DA:17,1
DA:19,1
DA:22,0
DA:27,7
LF:14
LH:13
BRF:0
BRH:0
end_of_record
TN:
SF:controllers\controllerBadge.js
FN:4,(anonymous_0)
FN:9,(anonymous_1)
FN:12,(anonymous_2)
FN:17,(anonymous_3)
FN:26,(anonymous_4)
FN:29,(anonymous_5)
FNF:6
FNH:4
FNDA:1,(anonymous_0)
FNDA:1,(anonymous_1)
FNDA:0,(anonymous_2)
FNDA:1,(anonymous_3)
FNDA:1,(anonymous_4)
FNDA:0,(anonymous_5)
DA:1,7
DA:5,1
DA:10,1
DA:13,0
DA:18,1
DA:20,1
DA:27,1
DA:30,0
DA:35,7
LF:9
LH:7
BRF:0
BRH:0
end_of_record
TN:
SF:controllers\controllerTarget.js
FN:4,(anonymous_0)
FN:14,(anonymous_1)
FN:17,(anonymous_2)
FN:22,(anonymous_3)
FN:33,(anonymous_4)
FN:36,(anonymous_5)
FN:41,(anonymous_6)
FN:59,(anonymous_7)
FN:64,(anonymous_8)
FN:67,(anonymous_9)
FN:74,(anonymous_10)
FN:90,(anonymous_11)
FN:93,(anonymous_12)
FN:98,(anonymous_13)
FN:107,(anonymous_14)
FN:110,(anonymous_15)
FN:115,(anonymous_16)
FN:123,(anonymous_17)
FN:126,(anonymous_18)
FNF:19
FNH:9
FNDA:1,(anonymous_0)
FNDA:1,(anonymous_1)
FNDA:0,(anonymous_2)
FNDA:1,(anonymous_3)
FNDA:1,(anonymous_4)
FNDA:0,(anonymous_5)
FNDA:2,(anonymous_6)
FNDA:2,(anonymous_7)
FNDA:1,(anonymous_8)
FNDA:0,(anonymous_9)
FNDA:0,(anonymous_10)
FNDA:0,(anonymous_11)
FNDA:0,(anonymous_12)
FNDA:1,(anonymous_13)
FNDA:1,(anonymous_14)
FNDA:0,(anonymous_15)
FNDA:0,(anonymous_16)
FNDA:0,(anonymous_17)
FNDA:0,(anonymous_18)
DA:1,7
DA:5,1
DA:7,1
DA:15,1
DA:18,0
DA:23,1
DA:25,1
DA:34,1
DA:37,0
DA:42,2
DA:44,2
DA:45,2
DA:46,2
DA:47,2
DA:48,2
DA:49,2
DA:51,2
DA:60,2
DA:61,1
DA:63,1
DA:65,1
DA:68,0
DA:75,0
DA:77,0
DA:78,0
DA:79,0
DA:80,0
DA:81,0
DA:82,0
DA:84,0
DA:91,0
DA:94,0
DA:99,1
DA:101,1
DA:108,1
DA:111,0
DA:116,0
DA:118,0
DA:124,0
DA:127,0
DA:132,7
LF:41
LH:23
BRDA:60,0,0,1
BRDA:60,0,1,1
BRF:2
BRH:2
end_of_record
TN:
SF:controllers\loginController.js
FN:6,(anonymous_0)
FN:14,(anonymous_1)
FN:55,(anonymous_2)
FNF:3
FNH:2
FNDA:3,(anonymous_0)
FNDA:3,(anonymous_1)
FNDA:0,(anonymous_2)
DA:1,7
DA:2,7
DA:3,7
DA:7,3
DA:8,3
DA:15,3
DA:16,3
DA:17,1
DA:21,1
DA:22,1
DA:23,1
DA:24,0
DA:25,0
DA:27,0
DA:30,1
DA:49,2
DA:52,0
DA:56,0
DA:57,0
DA:62,7
LF:20
LH:14
BRDA:15,0,0,3
BRDA:15,0,1,0
BRDA:16,1,0,1
BRDA:16,1,1,2
BRDA:24,2,0,0
BRDA:24,2,1,0
BRF:6
BRH:3
end_of_record
TN:
SF:controllers\ocrController.js
FN:4,(anonymous_0)
FN:11,(anonymous_1)
FN:14,(anonymous_2)
FNF:3
FNH:0
FNDA:0,(anonymous_0)
FNDA:0,(anonymous_1)
FNDA:0,(anonymous_2)
DA:1,7
DA:5,0
DA:6,0
DA:8,0
DA:10,0
DA:12,0
DA:15,0
DA:16,0
DA:24,7
LF:9
LH:2
BRDA:8,0,0,0
BRDA:8,0,1,0
BRF:2
BRH:0
end_of_record
TN:
SF:controllers\registerControlller.js
FN:4,(anonymous_0)
FN:14,(anonymous_1)
FN:24,(anonymous_2)
FN:30,(anonymous_3)
FNF:4
FNH:4
FNDA:8,(anonymous_0)
FNDA:1,(anonymous_1)
FNDA:7,(anonymous_2)
FNDA:10,(anonymous_3)
DA:1,7
DA:5,8
DA:6,8
DA:15,1
DA:25,7
DA:26,7
DA:30,10
DA:31,7
DA:33,0
DA:39,7
LF:10
LH:9
BRDA:26,0,0,7
BRDA:26,0,1,0
BRDA:27,1,0,7
BRDA:27,1,1,7
BRF:4
BRH:3
end_of_record
TN:
SF:controllers\transactions.js
FN:6,(anonymous_0)
FN:20,(anonymous_1)
FN:28,(anonymous_2)
FN:31,(anonymous_3)
FN:36,(anonymous_4)
FN:48,(anonymous_5)
FN:49,(anonymous_6)
FN:61,(anonymous_7)
FN:67,(anonymous_8)
FN:78,(anonymous_9)
FN:81,(anonymous_10)
FN:130,(anonymous_11)
FN:136,(anonymous_12)
FN:147,(anonymous_13)
FN:150,(anonymous_14)
FN:199,(anonymous_15)
FN:205,(anonymous_16)
FN:220,(anonymous_17)
FN:222,(anonymous_18)
FN:238,(anonymous_19)
FN:243,(anonymous_20)
FN:260,(anonymous_21)
FN:262,(anonymous_22)
FN:278,(anonymous_23)
FN:283,(anonymous_24)
FN:318,(anonymous_25)
FN:363,(anonymous_26)
FN:388,(anonymous_27)
FNF:28
FNH:0
FNDA:0,(anonymous_0)
FNDA:0,(anonymous_1)
FNDA:0,(anonymous_2)
FNDA:0,(anonymous_3)
FNDA:0,(anonymous_4)
FNDA:0,(anonymous_5)
FNDA:0,(anonymous_6)
FNDA:0,(anonymous_7)
FNDA:0,(anonymous_8)
FNDA:0,(anonymous_9)
FNDA:0,(anonymous_10)
FNDA:0,(anonymous_11)
FNDA:0,(anonymous_12)
FNDA:0,(anonymous_13)
FNDA:0,(anonymous_14)
FNDA:0,(anonymous_15)
FNDA:0,(anonymous_16)
FNDA:0,(anonymous_17)
FNDA:0,(anonymous_18)
FNDA:0,(anonymous_19)
FNDA:0,(anonymous_20)
FNDA:0,(anonymous_21)
FNDA:0,(anonymous_22)
FNDA:0,(anonymous_23)
FNDA:0,(anonymous_24)
FNDA:0,(anonymous_25)
FNDA:0,(anonymous_26)
FNDA:0,(anonymous_27)
DA:1,7
DA:2,7
DA:3,7
DA:7,0
DA:8,0
DA:10,0
DA:11,0
DA:14,0
DA:16,0
DA:21,0
DA:23,0
DA:29,0
DA:32,0
DA:37,0
DA:38,0
DA:39,0
DA:41,0
DA:49,0
DA:50,0
DA:51,0
DA:54,0
DA:55,0
DA:56,0
DA:59,0
DA:62,0
DA:68,0
DA:69,0
DA:71,0
DA:79,0
DA:80,0
DA:81,0
DA:82,0
DA:83,0
DA:84,0
DA:85,0
DA:86,0
DA:87,0
DA:88,0
DA:101,0
DA:105,0
DA:108,0
DA:109,0
DA:126,0
DA:128,0
DA:131,0
DA:137,0
DA:138,0
DA:140,0
DA:148,0
DA:149,0
DA:150,0
DA:151,0
DA:152,0
DA:153,0
DA:154,0
DA:155,0
DA:156,0
DA:157,0
DA:169,0
DA:173,0
DA:176,0
DA:177,0
DA:194,0
DA:197,0
DA:200,0
DA:206,0
DA:207,0
DA:208,0
DA:212,0
DA:221,0
DA:222,0
DA:223,0
DA:224,0
DA:227,0
DA:228,0
DA:229,0
DA:230,0
DA:231,0
DA:234,0
DA:239,0
DA:244,0
DA:245,0
DA:246,0
DA:247,0
DA:251,0
DA:261,0
DA:262,0
DA:263,0
DA:264,0
DA:267,0
DA:268,0
DA:269,0
DA:270,0
DA:271,0
DA:274,0
DA:279,0
DA:284,0
DA:286,0
DA:290,0
DA:291,0
DA:292,0
DA:293,0
DA:294,0
DA:295,0
DA:309,0
DA:312,0
DA:314,0
DA:315,0
DA:319,0
DA:320,0
DA:321,0
DA:322,0
DA:323,0
DA:324,0
DA:325,0
DA:327,0
DA:329,0
DA:330,0
DA:331,0
DA:335,0
DA:353,0
DA:354,0
DA:357,0
DA:359,0
DA:360,0
DA:364,0
DA:365,0
DA:366,0
DA:367,0
DA:368,0
DA:369,0
DA:372,0
DA:373,0
DA:374,0
DA:377,0
DA:379,0
DA:382,0
DA:384,0
DA:385,0
DA:389,0
DA:390,0
DA:391,0
DA:392,0
DA:393,0
DA:395,0
DA:396,0
DA:401,7
LF:147
LH:4
BRDA:50,0,0,0
BRDA:50,0,1,0
BRDA:82,1,0,0
BRDA:82,1,1,0
BRDA:83,2,0,0
BRDA:83,2,1,0
BRDA:85,3,0,0
BRDA:85,3,1,0
BRDA:108,4,0,0
BRDA:108,4,1,0
BRDA:151,5,0,0
BRDA:151,5,1,0
BRDA:152,6,0,0
BRDA:152,6,1,0
BRDA:154,7,0,0
BRDA:154,7,1,0
BRDA:176,8,0,0
BRDA:176,8,1,0
BRDA:223,9,0,0
BRDA:223,9,1,0
BRDA:263,10,0,0
BRDA:263,10,1,0
BRDA:324,11,0,0
BRDA:324,11,1,0
BRDA:327,12,0,0
BRDA:327,12,1,0
BRDA:367,13,0,0
BRDA:367,13,1,0
BRDA:392,14,0,0
BRDA:392,14,1,0
BRF:30
BRH:0
end_of_record
TN:
SF:controllers\userController.js
FN:5,(anonymous_0)
FN:11,(anonymous_1)
FN:45,(anonymous_2)
FN:50,(anonymous_3)
FN:54,(anonymous_4)
FN:60,(anonymous_5)
FN:65,(anonymous_6)
FN:69,(anonymous_7)
FN:75,(anonymous_8)
FN:80,(anonymous_9)
FN:84,(anonymous_10)
FN:90,(anonymous_11)
FN:95,(anonymous_12)
FN:99,(anonymous_13)
FN:104,(anonymous_14)
FN:109,(anonymous_15)
FN:113,(anonymous_16)
FN:119,(anonymous_17)
FNF:18
FNH:12
FNDA:1,(anonymous_0)
FNDA:1,(anonymous_1)
FNDA:0,(anonymous_2)
FNDA:1,(anonymous_3)
FNDA:1,(anonymous_4)
FNDA:0,(anonymous_5)
FNDA:1,(anonymous_6)
FNDA:1,(anonymous_7)
FNDA:0,(anonymous_8)
FNDA:1,(anonymous_9)
FNDA:1,(anonymous_10)
FNDA:0,(anonymous_11)
FNDA:1,(anonymous_12)
FNDA:1,(anonymous_13)
FNDA:0,(anonymous_14)
FNDA:1,(anonymous_15)
FNDA:1,(anonymous_16)
FNDA:0,(anonymous_17)
DA:1,7
DA:2,7
DA:6,1
DA:7,1
DA:12,1
DA:13,1
DA:14,1
DA:15,1
DA:16,0
DA:17,0
DA:19,0
DA:23,1
DA:40,1
DA:42,0
DA:46,0
DA:51,1
DA:52,1
DA:53,1
DA:55,1
DA:61,0
DA:66,1
DA:67,1
DA:68,1
DA:70,1
DA:76,0
DA:81,1
DA:82,1
DA:83,1
DA:85,1
DA:91,0
DA:96,1
DA:97,1
DA:98,1
DA:100,1
DA:105,0
DA:110,1
DA:111,1
DA:112,1
DA:114,1
DA:120,0
DA:125,7
LF:41
LH:31
BRDA:12,0,0,1
BRDA:12,0,1,0
BRDA:16,1,0,0
BRDA:16,1,1,0
BRF:4
BRH:1
end_of_record
TN:
SF:helpers\dateParser.js
FN:1,randomDate
FN:5,sqlDateFormat
FN:9,localeDateString
FN:13,thirtyDaysFromNow
FN:17,randomIntFromInterval
FNF:5
FNH:4
FNDA:13,randomDate
FNDA:23,sqlDateFormat
FNDA:0,localeDateString
FNDA:13,thirtyDaysFromNow
FNDA:13,randomIntFromInterval
DA:2,13
DA:6,23
DA:10,0
DA:14,13
DA:18,13
DA:23,5
LF:6
LH:5
BRF:0
BRH:0
end_of_record
TN:
SF:helpers\jsonWebToken.js
FN:3,generateJWT
FN:6,validateJWT
FNF:2
FNH:1
FNDA:1,generateJWT
FNDA:0,validateJWT
DA:1,7
DA:4,1
DA:7,0
DA:10,7
LF:4
LH:3
BRF:0
BRH:0
end_of_record
TN:
SF:helpers\passwordBcrypt.js
FN:4,passwordHash
FN:8,comparePassword
FNF:2
FNH:2
FNDA:7,passwordHash
FNDA:3,comparePassword
DA:1,7
DA:2,7
DA:5,7
DA:9,3
DA:12,7
LF:5
LH:5
BRF:0
BRH:0
end_of_record
TN:
SF:middlewares\auth.js
FN:4,authentication
FN:10,(anonymous_1)
FN:24,(anonymous_2)
FNF:3
FNH:0
FNDA:0,authentication
FNDA:0,(anonymous_1)
FNDA:0,(anonymous_2)
DA:1,7
DA:2,7
DA:5,0
DA:6,0
DA:7,0
DA:8,0
DA:9,0
DA:11,0
DA:12,0
DA:19,0
DA:21,0
DA:25,0
DA:28,0
DA:31,0
DA:35,7
LF:15
LH:3
BRDA:6,0,0,0
BRDA:6,0,1,0
BRDA:6,1,0,0
BRDA:6,1,1,0
BRDA:11,2,0,0
BRDA:11,2,1,0
BRF:6
BRH:0
end_of_record
TN:
SF:middlewares\imageKit.js
FN:5,imageKit
FN:39,(anonymous_1)
FN:43,(anonymous_2)
FNF:3
FNH:0
FNDA:0,imageKit
FNDA:0,(anonymous_1)
FNDA:0,(anonymous_2)
DA:1,7
DA:2,7
DA:3,7
DA:6,0
DA:23,0
DA:26,0
DA:27,0
DA:28,0
DA:30,0
DA:40,0
DA:41,0
DA:44,0
DA:45,0
DA:48,0
DA:52,7
LF:15
LH:4
BRDA:6,0,0,0
BRDA:6,0,1,0
BRF:2
BRH:0
end_of_record
TN:
SF:models\achievement.js
FN:5,(anonymous_0)
FN:12,(anonymous_1)
FNF:2
FNH:2
FNDA:7,(anonymous_0)
FNDA:7,(anonymous_1)
DA:4,7
DA:5,7
DA:14,7
DA:15,7
DA:18,7
DA:34,7
LF:6
LH:6
BRF:0
BRH:0
end_of_record
TN:
SF:models\badge.js
FN:5,(anonymous_0)
FN:12,(anonymous_1)
FNF:2
FNH:2
FNDA:7,(anonymous_0)
FNDA:7,(anonymous_1)
DA:4,7
DA:5,7
DA:14,7
DA:15,7
DA:18,7
DA:26,7
LF:6
LH:6
BRF:0
BRH:0
end_of_record
TN:
SF:models\history.js
FN:5,(anonymous_0)
FN:12,(anonymous_1)
FNF:2
FNH:2
FNDA:7,(anonymous_0)
FNDA:7,(anonymous_1)
DA:4,7
DA:5,7
DA:16,7
DA:22,7
LF:4
LH:4
BRF:0
BRH:0
end_of_record
TN:
SF:models\index.js
FN:20,(anonymous_0)
FN:23,(anonymous_1)
FN:28,(anonymous_2)
FNF:3
FNH:3
FNDA:49,(anonymous_0)
FNDA:42,(anonymous_1)
FNDA:42,(anonymous_2)
DA:3,7
DA:4,7
DA:5,7
DA:6,7
DA:7,7
DA:8,7
DA:9,7
DA:12,7
DA:13,0
DA:15,7
DA:18,7
DA:21,49
DA:24,42
DA:25,42
DA:28,7
DA:29,42
DA:30,42
DA:34,7
DA:35,7
DA:37,7
LF:20
LH:19
BRDA:7,0,0,7
BRDA:7,0,1,0
BRDA:12,1,0,0
BRDA:12,1,1,7
BRDA:21,2,0,49
BRDA:21,2,1,49
BRDA:21,2,2,42
BRDA:29,3,0,42
BRDA:29,3,1,0
BRF:9
BRH:6
end_of_record
TN:
SF:models\target.js
FN:5,(anonymous_0)
FN:12,(anonymous_1)
FNF:2
FNH:2
FNDA:7,(anonymous_0)
FNDA:7,(anonymous_1)
DA:4,7
DA:5,7
DA:14,7
DA:17,7
DA:27,7
LF:5
LH:5
BRF:0
BRH:0
end_of_record
TN:
SF:models\transaction.js
FN:5,(anonymous_0)
FN:12,(anonymous_1)
FNF:2
FNH:2
FNDA:7,(anonymous_0)
FNDA:7,(anonymous_1)
DA:4,7
DA:5,7
DA:14,7
DA:17,7
DA:33,7
LF:5
LH:5
BRF:0
BRH:0
end_of_record
TN:
SF:models\user.js
FN:5,(anonymous_0)
FN:12,(anonymous_1)
FN:50,(anonymous_2)
FN:78,(anonymous_3)
FN:81,(anonymous_4)
FNF:5
FNH:4
FNDA:7,(anonymous_0)
FNDA:7,(anonymous_1)
FNDA:13,(anonymous_2)
FNDA:6,(anonymous_3)
FNDA:0,(anonymous_4)
DA:2,7
DA:4,7
DA:5,7
DA:14,7
DA:15,7
DA:16,7
DA:17,7
DA:20,7
DA:51,13
DA:52,1
DA:78,7
DA:79,6
DA:81,7
DA:82,0
DA:84,7
LF:15
LH:14
BRDA:51,0,0,1
BRDA:51,0,1,12
BRF:2
BRH:2
end_of_record
TN:
SF:routes\achievement.js
FNF:0
FNH:0
DA:1,7
DA:2,7
DA:3,7
DA:5,7
DA:7,7
LF:5
LH:5
BRF:0
BRH:0
end_of_record
TN:
SF:routes\badge.js
FNF:0
FNH:0
DA:1,7
DA:2,7
DA:3,7
DA:5,7
DA:6,7
DA:8,7
LF:6
LH:6
BRF:0
BRH:0
end_of_record
TN:
SF:routes\index.js
FNF:0
FNH:0
DA:1,7
DA:2,7
DA:3,7
DA:6,7
DA:7,7
DA:8,7
DA:9,7
DA:10,7
DA:11,7
DA:12,7
DA:13,7
DA:16,7
DA:17,7
DA:18,7
DA:19,7
DA:20,7
DA:21,7
DA:22,7
DA:23,7
DA:25,7
LF:20
LH:20
BRF:0
BRH:0
end_of_record
TN:
SF:routes\loginRouter.js
FNF:0
FNH:0
DA:1,7
DA:2,7
DA:4,7
DA:6,7
LF:4
LH:4
BRF:0
BRH:0
end_of_record
TN:
SF:routes\ocr.js
FNF:0
FNH:0
DA:1,7
DA:2,7
DA:3,7
DA:5,7
DA:7,7
LF:5
LH:5
BRF:0
BRH:0
end_of_record
TN:
SF:routes\registerRouter.js
FNF:0
FNH:0
DA:1,7
DA:2,7
DA:4,7
DA:6,7
LF:4
LH:4
BRF:0
BRH:0
end_of_record
TN:
SF:routes\target.js
FNF:0
FNH:0
DA:1,7
DA:2,7
DA:3,7
DA:5,7
DA:6,7
DA:7,7
DA:9,7
DA:10,7
DA:11,7
DA:13,7
LF:10
LH:10
BRF:0
BRH:0
end_of_record
TN:
SF:routes\transactions.js
FNF:0
FNH:0
DA:1,7
DA:2,7
DA:3,7
DA:4,7
DA:6,7
DA:7,7
DA:9,7
DA:12,7
DA:13,7
DA:16,7
DA:19,7
DA:20,7
DA:23,7
DA:24,7
DA:27,7
DA:34,7
DA:35,7
DA:37,7
LF:18
LH:18
BRF:0
BRH:0
end_of_record
TN:
SF:routes\userRouter.js
FNF:0
FNH:0
DA:1,7
DA:2,7
DA:4,7
DA:5,7
DA:6,7
DA:7,7
DA:8,7
DA:9,7
DA:11,7
LF:9
LH:9
BRF:0
BRH:0
end_of_record
